  Creating makefile for FPSGameEditor (no existing makefile)
  Parsing headers for FPSGameEditor
    Running UnrealHeaderTool "C:\Users\hunte\Documents\Unreal Projects\Helation\Helation.uproject" "C:\Users\hunte\Documents\Unreal Projects\Helation\Intermediate\Build\Win64\FPSGameEditor\Development\FPSGameEditor.uhtmanifest" -LogCmds="loginit warning, logexit warning, logdatabase error" -Unattended -WarningsAsErrors -abslog="C:\Users\hunte\AppData\Local\UnrealBuildTool\Log_UHT.txt" -installed
  Reflection code generated for FPSGameEditor in 5.7427784 seconds
  Building FPSGameEditor...
  Using Visual Studio 2019 14.28.29337 toolchain (C:\Program Files (x86)\Microsoft Visual Studio\2019\Community\VC\Tools\MSVC\14.28.29333) and Windows 10.0.18362.0 SDK (C:\Program Files (x86)\Windows Kits\10).
  Building 29 actions with 12 processes...
    [1/29] Default.rc2
    [2/29] SharedPCH.Engine.ShadowErrors.cpp
    [3/29] FPSGame.cpp
    [4/29] BaseWeapon.cpp
    [5/29] HighScoreTracker.cpp
    [6/29] BaseAmmo.cpp
    [7/29] DefaultEnemy.cpp
C:\Users\hunte\Documents\Unreal Projects\Helation\Source\FPSGame\DefaultEnemy.h(24): warning C4263: 'void ADefaultEnemy::TakeDamage(float)': member function does not override any base class virtual member function
C:\Users\hunte\Documents\Unreal Projects\Helation\Source\FPSGame\DefaultEnemy.h(34): warning C4264: 'float APawn::TakeDamage(float,const FDamageEvent &,AController *,AActor *)': no override available for virtual member function from base 'APawn'; function is hidden
    C:\Program Files\Epic Games\UE_4.25\Engine\Source\Runtime\Engine\Classes\GameFramework/Pawn.h(247): note: see declaration of 'APawn::TakeDamage'
    C:\Program Files\Epic Games\UE_4.25\Engine\Intermediate\Build\Win64\UE4Editor\Inc\Engine\AnimInstance.generated.h(24): note: see declaration of 'APawn'
    [8/29] DroneEnemy.cpp
C:\Users\hunte\Documents\Unreal Projects\Helation\Source\FPSGame\DroneEnemy.h(24): warning C4263: 'void ADroneEnemy::TakeDamage(float)': member function does not override any base class virtual member function
C:\Users\hunte\Documents\Unreal Projects\Helation\Source\FPSGame\DroneEnemy.h(40): warning C4264: 'float APawn::TakeDamage(float,const FDamageEvent &,AController *,AActor *)': no override available for virtual member function from base 'APawn'; function is hidden
    C:\Program Files\Epic Games\UE_4.25\Engine\Source\Runtime\Engine\Classes\GameFramework/Pawn.h(247): note: see declaration of 'APawn::TakeDamage'
    C:\Program Files\Epic Games\UE_4.25\Engine\Intermediate\Build\Win64\UE4Editor\Inc\Engine\AnimInstance.generated.h(24): note: see declaration of 'APawn'
    [9/29] FPSGameProjectile.cpp
    [10/29] BaseAmmo.gen.cpp
    [11/29] FPSGameHUD.cpp
    [12/29] FPSGameGameMode.cpp
C:\Users\hunte\Documents\Unreal Projects\Helation\Source\FPSGame\FPSGameCharacter.h(388): warning C4263: 'void AFPSGameCharacter::TakeDamage(float)': member function does not override any base class virtual member function
C:\Users\hunte\Documents\Unreal Projects\Helation\Source\FPSGame\FPSGameCharacter.h(488): warning C4264: 'float APawn::TakeDamage(float,const FDamageEvent &,AController *,AActor *)': no override available for virtual member function from base 'APawn'; function is hidden
    C:\Program Files\Epic Games\UE_4.25\Engine\Source\Runtime\Engine\Classes\GameFramework/Pawn.h(247): note: see declaration of 'APawn::TakeDamage'
    C:\Program Files\Epic Games\UE_4.25\Engine\Source\Runtime\Engine\Classes\GameFramework/HUD.h(14): note: see declaration of 'APawn'
    [13/29] EliteEnemy.cpp
C:\Users\hunte\Documents\Unreal Projects\Helation\Source\FPSGame\EliteEnemy.h(41): warning C4263: 'void AEliteEnemy::TakeDamage(float)': member function does not override any base class virtual member function
C:\Users\hunte\Documents\Unreal Projects\Helation\Source\FPSGame\EliteEnemy.h(60): warning C4264: 'float APawn::TakeDamage(float,const FDamageEvent &,AController *,AActor *)': no override available for virtual member function from base 'APawn'; function is hidden
    C:\Program Files\Epic Games\UE_4.25\Engine\Source\Runtime\Engine\Classes\GameFramework/Pawn.h(247): note: see declaration of 'APawn::TakeDamage'
    C:\Program Files\Epic Games\UE_4.25\Engine\Intermediate\Build\Win64\UE4Editor\Inc\Engine\AnimInstance.generated.h(24): note: see declaration of 'APawn'
C:\Users\hunte\Documents\Unreal Projects\Helation\Source\FPSGame\EliteEnemy.cpp(76): warning C4701: potentially uninitialized local variable 'dropRes' used
    [14/29] FPSGame.init.gen.cpp
    [15/29] DefaultEnemy.gen.cpp
C:\Users\hunte\Documents\Unreal Projects\Helation\Source\FPSGame/DefaultEnemy.h(24): warning C4263: 'void ADefaultEnemy::TakeDamage(float)': member function does not override any base class virtual member function
C:\Users\hunte\Documents\Unreal Projects\Helation\Source\FPSGame/DefaultEnemy.h(34): warning C4264: 'float APawn::TakeDamage(float,const FDamageEvent &,AController *,AActor *)': no override available for virtual member function from base 'APawn'; function is hidden
    C:\Program Files\Epic Games\UE_4.25\Engine\Source\Runtime\Engine\Classes\GameFramework/Pawn.h(247): note: see declaration of 'APawn::TakeDamage'
    C:\Program Files\Epic Games\UE_4.25\Engine\Intermediate\Build\Win64\UE4Editor\Inc\Engine\AnimInstance.generated.h(24): note: see declaration of 'APawn'
    [16/29] EliteEnemy.gen.cpp
C:\Users\hunte\Documents\Unreal Projects\Helation\Source\FPSGame/EliteEnemy.h(41): warning C4263: 'void AEliteEnemy::TakeDamage(float)': member function does not override any base class virtual member function
C:\Users\hunte\Documents\Unreal Projects\Helation\Source\FPSGame/EliteEnemy.h(60): warning C4264: 'float APawn::TakeDamage(float,const FDamageEvent &,AController *,AActor *)': no override available for virtual member function from base 'APawn'; function is hidden
    C:\Program Files\Epic Games\UE_4.25\Engine\Source\Runtime\Engine\Classes\GameFramework/Pawn.h(247): note: see declaration of 'APawn::TakeDamage'
    C:\Program Files\Epic Games\UE_4.25\Engine\Intermediate\Build\Win64\UE4Editor\Inc\Engine\AnimInstance.generated.h(24): note: see declaration of 'APawn'
    [17/29] DroneEnemy.gen.cpp
C:\Users\hunte\Documents\Unreal Projects\Helation\Source\FPSGame/DroneEnemy.h(24): warning C4263: 'void ADroneEnemy::TakeDamage(float)': member function does not override any base class virtual member function
C:\Users\hunte\Documents\Unreal Projects\Helation\Source\FPSGame/DroneEnemy.h(40): warning C4264: 'float APawn::TakeDamage(float,const FDamageEvent &,AController *,AActor *)': no override available for virtual member function from base 'APawn'; function is hidden
    C:\Program Files\Epic Games\UE_4.25\Engine\Source\Runtime\Engine\Classes\GameFramework/Pawn.h(247): note: see declaration of 'APawn::TakeDamage'
    C:\Program Files\Epic Games\UE_4.25\Engine\Intermediate\Build\Win64\UE4Editor\Inc\Engine\AnimInstance.generated.h(24): note: see declaration of 'APawn'
    [18/29] FPSGameProjectile.gen.cpp
    [19/29] FPSGameGameMode.gen.cpp
    [20/29] FPSGameHUD.gen.cpp
    [21/29] HighScoreTracker.gen.cpp
    [22/29] BaseWeapon.gen.cpp
    [23/29] FPSGameCharacter.gen.cpp
C:\Users\hunte\Documents\Unreal Projects\Helation\Source\FPSGame/FPSGameCharacter.h(388): warning C4263: 'void AFPSGameCharacter::TakeDamage(float)': member function does not override any base class virtual member function
C:\Users\hunte\Documents\Unreal Projects\Helation\Source\FPSGame/FPSGameCharacter.h(488): warning C4264: 'float APawn::TakeDamage(float,const FDamageEvent &,AController *,AActor *)': no override available for virtual member function from base 'APawn'; function is hidden
    C:\Program Files\Epic Games\UE_4.25\Engine\Source\Runtime\Engine\Classes\GameFramework/Pawn.h(247): note: see declaration of 'APawn::TakeDamage'
    C:\Program Files\Epic Games\UE_4.25\Engine\Intermediate\Build\Win64\UE4Editor\Inc\Engine\AnimInstance.generated.h(24): note: see declaration of 'APawn'
    [24/29] TurretEnemy.gen.cpp
C:\Users\hunte\Documents\Unreal Projects\Helation\Source\FPSGame/TurretEnemy.h(24): warning C4263: 'void ATurretEnemy::TakeDamage(float)': member function does not override any base class virtual member function
C:\Users\hunte\Documents\Unreal Projects\Helation\Source\FPSGame/TurretEnemy.h(43): warning C4264: 'float APawn::TakeDamage(float,const FDamageEvent &,AController *,AActor *)': no override available for virtual member function from base 'APawn'; function is hidden
    C:\Program Files\Epic Games\UE_4.25\Engine\Source\Runtime\Engine\Classes\GameFramework/Pawn.h(247): note: see declaration of 'APawn::TakeDamage'
    C:\Program Files\Epic Games\UE_4.25\Engine\Intermediate\Build\Win64\UE4Editor\Inc\Engine\AnimInstance.generated.h(24): note: see declaration of 'APawn'
    [25/29] TurretEnemy.cpp
C:\Users\hunte\Documents\Unreal Projects\Helation\Source\FPSGame\TurretEnemy.h(24): warning C4263: 'void ATurretEnemy::TakeDamage(float)': member function does not override any base class virtual member function
C:\Users\hunte\Documents\Unreal Projects\Helation\Source\FPSGame\TurretEnemy.h(43): warning C4264: 'float APawn::TakeDamage(float,const FDamageEvent &,AController *,AActor *)': no override available for virtual member function from base 'APawn'; function is hidden
    C:\Program Files\Epic Games\UE_4.25\Engine\Source\Runtime\Engine\Classes\GameFramework/Pawn.h(247): note: see declaration of 'APawn::TakeDamage'
    C:\Program Files\Epic Games\UE_4.25\Engine\Intermediate\Build\Win64\UE4Editor\Inc\Engine\AnimInstance.generated.h(24): note: see declaration of 'APawn'
    [26/29] FPSGameCharacter.cpp
C:\Users\hunte\Documents\Unreal Projects\Helation\Source\FPSGame\FPSGameCharacter.h(388): warning C4263: 'void AFPSGameCharacter::TakeDamage(float)': member function does not override any base class virtual member function
C:\Users\hunte\Documents\Unreal Projects\Helation\Source\FPSGame\FPSGameCharacter.h(488): warning C4264: 'float APawn::TakeDamage(float,const FDamageEvent &,AController *,AActor *)': no override available for virtual member function from base 'APawn'; function is hidden
    C:\Program Files\Epic Games\UE_4.25\Engine\Source\Runtime\Engine\Classes\GameFramework/Pawn.h(247): note: see declaration of 'APawn::TakeDamage'
    C:\Program Files\Epic Games\UE_4.25\Engine\Intermediate\Build\Win64\UE4Editor\Inc\Engine\AnimInstance.generated.h(24): note: see declaration of 'APawn'
    [27/29] UE4Editor-FPSGame-1181.lib
       Creating library C:\Users\hunte\Documents\Unreal Projects\Helation\Intermediate\Build\Win64\UE4Editor\Development\FPSGame\UE4Editor-FPSGame-1181.lib and object C:\Users\hunte\Documents\Unreal Projects\Helation\Intermediate\Build\Win64\UE4Editor\Development\FPSGame\UE4Editor-FPSGame-1181.exp
    [28/29] UE4Editor-FPSGame-1181.dll
       Creating library C:\Users\hunte\Documents\Unreal Projects\Helation\Intermediate\Build\Win64\UE4Editor\Development\FPSGame\UE4Editor-FPSGame-1181.suppressed.lib and object C:\Users\hunte\Documents\Unreal Projects\Helation\Intermediate\Build\Win64\UE4Editor\Development\FPSGame\UE4Editor-FPSGame-1181.suppressed.exp
    [29/29] FPSGameEditor.target
  Total time in Parallel executor: 21.15 seconds
  Total execution time: 28.74 seconds
