Log file open, 02/07/21 12:49:35
LogInit: Display: Running engine for game: FPSGame
LogPlatformFile: Not using cached read wrapper
LogTaskGraph: Started task graph with 5 named threads and 35 total threads with 3 sets of task threads.
LogStats: Stats thread started at 0.509763
LogD3D11RHI: Loaded GFSDK_Aftermath_Lib.x64.dll
LogICUInternationalization: ICU TimeZone Detection - Raw Offset: -8:00, Platform Override: ''
LogPluginManager: Mounting plugin Paper2D
LogPluginManager: Mounting plugin AISupport
LogPluginManager: Mounting plugin LightPropagationVolume
LogPluginManager: Mounting plugin CameraShakePreviewer
LogPluginManager: Mounting plugin ActorLayerUtilities
LogPluginManager: Mounting plugin AnimationSharing
LogPluginManager: Mounting plugin CLionSourceCodeAccess
LogPluginManager: Mounting plugin CodeLiteSourceCodeAccess
LogPluginManager: Mounting plugin GitSourceControl
LogPluginManager: Mounting plugin KDevelopSourceCodeAccess
LogPluginManager: Mounting plugin NullSourceCodeAccess
LogPluginManager: Mounting plugin PerforceSourceControl
LogPluginManager: Mounting plugin PlasticSourceControl
LogPluginManager: Mounting plugin RiderSourceCodeAccess
LogPluginManager: Mounting plugin SubversionSourceControl
LogPluginManager: Mounting plugin UObjectPlugin
LogPluginManager: Mounting plugin VisualStudioCodeSourceCodeAccess
LogPluginManager: Mounting plugin VisualStudioSourceCodeAccess
LogPluginManager: Mounting plugin XCodeSourceCodeAccess
LogPluginManager: Mounting plugin AssetManagerEditor
LogPluginManager: Mounting plugin CryptoKeys
LogPluginManager: Mounting plugin CurveEditorTools
LogPluginManager: Mounting plugin DataValidation
LogPluginManager: Mounting plugin EditorScriptingUtilities
LogPluginManager: Mounting plugin FacialAnimation
LogPluginManager: Mounting plugin GameplayTagsEditor
LogPluginManager: Mounting plugin GeometryMode
LogPluginManager: Mounting plugin MacGraphicsSwitching
LogPluginManager: Mounting plugin MaterialAnalyzer
LogPluginManager: Mounting plugin MobileLauncherProfileWizard
LogPluginManager: Mounting plugin PluginBrowser
LogPluginManager: Mounting plugin SpeedTreeImporter
LogPluginManager: Mounting plugin DatasmithContent
LogPluginManager: Mounting plugin VariantManagerContent
LogPluginManager: Mounting plugin AlembicImporter
LogPluginManager: Mounting plugin AutomationUtils
LogPluginManager: Mounting plugin BackChannel
LogPluginManager: Mounting plugin ChaosCloth
LogPluginManager: Mounting plugin ChaosClothEditor
LogPluginManager: Mounting plugin ChaosEditor
LogPluginManager: Mounting plugin ChaosNiagara
LogPluginManager: Mounting plugin ChaosSolverPlugin
LogPluginManager: Mounting plugin CharacterAI
LogPluginManager: Mounting plugin GeometryCache
LogPluginManager: Mounting plugin GeometryCollectionPlugin
LogPluginManager: Mounting plugin GeometryProcessing
LogPluginManager: Mounting plugin PlanarCut
LogPluginManager: Mounting plugin PlatformCrypto
LogPluginManager: Mounting plugin ProxyLODPlugin
LogPluginManager: Mounting plugin SkeletalReduction
LogPluginManager: Mounting plugin Niagara
LogPluginManager: Mounting plugin MagicLeap
LogPluginManager: Mounting plugin MagicLeapLightEstimation
LogPluginManager: Mounting plugin MagicLeapMedia
LogPluginManager: Mounting plugin MagicLeapPassableWorld
LogPluginManager: Mounting plugin MLSDK
LogPluginManager: Mounting plugin AndroidMedia
LogPluginManager: Mounting plugin AvfMedia
LogPluginManager: Mounting plugin ImgMedia
LogPluginManager: Mounting plugin MediaCompositing
LogPluginManager: Mounting plugin MediaPlayerEditor
LogPluginManager: Mounting plugin WebMMedia
LogPluginManager: Mounting plugin WmfMedia
LogPluginManager: Mounting plugin MeshPainting
LogPluginManager: Mounting plugin TcpMessaging
LogPluginManager: Mounting plugin UdpMessaging
LogPluginManager: Mounting plugin ActorSequence
LogPluginManager: Mounting plugin LevelSequenceEditor
LogPluginManager: Mounting plugin MatineeToLevelSequence
LogPluginManager: Mounting plugin MovieRenderPipeline
LogPluginManager: Mounting plugin TemplateSequence
LogPluginManager: Mounting plugin NetcodeUnitTest
LogPluginManager: Mounting plugin NUTUnrealEngine4
LogPluginManager: Mounting plugin OnlineSubsystemGooglePlay
LogPluginManager: Mounting plugin OnlineSubsystemIOS
LogPluginManager: Mounting plugin OnlineSubsystem
LogPluginManager: Mounting plugin OnlineSubsystemNull
LogPluginManager: Mounting plugin OnlineSubsystemUtils
LogPluginManager: Mounting plugin LauncherChunkInstaller
LogPluginManager: Mounting plugin AndroidDeviceProfileSelector
LogPluginManager: Mounting plugin AndroidMoviePlayer
LogPluginManager: Mounting plugin AndroidPermission
LogPluginManager: Mounting plugin AppleImageUtils
LogPluginManager: Mounting plugin AppleMoviePlayer
LogPluginManager: Mounting plugin ArchVisCharacter
LogPluginManager: Mounting plugin AssetTags
LogPluginManager: Mounting plugin AudioCapture
LogPluginManager: Mounting plugin CableComponent
LogPluginManager: Mounting plugin CustomMeshComponent
LogPluginManager: Mounting plugin EditableMesh
LogPluginManager: Mounting plugin ExampleDeviceProfileSelector
LogPluginManager: Mounting plugin GoogleCloudMessaging
LogPluginManager: Mounting plugin GooglePAD
LogPluginManager: Mounting plugin IOSDeviceProfileSelector
LogPluginManager: Mounting plugin LinuxDeviceProfileSelector
LogPluginManager: Mounting plugin LocationServicesBPLibrary
LogPluginManager: Mounting plugin MobilePatchingUtils
LogPluginManager: Mounting plugin OculusVR
LogPluginManager: Mounting plugin PhysXVehicles
LogPluginManager: Mounting plugin PostSplashScreen
LogPluginManager: Mounting plugin ProceduralMeshComponent
LogPluginManager: Mounting plugin RuntimePhysXCooking
LogPluginManager: Mounting plugin SignificanceManager
LogPluginManager: Mounting plugin SoundFields
LogPluginManager: Mounting plugin SteamVR
LogPluginManager: Mounting plugin Synthesis
LogPluginManager: Mounting plugin WebMMoviePlayer
LogPluginManager: Mounting plugin WindowsMoviePlayer
LogPluginManager: Mounting plugin ScreenshotTools
LogInit: Warning: Incompatible or missing module: FPSGame
Running C:/Program Files/Epic Games/UE_4.25/Engine/Binaries/DotNET/UnrealBuildTool.exe Development Win64 -Project="C:/Users/hunte/Documents/Unreal Projects/FPSGame/FPSGame.uproject" -TargetType=Editor -Progress -NoEngineChanges -NoHotReloadFromIDE
@progress push 5%
Parsing headers for FPSGameEditor
  Running UnrealHeaderTool "C:\Users\hunte\Documents\Unreal Projects\FPSGame\FPSGame.uproject" "C:\Users\hunte\Documents\Unreal Projects\FPSGame\Intermediate\Build\Win64\FPSGameEditor\Development\FPSGameEditor.uhtmanifest" -LogCmds="loginit warning, logexit warning, logdatabase error" -Unattended -WarningsAsErrors -abslog="C:\Users\hunte\AppData\Local\UnrealBuildTool\Log_UHT.txt" -installed
Reflection code generated for FPSGameEditor in 5.2316281 seconds
@progress pop
Deleted hot-reload file: C:\Users\hunte\Documents\Unreal Projects\FPSGame\Binaries\Win64\UE4Editor-FPSGame-0001.dll
Deleted hot-reload file: C:\Users\hunte\Documents\Unreal Projects\FPSGame\Binaries\Win64\UE4Editor-FPSGame-0005.dll
Deleted hot-reload file: C:\Users\hunte\Documents\Unreal Projects\FPSGame\Binaries\Win64\UE4Editor-FPSGame-0006.dll
Deleted hot-reload file: C:\Users\hunte\Documents\Unreal Projects\FPSGame\Binaries\Win64\UE4Editor-FPSGame-0008.dll
Deleted hot-reload file: C:\Users\hunte\Documents\Unreal Projects\FPSGame\Binaries\Win64\UE4Editor-FPSGame-0010.dll
Deleted hot-reload file: C:\Users\hunte\Documents\Unreal Projects\FPSGame\Binaries\Win64\UE4Editor-FPSGame-0012.dll
Deleted hot-reload file: C:\Users\hunte\Documents\Unreal Projects\FPSGame\Binaries\Win64\UE4Editor-FPSGame-0016.dll
Deleted hot-reload file: C:\Users\hunte\Documents\Unreal Projects\FPSGame\Binaries\Win64\UE4Editor-FPSGame-0018.dll
Deleted hot-reload file: C:\Users\hunte\Documents\Unreal Projects\FPSGame\Binaries\Win64\UE4Editor-FPSGame-0020.dll
Deleted hot-reload file: C:\Users\hunte\Documents\Unreal Projects\FPSGame\Binaries\Win64\UE4Editor-FPSGame-0023.dll
Deleted hot-reload file: C:\Users\hunte\Documents\Unreal Projects\FPSGame\Binaries\Win64\UE4Editor-FPSGame-0025.dll
Deleted hot-reload file: C:\Users\hunte\Documents\Unreal Projects\FPSGame\Binaries\Win64\UE4Editor-FPSGame-0027.dll
Deleted hot-reload file: C:\Users\hunte\Documents\Unreal Projects\FPSGame\Binaries\Win64\UE4Editor-FPSGame-0030.dll
Deleted hot-reload file: C:\Users\hunte\Documents\Unreal Projects\FPSGame\Binaries\Win64\UE4Editor-FPSGame-0032.dll
Deleted hot-reload file: C:\Users\hunte\Documents\Unreal Projects\FPSGame\Binaries\Win64\UE4Editor-FPSGame-0034.dll
Deleted hot-reload file: C:\Users\hunte\Documents\Unreal Projects\FPSGame\Binaries\Win64\UE4Editor-FPSGame-0036.dll
Deleted hot-reload file: C:\Users\hunte\Documents\Unreal Projects\FPSGame\Binaries\Win64\UE4Editor-FPSGame-0040.dll
Deleted hot-reload file: C:\Users\hunte\Documents\Unreal Projects\FPSGame\Binaries\Win64\UE4Editor-FPSGame-0042.dll
Deleted hot-reload file: C:\Users\hunte\Documents\Unreal Projects\FPSGame\Binaries\Win64\UE4Editor-FPSGame-0046.dll
Deleted hot-reload file: C:\Users\hunte\Documents\Unreal Projects\FPSGame\Binaries\Win64\UE4Editor-FPSGame-0048.dll
Deleted hot-reload file: C:\Users\hunte\Documents\Unreal Projects\FPSGame\Binaries\Win64\UE4Editor-FPSGame-0051.dll
Deleted hot-reload file: C:\Users\hunte\Documents\Unreal Projects\FPSGame\Binaries\Win64\UE4Editor-FPSGame-0053.dll
Deleted hot-reload file: C:\Users\hunte\Documents\Unreal Projects\FPSGame\Binaries\Win64\UE4Editor-FPSGame-0055.dll
Deleted hot-reload file: C:\Users\hunte\Documents\Unreal Projects\FPSGame\Binaries\Win64\UE4Editor-FPSGame-0060.dll
Deleted hot-reload file: C:\Users\hunte\Documents\Unreal Projects\FPSGame\Binaries\Win64\UE4Editor-FPSGame-0063.dll
Deleted hot-reload file: C:\Users\hunte\Documents\Unreal Projects\FPSGame\Binaries\Win64\UE4Editor-FPSGame-0064.dll
Deleted hot-reload file: C:\Users\hunte\Documents\Unreal Projects\FPSGame\Binaries\Win64\UE4Editor-FPSGame-0066.dll
Deleted hot-reload file: C:\Users\hunte\Documents\Unreal Projects\FPSGame\Intermediate\Build\Win64\UE4Editor\Development\FPSGame\UE4Editor-FPSGame-0001.lib
Deleted hot-reload file: C:\Users\hunte\Documents\Unreal Projects\FPSGame\Intermediate\Build\Win64\UE4Editor\Development\FPSGame\UE4Editor-FPSGame-0005.lib
Deleted hot-reload file: C:\Users\hunte\Documents\Unreal Projects\FPSGame\Intermediate\Build\Win64\UE4Editor\Development\FPSGame\UE4Editor-FPSGame-0006.lib
Deleted hot-reload file: C:\Users\hunte\Documents\Unreal Projects\FPSGame\Intermediate\Build\Win64\UE4Editor\Development\FPSGame\UE4Editor-FPSGame-0008.lib
Deleted hot-reload file: C:\Users\hunte\Documents\Unreal Projects\FPSGame\Intermediate\Build\Win64\UE4Editor\Development\FPSGame\UE4Editor-FPSGame-0010.lib
Deleted hot-reload file: C:\Users\hunte\Documents\Unreal Projects\FPSGame\Intermediate\Build\Win64\UE4Editor\Development\FPSGame\UE4Editor-FPSGame-0012.lib
Deleted hot-reload file: C:\Users\hunte\Documents\Unreal Projects\FPSGame\Intermediate\Build\Win64\UE4Editor\Development\FPSGame\UE4Editor-FPSGame-0016.lib
Deleted hot-reload file: C:\Users\hunte\Documents\Unreal Projects\FPSGame\Intermediate\Build\Win64\UE4Editor\Development\FPSGame\UE4Editor-FPSGame-0018.lib
Deleted hot-reload file: C:\Users\hunte\Documents\Unreal Projects\FPSGame\Intermediate\Build\Win64\UE4Editor\Development\FPSGame\UE4Editor-FPSGame-0020.lib
Deleted hot-reload file: C:\Users\hunte\Documents\Unreal Projects\FPSGame\Intermediate\Build\Win64\UE4Editor\Development\FPSGame\UE4Editor-FPSGame-0023.lib
Deleted hot-reload file: C:\Users\hunte\Documents\Unreal Projects\FPSGame\Intermediate\Build\Win64\UE4Editor\Development\FPSGame\UE4Editor-FPSGame-0025.lib
Deleted hot-reload file: C:\Users\hunte\Documents\Unreal Projects\FPSGame\Intermediate\Build\Win64\UE4Editor\Development\FPSGame\UE4Editor-FPSGame-0027.lib
Deleted hot-reload file: C:\Users\hunte\Documents\Unreal Projects\FPSGame\Intermediate\Build\Win64\UE4Editor\Development\FPSGame\UE4Editor-FPSGame-0030.lib
Deleted hot-reload file: C:\Users\hunte\Documents\Unreal Projects\FPSGame\Intermediate\Build\Win64\UE4Editor\Development\FPSGame\UE4Editor-FPSGame-0032.lib
Deleted hot-reload file: C:\Users\hunte\Documents\Unreal Projects\FPSGame\Intermediate\Build\Win64\UE4Editor\Development\FPSGame\UE4Editor-FPSGame-0034.lib
Deleted hot-reload file: C:\Users\hunte\Documents\Unreal Projects\FPSGame\Intermediate\Build\Win64\UE4Editor\Development\FPSGame\UE4Editor-FPSGame-0036.lib
Deleted hot-reload file: C:\Users\hunte\Documents\Unreal Projects\FPSGame\Intermediate\Build\Win64\UE4Editor\Development\FPSGame\UE4Editor-FPSGame-0039.lib
Deleted hot-reload file: C:\Users\hunte\Documents\Unreal Projects\FPSGame\Intermediate\Build\Win64\UE4Editor\Development\FPSGame\UE4Editor-FPSGame-0040.lib
Deleted hot-reload file: C:\Users\hunte\Documents\Unreal Projects\FPSGame\Intermediate\Build\Win64\UE4Editor\Development\FPSGame\UE4Editor-FPSGame-0042.lib
Deleted hot-reload file: C:\Users\hunte\Documents\Unreal Projects\FPSGame\Intermediate\Build\Win64\UE4Editor\Development\FPSGame\UE4Editor-FPSGame-0046.lib
Deleted hot-reload file: C:\Users\hunte\Documents\Unreal Projects\FPSGame\Intermediate\Build\Win64\UE4Editor\Development\FPSGame\UE4Editor-FPSGame-0048.lib
Deleted hot-reload file: C:\Users\hunte\Documents\Unreal Projects\FPSGame\Intermediate\Build\Win64\UE4Editor\Development\FPSGame\UE4Editor-FPSGame-0051.lib
Deleted hot-reload file: C:\Users\hunte\Documents\Unreal Projects\FPSGame\Intermediate\Build\Win64\UE4Editor\Development\FPSGame\UE4Editor-FPSGame-0053.lib
Deleted hot-reload file: C:\Users\hunte\Documents\Unreal Projects\FPSGame\Intermediate\Build\Win64\UE4Editor\Development\FPSGame\UE4Editor-FPSGame-0055.lib
Deleted hot-reload file: C:\Users\hunte\Documents\Unreal Projects\FPSGame\Intermediate\Build\Win64\UE4Editor\Development\FPSGame\UE4Editor-FPSGame-0060.lib
Deleted hot-reload file: C:\Users\hunte\Documents\Unreal Projects\FPSGame\Intermediate\Build\Win64\UE4Editor\Development\FPSGame\UE4Editor-FPSGame-0064.lib
Deleted hot-reload file: C:\Users\hunte\Documents\Unreal Projects\FPSGame\Intermediate\Build\Win64\UE4Editor\Development\FPSGame\UE4Editor-FPSGame-0066.lib
Building FPSGameEditor...
Using Visual Studio 2019 14.27.29110 toolchain (C:\Program Files (x86)\Microsoft Visual Studio\2019\Community\VC\Tools\MSVC\14.27.29110) and Windows 10.0.18362.0 SDK (C:\Program Files (x86)\Windows Kits\10).
Building 3 actions with 12 processes...
  @progress 'Compiling C++ source code...' 0%
  @progress 'Compiling C++ source code...' 33%
  [1/3] UE4Editor-FPSGame.lib
     Creating library C:\Users\hunte\Documents\Unreal Projects\FPSGame\Intermediate\Build\Win64\UE4Editor\Development\FPSGame\UE4Editor-FPSGame.lib and object C:\Users\hunte\Documents\Unreal Projects\FPSGame\Intermediate\Build\Win64\UE4Editor\Development\FPSGame\UE4Editor-FPSGame.exp
  @progress 'Compiling C++ source code...' 67%
  [2/3] UE4Editor-FPSGame.dll
     Creating library C:\Users\hunte\Documents\Unreal Projects\FPSGame\Intermediate\Build\Win64\UE4Editor\Development\FPSGame\UE4Editor-FPSGame.suppressed.lib and object C:\Users\hunte\Documents\Unreal Projects\FPSGame\Intermediate\Build\Win64\UE4Editor\Development\FPSGame\UE4Editor-FPSGame.suppressed.exp
  @progress 'Compiling C++ source code...' 100%
  [3/3] FPSGameEditor.target
  WARNING: Unable to read 'C:\Users\hunte\Documents\Unreal Projects\FPSGame\Binaries\Win64\UE4Editor.modules'; ignoring.
Total time in Parallel executor: 0.63 seconds
Total execution time: 6.68 seconds
LogInit: Using libcurl 7.55.1-DEV
LogInit:  - built for x86_64-pc-win32
LogInit:  - supports SSL with OpenSSL/1.1.1
LogInit:  - supports HTTP deflate (compression) using libz 1.2.8
LogInit:  - other features:
LogInit:      CURL_VERSION_SSL
LogInit:      CURL_VERSION_LIBZ
LogInit:      CURL_VERSION_IPV6
LogInit:      CURL_VERSION_ASYNCHDNS
LogInit:      CURL_VERSION_LARGEFILE
LogInit:      CURL_VERSION_IDN
LogInit:  CurlRequestOptions (configurable via config and command line):
LogInit:  - bVerifyPeer = true  - Libcurl will verify peer certificate
LogInit:  - bUseHttpProxy = false  - Libcurl will NOT use HTTP proxy
LogInit:  - bDontReuseConnections = false  - Libcurl will reuse connections
LogInit:  - MaxHostConnections = 16  - Libcurl will limit the number of connections to a host
LogInit:  - LocalHostAddr = Default
LogInit:  - BufferSize = 65536
LogOnline: OSS: Creating online subsystem instance for: NULL
LogInit: WinSock: version 1.1 (2.2), MaxSocks=32767, MaxUdp=65467
LogOnline: OSS: TryLoadSubsystemAndSetDefault: Loaded subsystem for module [NULL]
LogInit: Build: ++UE4+Release-4.25-CL-14469661
LogInit: Engine Version: 4.25.4-14469661+++UE4+Release-4.25
LogInit: Compatible Engine Version: 4.25.0-13144385+++UE4+Release-4.25
LogInit: Net CL: 13144385
LogInit: OS: Windows 10 (Release 2004) (), CPU: AMD Ryzen 5 3600 6-Core Processor              , GPU: NVIDIA GeForce RTX 2080
LogInit: Compiled (64-bit): Oct 11 2020 08:10:49
LogInit: Compiled with Visual C++: 19.24.28315.00
LogInit: Build Configuration: Development
LogInit: Branch Name: ++UE4+Release-4.25
LogInit: Command Line: 
LogInit: Base Directory: C:/Program Files/Epic Games/UE_4.25/Engine/Binaries/Win64/
LogInit: Allocator: TBB
LogInit: Installed Engine Build: 1
LogDevObjectVersion: Number of dev versions registered: 26
LogDevObjectVersion:   Dev-Blueprints (B0D832E4-1F89-4F0D-ACCF-7EB736FD4AA2): 10
LogDevObjectVersion:   Dev-Build (E1C64328-A22C-4D53-A36C-8E866417BD8C): 0
LogDevObjectVersion:   Dev-Core (375EC13C-06E4-48FB-B500-84F0262A717E): 4
LogDevObjectVersion:   Dev-Editor (E4B068ED-F494-42E9-A231-DA0B2E46BB41): 38
LogDevObjectVersion:   Dev-Framework (CFFC743F-43B0-4480-9391-14DF171D2073): 37
LogDevObjectVersion:   Dev-Mobile (B02B49B5-BB20-44E9-A304-32B752E40360): 2
LogDevObjectVersion:   Dev-Networking (A4E4105C-59A1-49B5-A7C5-40C4547EDFEE): 0
LogDevObjectVersion:   Dev-Online (39C831C9-5AE6-47DC-9A44-9C173E1C8E7C): 0
LogDevObjectVersion:   Dev-Physics (78F01B33-EBEA-4F98-B9B4-84EACCB95AA2): 4
LogDevObjectVersion:   Dev-Platform (6631380F-2D4D-43E0-8009-CF276956A95A): 0
LogDevObjectVersion:   Dev-Rendering (12F88B9F-8875-4AFC-A67C-D90C383ABD29): 43
LogDevObjectVersion:   Dev-Sequencer (7B5AE74C-D270-4C10-A958-57980B212A5A): 12
LogDevObjectVersion:   Dev-VR (D7296918-1DD6-4BDD-9DE2-64A83CC13884): 3
LogDevObjectVersion:   Dev-LoadTimes (C2A15278-BFE7-4AFE-6C17-90FF531DF755): 1
LogDevObjectVersion:   Private-Geometry (6EACA3D4-40EC-4CC1-B786-8BED09428FC5): 3
LogDevObjectVersion:   Dev-AnimPhys (29E575DD-E0A3-4627-9D10-D276232CDCEA): 17
LogDevObjectVersion:   Dev-Anim (AF43A65D-7FD3-4947-9873-3E8ED9C1BB05): 7
LogDevObjectVersion:   Dev-ReflectionCapture (6B266CEC-1EC7-4B8F-A30B-E4D90942FC07): 1
LogDevObjectVersion:   Dev-Automation (0DF73D61-A23F-47EA-B727-89E90C41499A): 1
LogDevObjectVersion:   FortniteMain (601D1886-AC64-4F84-AA16-D3DE0DEAC7D6): 31
LogDevObjectVersion:   Dev-Enterprise (9DFFBCD6-494F-0158-E221-12823C92A888): 10
LogDevObjectVersion:   Dev-Niagara (F2AED0AC-9AFE-416F-8664-AA7FFA26D6FC): 1
LogDevObjectVersion:   Dev-Destruction (174F1F0B-B4C6-45A5-B13F-2EE8D0FB917D): 10
LogDevObjectVersion:   Dev-Physics-Ext (35F94A83-E258-406C-A318-09F59610247C): 37
LogDevObjectVersion:   Dev-PhysicsMaterial-Chaos (B68FC16E-8B1B-42E2-B453-215C058844FE): 1
LogDevObjectVersion:   Dev-CineCamera (B2E18506-4273-CFC2-A54E-F4BB758BBA07): 1
LogInit: Presizing for max 25165824 objects, including 0 objects not considered by GC, pre-allocating 0 bytes for permanent pool.
LogConfig: Applying CVar settings from Section [/Script/Engine.StreamingSettings] File [C:/Users/hunte/Documents/Unreal Projects/FPSGame/Saved/Config/Windows/Engine.ini]
LogConfig: Setting CVar [[s.MinBulkDataSizeForAsyncLoading:131072]]
LogConfig: Setting CVar [[s.AsyncLoadingThreadEnabled:0]]
LogConfig: Setting CVar [[s.EventDrivenLoaderEnabled:1]]
LogConfig: Setting CVar [[s.WarnIfTimeLimitExceeded:0]]
LogConfig: Setting CVar [[s.TimeLimitExceededMultiplier:1.5]]
LogConfig: Setting CVar [[s.TimeLimitExceededMinTime:0.005]]
LogConfig: Setting CVar [[s.UseBackgroundLevelStreaming:1]]
LogConfig: Setting CVar [[s.PriorityAsyncLoadingExtraTime:15.0]]
LogConfig: Setting CVar [[s.LevelStreamingActorsUpdateTimeLimit:5.0]]
LogConfig: Setting CVar [[s.PriorityLevelStreamingActorsUpdateExtraTime:5.0]]
LogConfig: Setting CVar [[s.LevelStreamingComponentsRegistrationGranularity:10]]
LogConfig: Setting CVar [[s.UnregisterComponentsTimeLimit:1.0]]
LogConfig: Setting CVar [[s.LevelStreamingComponentsUnregistrationGranularity:5]]
LogConfig: Setting CVar [[s.FlushStreamingOnExit:1]]
LogInit: Object subsystem initialized
LogConfig: Setting CVar [[con.DebugEarlyDefault:1]]
LogConfig: Setting CVar [[r.setres:1280x720]]
[2021.02.07-20.49.56:082][  0]LogConfig: Setting CVar [[r.VSync:0]]
[2021.02.07-20.49.56:082][  0]LogConfig: Setting CVar [[r.RHICmdBypass:0]]
[2021.02.07-20.49.56:083][  0]LogConfig: Applying CVar settings from Section [/Script/Engine.RendererSettings] File [C:/Users/hunte/Documents/Unreal Projects/FPSGame/Saved/Config/Windows/Engine.ini]
[2021.02.07-20.49.56:083][  0]LogConfig: Setting CVar [[r.GPUCrashDebugging:0]]
[2021.02.07-20.49.56:083][  0]LogConfig: Applying CVar settings from Section [/Script/Engine.RendererOverrideSettings] File [C:/Users/hunte/Documents/Unreal Projects/FPSGame/Saved/Config/Windows/Engine.ini]
[2021.02.07-20.49.56:083][  0]LogConfig: Applying CVar settings from Section [/Script/Engine.StreamingSettings] File [C:/Users/hunte/Documents/Unreal Projects/FPSGame/Saved/Config/Windows/Engine.ini]
[2021.02.07-20.49.56:083][  0]LogConfig: Setting CVar [[s.MinBulkDataSizeForAsyncLoading:131072]]
[2021.02.07-20.49.56:083][  0]LogConfig: Setting CVar [[s.AsyncLoadingThreadEnabled:0]]
[2021.02.07-20.49.56:083][  0]LogConfig: Setting CVar [[s.EventDrivenLoaderEnabled:1]]
[2021.02.07-20.49.56:083][  0]LogConfig: Setting CVar [[s.WarnIfTimeLimitExceeded:0]]
[2021.02.07-20.49.56:083][  0]LogConfig: Setting CVar [[s.TimeLimitExceededMultiplier:1.5]]
[2021.02.07-20.49.56:083][  0]LogConfig: Setting CVar [[s.TimeLimitExceededMinTime:0.005]]
[2021.02.07-20.49.56:083][  0]LogConfig: Setting CVar [[s.UseBackgroundLevelStreaming:1]]
[2021.02.07-20.49.56:083][  0]LogConfig: Setting CVar [[s.PriorityAsyncLoadingExtraTime:15.0]]
[2021.02.07-20.49.56:083][  0]LogConfig: Setting CVar [[s.LevelStreamingActorsUpdateTimeLimit:5.0]]
[2021.02.07-20.49.56:083][  0]LogConfig: Setting CVar [[s.PriorityLevelStreamingActorsUpdateExtraTime:5.0]]
[2021.02.07-20.49.56:083][  0]LogConfig: Setting CVar [[s.LevelStreamingComponentsRegistrationGranularity:10]]
[2021.02.07-20.49.56:083][  0]LogConfig: Setting CVar [[s.UnregisterComponentsTimeLimit:1.0]]
[2021.02.07-20.49.56:083][  0]LogConfig: Setting CVar [[s.LevelStreamingComponentsUnregistrationGranularity:5]]
[2021.02.07-20.49.56:083][  0]LogConfig: Setting CVar [[s.FlushStreamingOnExit:1]]
[2021.02.07-20.49.56:083][  0]LogConfig: Applying CVar settings from Section [/Script/Engine.GarbageCollectionSettings] File [C:/Users/hunte/Documents/Unreal Projects/FPSGame/Saved/Config/Windows/Engine.ini]
[2021.02.07-20.49.56:083][  0]LogConfig: Setting CVar [[gc.MaxObjectsNotConsideredByGC:1]]
[2021.02.07-20.49.56:083][  0]LogConfig: Setting CVar [[gc.SizeOfPermanentObjectPool:0]]
[2021.02.07-20.49.56:083][  0]LogConfig: Setting CVar [[gc.FlushStreamingOnGC:0]]
[2021.02.07-20.49.56:083][  0]LogConfig: Setting CVar [[gc.NumRetriesBeforeForcingGC:10]]
[2021.02.07-20.49.56:083][  0]LogConfig: Setting CVar [[gc.AllowParallelGC:1]]
[2021.02.07-20.49.56:083][  0]LogConfig: Setting CVar [[gc.TimeBetweenPurgingPendingKillObjects:61.1]]
[2021.02.07-20.49.56:083][  0]LogConfig: Setting CVar [[gc.MaxObjectsInEditor:25165824]]
[2021.02.07-20.49.56:083][  0]LogConfig: Setting CVar [[gc.IncrementalBeginDestroyEnabled:1]]
[2021.02.07-20.49.56:083][  0]LogConfig: Setting CVar [[gc.CreateGCClusters:1]]
[2021.02.07-20.49.56:083][  0]LogConfig: Setting CVar [[gc.MinGCClusterSize:5]]
[2021.02.07-20.49.56:083][  0]LogConfig: Setting CVar [[gc.ActorClusteringEnabled:0]]
[2021.02.07-20.49.56:083][  0]LogConfig: Setting CVar [[gc.BlueprintClusteringEnabled:0]]
[2021.02.07-20.49.56:083][  0]LogConfig: Setting CVar [[gc.UseDisregardForGCOnDedicatedServers:0]]
[2021.02.07-20.49.56:083][  0]LogConfig: Applying CVar settings from Section [/Script/Engine.NetworkSettings] File [C:/Users/hunte/Documents/Unreal Projects/FPSGame/Saved/Config/Windows/Engine.ini]
[2021.02.07-20.49.56:083][  0]LogConfig: Applying CVar settings from Section [/Script/UnrealEd.CookerSettings] File [C:/Users/hunte/Documents/Unreal Projects/FPSGame/Saved/Config/Windows/Engine.ini]
[2021.02.07-20.49.56:099][  0]LogConfig: Applying CVar settings from Section [ViewDistanceQuality@3] File [C:/Users/hunte/Documents/Unreal Projects/FPSGame/Saved/Config/Windows/Scalability.ini]
[2021.02.07-20.49.56:099][  0]LogConfig: Setting CVar [[r.SkeletalMeshLODBias:0]]
[2021.02.07-20.49.56:099][  0]LogConfig: Setting CVar [[r.ViewDistanceScale:1.0]]
[2021.02.07-20.49.56:099][  0]LogConfig: Applying CVar settings from Section [AntiAliasingQuality@3] File [C:/Users/hunte/Documents/Unreal Projects/FPSGame/Saved/Config/Windows/Scalability.ini]
[2021.02.07-20.49.56:099][  0]LogConfig: Setting CVar [[r.PostProcessAAQuality:4]]
[2021.02.07-20.49.56:099][  0]LogConfig: Applying CVar settings from Section [ShadowQuality@3] File [C:/Users/hunte/Documents/Unreal Projects/FPSGame/Saved/Config/Windows/Scalability.ini]
[2021.02.07-20.49.56:099][  0]LogConfig: Setting CVar [[r.LightFunctionQuality:1]]
[2021.02.07-20.49.56:099][  0]LogConfig: Setting CVar [[r.ShadowQuality:5]]
[2021.02.07-20.49.56:099][  0]LogConfig: Setting CVar [[r.Shadow.CSM.MaxCascades:10]]
[2021.02.07-20.49.56:099][  0]LogConfig: Setting CVar [[r.Shadow.MaxResolution:2048]]
[2021.02.07-20.49.56:099][  0]LogConfig: Setting CVar [[r.Shadow.MaxCSMResolution:2048]]
[2021.02.07-20.49.56:099][  0]LogConfig: Setting CVar [[r.Shadow.RadiusThreshold:0.01]]
[2021.02.07-20.49.56:099][  0]LogConfig: Setting CVar [[r.Shadow.DistanceScale:1.0]]
[2021.02.07-20.49.56:099][  0]LogConfig: Setting CVar [[r.Shadow.CSM.TransitionScale:1.0]]
[2021.02.07-20.49.56:099][  0]LogConfig: Setting CVar [[r.Shadow.PreShadowResolutionFactor:1.0]]
[2021.02.07-20.49.56:099][  0]LogConfig: Setting CVar [[r.DistanceFieldShadowing:1]]
[2021.02.07-20.49.56:099][  0]LogConfig: Setting CVar [[r.DistanceFieldAO:1]]
[2021.02.07-20.49.56:099][  0]LogConfig: Setting CVar [[r.AOQuality:2]]
[2021.02.07-20.49.56:099][  0]LogConfig: Setting CVar [[r.VolumetricFog:1]]
[2021.02.07-20.49.56:099][  0]LogConfig: Setting CVar [[r.VolumetricFog.GridPixelSize:8]]
[2021.02.07-20.49.56:099][  0]LogConfig: Setting CVar [[r.VolumetricFog.GridSizeZ:128]]
[2021.02.07-20.49.56:099][  0]LogConfig: Setting CVar [[r.VolumetricFog.HistoryMissSupersampleCount:4]]
[2021.02.07-20.49.56:099][  0]LogConfig: Setting CVar [[r.LightMaxDrawDistanceScale:1]]
[2021.02.07-20.49.56:099][  0]LogConfig: Setting CVar [[r.CapsuleShadows:1]]
[2021.02.07-20.49.56:099][  0]LogConfig: Applying CVar settings from Section [PostProcessQuality@3] File [C:/Users/hunte/Documents/Unreal Projects/FPSGame/Saved/Config/Windows/Scalability.ini]
[2021.02.07-20.49.56:099][  0]LogConfig: Setting CVar [[r.MotionBlurQuality:4]]
[2021.02.07-20.49.56:099][  0]LogConfig: Setting CVar [[r.AmbientOcclusionMipLevelFactor:0.4]]
[2021.02.07-20.49.56:099][  0]LogConfig: Setting CVar [[r.AmbientOcclusionMaxQuality:100]]
[2021.02.07-20.49.56:099][  0]LogConfig: Setting CVar [[r.AmbientOcclusionLevels:-1]]
[2021.02.07-20.49.56:099][  0]LogConfig: Setting CVar [[r.AmbientOcclusionRadiusScale:1.0]]
[2021.02.07-20.49.56:099][  0]LogConfig: Setting CVar [[r.DepthOfFieldQuality:2]]
[2021.02.07-20.49.56:099][  0]LogConfig: Setting CVar [[r.RenderTargetPoolMin:400]]
[2021.02.07-20.49.56:099][  0]LogConfig: Setting CVar [[r.LensFlareQuality:2]]
[2021.02.07-20.49.56:099][  0]LogConfig: Setting CVar [[r.SceneColorFringeQuality:1]]
[2021.02.07-20.49.56:099][  0]LogConfig: Setting CVar [[r.EyeAdaptationQuality:2]]
[2021.02.07-20.49.56:099][  0]LogConfig: Setting CVar [[r.BloomQuality:5]]
[2021.02.07-20.49.56:099][  0]LogConfig: Setting CVar [[r.FastBlurThreshold:100]]
[2021.02.07-20.49.56:099][  0]LogConfig: Setting CVar [[r.Upscale.Quality:3]]
[2021.02.07-20.49.56:099][  0]LogConfig: Setting CVar [[r.Tonemapper.GrainQuantization:1]]
[2021.02.07-20.49.56:099][  0]LogConfig: Setting CVar [[r.LightShaftQuality:1]]
[2021.02.07-20.49.56:099][  0]LogConfig: Setting CVar [[r.Filter.SizeScale:1]]
[2021.02.07-20.49.56:099][  0]LogConfig: Setting CVar [[r.Tonemapper.Quality:5]]
[2021.02.07-20.49.56:099][  0]LogConfig: Setting CVar [[r.DOF.Gather.AccumulatorQuality:1        ; higher gathering accumulator quality]]
[2021.02.07-20.49.56:099][  0]LogConfig: Setting CVar [[r.DOF.Gather.PostfilterMethod:1          ; Median3x3 postfilering method]]
[2021.02.07-20.49.56:099][  0]LogConfig: Setting CVar [[r.DOF.Gather.EnableBokehSettings:0       ; no bokeh simulation when gathering]]
[2021.02.07-20.49.56:099][  0]LogConfig: Setting CVar [[r.DOF.Gather.RingCount:4                 ; medium number of samples when gathering]]
[2021.02.07-20.49.56:099][  0]LogConfig: Setting CVar [[r.DOF.Scatter.ForegroundCompositing:1    ; additive foreground scattering]]
[2021.02.07-20.49.56:099][  0]LogConfig: Setting CVar [[r.DOF.Scatter.BackgroundCompositing:2    ; additive background scattering]]
[2021.02.07-20.49.56:099][  0]LogConfig: Setting CVar [[r.DOF.Scatter.EnableBokehSettings:1      ; bokeh simulation when scattering]]
[2021.02.07-20.49.56:099][  0]LogConfig: Setting CVar [[r.DOF.Scatter.MaxSpriteRatio:0.1         ; only a maximum of 10% of scattered bokeh]]
[2021.02.07-20.49.56:099][  0]LogConfig: Setting CVar [[r.DOF.Recombine.Quality:1                ; cheap slight out of focus]]
[2021.02.07-20.49.56:099][  0]LogConfig: Setting CVar [[r.DOF.Recombine.EnableBokehSettings:0    ; no bokeh simulation on slight out of focus]]
[2021.02.07-20.49.56:099][  0]LogConfig: Setting CVar [[r.DOF.TemporalAAQuality:1                ; more stable temporal accumulation]]
[2021.02.07-20.49.56:099][  0]LogConfig: Setting CVar [[r.DOF.Kernel.MaxForegroundRadius:0.025]]
[2021.02.07-20.49.56:100][  0]LogConfig: Setting CVar [[r.DOF.Kernel.MaxBackgroundRadius:0.025]]
[2021.02.07-20.49.56:100][  0]LogConfig: Applying CVar settings from Section [TextureQuality@3] File [C:/Users/hunte/Documents/Unreal Projects/FPSGame/Saved/Config/Windows/Scalability.ini]
[2021.02.07-20.49.56:100][  0]LogConfig: Setting CVar [[r.Streaming.MipBias:0]]
[2021.02.07-20.49.56:100][  0]LogConfig: Setting CVar [[r.Streaming.AmortizeCPUToGPUCopy:0]]
[2021.02.07-20.49.56:100][  0]LogConfig: Setting CVar [[r.Streaming.MaxNumTexturesToStreamPerFrame:0]]
[2021.02.07-20.49.56:100][  0]LogConfig: Setting CVar [[r.Streaming.Boost:1]]
[2021.02.07-20.49.56:100][  0]LogConfig: Setting CVar [[r.MaxAnisotropy:8]]
[2021.02.07-20.49.56:100][  0]LogConfig: Setting CVar [[r.VT.MaxAnisotropy:8]]
[2021.02.07-20.49.56:100][  0]LogConfig: Setting CVar [[r.Streaming.LimitPoolSizeToVRAM:0]]
[2021.02.07-20.49.56:100][  0]LogConfig: Setting CVar [[r.Streaming.PoolSize:1000]]
[2021.02.07-20.49.56:100][  0]LogConfig: Setting CVar [[r.Streaming.MaxEffectiveScreenSize:0]]
[2021.02.07-20.49.56:100][  0]LogConfig: Applying CVar settings from Section [EffectsQuality@3] File [C:/Users/hunte/Documents/Unreal Projects/FPSGame/Saved/Config/Windows/Scalability.ini]
[2021.02.07-20.49.56:100][  0]LogConfig: Setting CVar [[r.TranslucencyLightingVolumeDim:64]]
[2021.02.07-20.49.56:100][  0]LogConfig: Setting CVar [[r.RefractionQuality:2]]
[2021.02.07-20.49.56:100][  0]LogConfig: Setting CVar [[r.SSR.Quality:3]]
[2021.02.07-20.49.56:100][  0]LogConfig: Setting CVar [[r.SSR.HalfResSceneColor:0]]
[2021.02.07-20.49.56:100][  0]LogConfig: Setting CVar [[r.SceneColorFormat:4]]
[2021.02.07-20.49.56:100][  0]LogConfig: Setting CVar [[r.DetailMode:2]]
[2021.02.07-20.49.56:100][  0]LogConfig: Setting CVar [[r.TranslucencyVolumeBlur:1]]
[2021.02.07-20.49.56:100][  0]LogConfig: Setting CVar [[r.MaterialQualityLevel:1 ; High quality]]
[2021.02.07-20.49.56:100][  0]LogConfig: Setting CVar [[r.SSS.Scale:1]]
[2021.02.07-20.49.56:100][  0]LogConfig: Setting CVar [[r.SSS.SampleSet:2]]
[2021.02.07-20.49.56:100][  0]LogConfig: Setting CVar [[r.SSS.Quality:1]]
[2021.02.07-20.49.56:100][  0]LogConfig: Setting CVar [[r.SSS.HalfRes:0]]
[2021.02.07-20.49.56:100][  0]LogConfig: Setting CVar [[r.SSGI.Quality:3]]
[2021.02.07-20.49.56:100][  0]LogConfig: Setting CVar [[r.EmitterSpawnRateScale:1.0]]
[2021.02.07-20.49.56:100][  0]LogConfig: Setting CVar [[r.ParticleLightQuality:2]]
[2021.02.07-20.49.56:100][  0]LogConfig: Setting CVar [[r.SkyAtmosphere.AerialPerspectiveLUT.FastApplyOnOpaque:1 ; Always have FastSkyLUT 1 in this case to avoid wrong sky]]
[2021.02.07-20.49.56:100][  0]LogConfig: Setting CVar [[r.SkyAtmosphere.AerialPerspectiveLUT.SampleCountPerSlice:1]]
[2021.02.07-20.49.56:100][  0]LogConfig: Setting CVar [[r.SkyAtmosphere.AerialPerspectiveLUT.DepthResolution:16.0]]
[2021.02.07-20.49.56:100][  0]LogConfig: Setting CVar [[r.SkyAtmosphere.FastSkyLUT:1]]
[2021.02.07-20.49.56:100][  0]LogConfig: Setting CVar [[r.SkyAtmosphere.FastSkyLUT.SampleCountMin:4.0]]
[2021.02.07-20.49.56:100][  0]LogConfig: Setting CVar [[r.SkyAtmosphere.FastSkyLUT.SampleCountMax:32.0]]
[2021.02.07-20.49.56:100][  0]LogConfig: Setting CVar [[r.SkyAtmosphere.SampleCountMin:4.0]]
[2021.02.07-20.49.56:100][  0]LogConfig: Setting CVar [[r.SkyAtmosphere.SampleCountMax:32.0]]
[2021.02.07-20.49.56:100][  0]LogConfig: Setting CVar [[r.SkyAtmosphere.TransmittanceLUT.UseSmallFormat:0]]
[2021.02.07-20.49.56:100][  0]LogConfig: Setting CVar [[r.SkyAtmosphere.TransmittanceLUT.SampleCount:10.0]]
[2021.02.07-20.49.56:100][  0]LogConfig: Setting CVar [[r.SkyAtmosphere.MultiScatteringLUT.SampleCount:15.0]]
[2021.02.07-20.49.56:100][  0]LogConfig: Applying CVar settings from Section [FoliageQuality@3] File [C:/Users/hunte/Documents/Unreal Projects/FPSGame/Saved/Config/Windows/Scalability.ini]
[2021.02.07-20.49.56:100][  0]LogConfig: Setting CVar [[foliage.DensityScale:1.0]]
[2021.02.07-20.49.56:100][  0]LogConfig: Setting CVar [[grass.DensityScale:1.0]]
[2021.02.07-20.49.56:100][  0]LogConfig: Applying CVar settings from Section [ShadingQuality@3] File [C:/Users/hunte/Documents/Unreal Projects/FPSGame/Saved/Config/Windows/Scalability.ini]
[2021.02.07-20.49.56:100][  0]LogConfig: Setting CVar [[r.HairStrands.SkyLighting.SampleCount:16]]
[2021.02.07-20.49.56:100][  0]LogConfig: Setting CVar [[r.HairStrands.SkyLighting.JitterIntegration:0]]
[2021.02.07-20.49.56:100][  0]LogConfig: Setting CVar [[r.HairStrands.SkyAO.SampleCount:16]]
[2021.02.07-20.49.56:100][  0]LogConfig: Setting CVar [[r.HairStrands.DeepShadow.SuperSampling:0]]
[2021.02.07-20.49.56:100][  0]LogConfig: Setting CVar [[r.HairStrands.VisibilityPPLL:0]]
[2021.02.07-20.49.56:100][  0]LogConfig: Setting CVar [[r.HairStrands.RasterizationScale:0.5]]
[2021.02.07-20.49.56:100][  0]LogConfig: Setting CVar [[r.HairStrands.VelocityRasterizationScale:1]]
[2021.02.07-20.49.56:100][  0]LogInit: Selected Device Profile: [Windows]
[2021.02.07-20.49.56:100][  0]LogInit: Applying CVar settings loaded from the selected device profile: [Windows]
[2021.02.07-20.49.56:101][  0]LogHAL: Display: Platform has ~ 32 GB [34305359872 / 34359738368 / 32], which maps to Largest [LargestMinGB=32, LargerMinGB=12, DefaultMinGB=8, SmallerMinGB=6, SmallestMinGB=0)
[2021.02.07-20.49.56:101][  0]LogInit: Going up to parent DeviceProfile []
[2021.02.07-20.49.56:101][  0]LogConfig: Applying CVar settings from Section [ViewDistanceQuality@3] File [C:/Users/hunte/Documents/Unreal Projects/FPSGame/Saved/Config/Windows/Scalability.ini]
[2021.02.07-20.49.56:101][  0]LogConfig: Setting CVar [[r.SkeletalMeshLODBias:0]]
[2021.02.07-20.49.56:101][  0]LogConfig: Setting CVar [[r.ViewDistanceScale:1.0]]
[2021.02.07-20.49.56:101][  0]LogConfig: Applying CVar settings from Section [AntiAliasingQuality@3] File [C:/Users/hunte/Documents/Unreal Projects/FPSGame/Saved/Config/Windows/Scalability.ini]
[2021.02.07-20.49.56:101][  0]LogConfig: Setting CVar [[r.PostProcessAAQuality:4]]
[2021.02.07-20.49.56:101][  0]LogConfig: Applying CVar settings from Section [ShadowQuality@3] File [C:/Users/hunte/Documents/Unreal Projects/FPSGame/Saved/Config/Windows/Scalability.ini]
[2021.02.07-20.49.56:101][  0]LogConfig: Setting CVar [[r.LightFunctionQuality:1]]
[2021.02.07-20.49.56:101][  0]LogConfig: Setting CVar [[r.ShadowQuality:5]]
[2021.02.07-20.49.56:101][  0]LogConfig: Setting CVar [[r.Shadow.CSM.MaxCascades:10]]
[2021.02.07-20.49.56:101][  0]LogConfig: Setting CVar [[r.Shadow.MaxResolution:2048]]
[2021.02.07-20.49.56:101][  0]LogConfig: Setting CVar [[r.Shadow.MaxCSMResolution:2048]]
[2021.02.07-20.49.56:101][  0]LogConfig: Setting CVar [[r.Shadow.RadiusThreshold:0.01]]
[2021.02.07-20.49.56:101][  0]LogConfig: Setting CVar [[r.Shadow.DistanceScale:1.0]]
[2021.02.07-20.49.56:101][  0]LogConfig: Setting CVar [[r.Shadow.CSM.TransitionScale:1.0]]
[2021.02.07-20.49.56:101][  0]LogConfig: Setting CVar [[r.Shadow.PreShadowResolutionFactor:1.0]]
[2021.02.07-20.49.56:101][  0]LogConfig: Setting CVar [[r.DistanceFieldShadowing:1]]
[2021.02.07-20.49.56:101][  0]LogConfig: Setting CVar [[r.DistanceFieldAO:1]]
[2021.02.07-20.49.56:101][  0]LogConfig: Setting CVar [[r.AOQuality:2]]
[2021.02.07-20.49.56:101][  0]LogConfig: Setting CVar [[r.VolumetricFog:1]]
[2021.02.07-20.49.56:101][  0]LogConfig: Setting CVar [[r.VolumetricFog.GridPixelSize:8]]
[2021.02.07-20.49.56:102][  0]LogConfig: Setting CVar [[r.VolumetricFog.GridSizeZ:128]]
[2021.02.07-20.49.56:102][  0]LogConfig: Setting CVar [[r.VolumetricFog.HistoryMissSupersampleCount:4]]
[2021.02.07-20.49.56:102][  0]LogConfig: Setting CVar [[r.LightMaxDrawDistanceScale:1]]
[2021.02.07-20.49.56:102][  0]LogConfig: Setting CVar [[r.CapsuleShadows:1]]
[2021.02.07-20.49.56:102][  0]LogConfig: Applying CVar settings from Section [PostProcessQuality@3] File [C:/Users/hunte/Documents/Unreal Projects/FPSGame/Saved/Config/Windows/Scalability.ini]
[2021.02.07-20.49.56:102][  0]LogConfig: Setting CVar [[r.MotionBlurQuality:4]]
[2021.02.07-20.49.56:102][  0]LogConfig: Setting CVar [[r.AmbientOcclusionMipLevelFactor:0.4]]
[2021.02.07-20.49.56:102][  0]LogConfig: Setting CVar [[r.AmbientOcclusionMaxQuality:100]]
[2021.02.07-20.49.56:102][  0]LogConfig: Setting CVar [[r.AmbientOcclusionLevels:-1]]
[2021.02.07-20.49.56:102][  0]LogConfig: Setting CVar [[r.AmbientOcclusionRadiusScale:1.0]]
[2021.02.07-20.49.56:102][  0]LogConfig: Setting CVar [[r.DepthOfFieldQuality:2]]
[2021.02.07-20.49.56:102][  0]LogConfig: Setting CVar [[r.RenderTargetPoolMin:400]]
[2021.02.07-20.49.56:102][  0]LogConfig: Setting CVar [[r.LensFlareQuality:2]]
[2021.02.07-20.49.56:102][  0]LogConfig: Setting CVar [[r.SceneColorFringeQuality:1]]
[2021.02.07-20.49.56:102][  0]LogConfig: Setting CVar [[r.EyeAdaptationQuality:2]]
[2021.02.07-20.49.56:102][  0]LogConfig: Setting CVar [[r.BloomQuality:5]]
[2021.02.07-20.49.56:102][  0]LogConfig: Setting CVar [[r.FastBlurThreshold:100]]
[2021.02.07-20.49.56:102][  0]LogConfig: Setting CVar [[r.Upscale.Quality:3]]
[2021.02.07-20.49.56:102][  0]LogConfig: Setting CVar [[r.Tonemapper.GrainQuantization:1]]
[2021.02.07-20.49.56:102][  0]LogConfig: Setting CVar [[r.LightShaftQuality:1]]
[2021.02.07-20.49.56:102][  0]LogConfig: Setting CVar [[r.Filter.SizeScale:1]]
[2021.02.07-20.49.56:102][  0]LogConfig: Setting CVar [[r.Tonemapper.Quality:5]]
[2021.02.07-20.49.56:102][  0]LogConfig: Setting CVar [[r.DOF.Gather.AccumulatorQuality:1        ; higher gathering accumulator quality]]
[2021.02.07-20.49.56:102][  0]LogConfig: Setting CVar [[r.DOF.Gather.PostfilterMethod:1          ; Median3x3 postfilering method]]
[2021.02.07-20.49.56:102][  0]LogConfig: Setting CVar [[r.DOF.Gather.EnableBokehSettings:0       ; no bokeh simulation when gathering]]
[2021.02.07-20.49.56:102][  0]LogConfig: Setting CVar [[r.DOF.Gather.RingCount:4                 ; medium number of samples when gathering]]
[2021.02.07-20.49.56:102][  0]LogConfig: Setting CVar [[r.DOF.Scatter.ForegroundCompositing:1    ; additive foreground scattering]]
[2021.02.07-20.49.56:102][  0]LogConfig: Setting CVar [[r.DOF.Scatter.BackgroundCompositing:2    ; additive background scattering]]
[2021.02.07-20.49.56:102][  0]LogConfig: Setting CVar [[r.DOF.Scatter.EnableBokehSettings:1      ; bokeh simulation when scattering]]
[2021.02.07-20.49.56:102][  0]LogConfig: Setting CVar [[r.DOF.Scatter.MaxSpriteRatio:0.1         ; only a maximum of 10% of scattered bokeh]]
[2021.02.07-20.49.56:102][  0]LogConfig: Setting CVar [[r.DOF.Recombine.Quality:1                ; cheap slight out of focus]]
[2021.02.07-20.49.56:102][  0]LogConfig: Setting CVar [[r.DOF.Recombine.EnableBokehSettings:0    ; no bokeh simulation on slight out of focus]]
[2021.02.07-20.49.56:102][  0]LogConfig: Setting CVar [[r.DOF.TemporalAAQuality:1                ; more stable temporal accumulation]]
[2021.02.07-20.49.56:102][  0]LogConfig: Setting CVar [[r.DOF.Kernel.MaxForegroundRadius:0.025]]
[2021.02.07-20.49.56:102][  0]LogConfig: Setting CVar [[r.DOF.Kernel.MaxBackgroundRadius:0.025]]
[2021.02.07-20.49.56:102][  0]LogConfig: Applying CVar settings from Section [TextureQuality@3] File [C:/Users/hunte/Documents/Unreal Projects/FPSGame/Saved/Config/Windows/Scalability.ini]
[2021.02.07-20.49.56:102][  0]LogConfig: Setting CVar [[r.Streaming.MipBias:0]]
[2021.02.07-20.49.56:102][  0]LogConfig: Setting CVar [[r.Streaming.AmortizeCPUToGPUCopy:0]]
[2021.02.07-20.49.56:102][  0]LogConfig: Setting CVar [[r.Streaming.MaxNumTexturesToStreamPerFrame:0]]
[2021.02.07-20.49.56:102][  0]LogConfig: Setting CVar [[r.Streaming.Boost:1]]
[2021.02.07-20.49.56:102][  0]LogConfig: Setting CVar [[r.MaxAnisotropy:8]]
[2021.02.07-20.49.56:102][  0]LogConfig: Setting CVar [[r.VT.MaxAnisotropy:8]]
[2021.02.07-20.49.56:102][  0]LogConfig: Setting CVar [[r.Streaming.LimitPoolSizeToVRAM:0]]
[2021.02.07-20.49.56:102][  0]LogConfig: Setting CVar [[r.Streaming.PoolSize:1000]]
[2021.02.07-20.49.56:102][  0]LogConfig: Setting CVar [[r.Streaming.MaxEffectiveScreenSize:0]]
[2021.02.07-20.49.56:102][  0]LogConfig: Applying CVar settings from Section [EffectsQuality@3] File [C:/Users/hunte/Documents/Unreal Projects/FPSGame/Saved/Config/Windows/Scalability.ini]
[2021.02.07-20.49.56:102][  0]LogConfig: Setting CVar [[r.TranslucencyLightingVolumeDim:64]]
[2021.02.07-20.49.56:102][  0]LogConfig: Setting CVar [[r.RefractionQuality:2]]
[2021.02.07-20.49.56:102][  0]LogConfig: Setting CVar [[r.SSR.Quality:3]]
[2021.02.07-20.49.56:102][  0]LogConfig: Setting CVar [[r.SSR.HalfResSceneColor:0]]
[2021.02.07-20.49.56:102][  0]LogConfig: Setting CVar [[r.SceneColorFormat:4]]
[2021.02.07-20.49.56:102][  0]LogConfig: Setting CVar [[r.DetailMode:2]]
[2021.02.07-20.49.56:102][  0]LogConfig: Setting CVar [[r.TranslucencyVolumeBlur:1]]
[2021.02.07-20.49.56:102][  0]LogConfig: Setting CVar [[r.MaterialQualityLevel:1 ; High quality]]
[2021.02.07-20.49.56:102][  0]LogConfig: Setting CVar [[r.SSS.Scale:1]]
[2021.02.07-20.49.56:102][  0]LogConfig: Setting CVar [[r.SSS.SampleSet:2]]
[2021.02.07-20.49.56:102][  0]LogConfig: Setting CVar [[r.SSS.Quality:1]]
[2021.02.07-20.49.56:102][  0]LogConfig: Setting CVar [[r.SSS.HalfRes:0]]
[2021.02.07-20.49.56:102][  0]LogConfig: Setting CVar [[r.SSGI.Quality:3]]
[2021.02.07-20.49.56:102][  0]LogConfig: Setting CVar [[r.EmitterSpawnRateScale:1.0]]
[2021.02.07-20.49.56:102][  0]LogConfig: Setting CVar [[r.ParticleLightQuality:2]]
[2021.02.07-20.49.56:102][  0]LogConfig: Setting CVar [[r.SkyAtmosphere.AerialPerspectiveLUT.FastApplyOnOpaque:1 ; Always have FastSkyLUT 1 in this case to avoid wrong sky]]
[2021.02.07-20.49.56:102][  0]LogConfig: Setting CVar [[r.SkyAtmosphere.AerialPerspectiveLUT.SampleCountPerSlice:1]]
[2021.02.07-20.49.56:102][  0]LogConfig: Setting CVar [[r.SkyAtmosphere.AerialPerspectiveLUT.DepthResolution:16.0]]
[2021.02.07-20.49.56:102][  0]LogConfig: Setting CVar [[r.SkyAtmosphere.FastSkyLUT:1]]
[2021.02.07-20.49.56:102][  0]LogConfig: Setting CVar [[r.SkyAtmosphere.FastSkyLUT.SampleCountMin:4.0]]
[2021.02.07-20.49.56:102][  0]LogConfig: Setting CVar [[r.SkyAtmosphere.FastSkyLUT.SampleCountMax:32.0]]
[2021.02.07-20.49.56:102][  0]LogConfig: Setting CVar [[r.SkyAtmosphere.SampleCountMin:4.0]]
[2021.02.07-20.49.56:102][  0]LogConfig: Setting CVar [[r.SkyAtmosphere.SampleCountMax:32.0]]
[2021.02.07-20.49.56:102][  0]LogConfig: Setting CVar [[r.SkyAtmosphere.TransmittanceLUT.UseSmallFormat:0]]
[2021.02.07-20.49.56:102][  0]LogConfig: Setting CVar [[r.SkyAtmosphere.TransmittanceLUT.SampleCount:10.0]]
[2021.02.07-20.49.56:102][  0]LogConfig: Setting CVar [[r.SkyAtmosphere.MultiScatteringLUT.SampleCount:15.0]]
[2021.02.07-20.49.56:102][  0]LogConfig: Applying CVar settings from Section [FoliageQuality@3] File [C:/Users/hunte/Documents/Unreal Projects/FPSGame/Saved/Config/Windows/Scalability.ini]
[2021.02.07-20.49.56:102][  0]LogConfig: Setting CVar [[foliage.DensityScale:1.0]]
[2021.02.07-20.49.56:102][  0]LogConfig: Setting CVar [[grass.DensityScale:1.0]]
[2021.02.07-20.49.56:102][  0]LogConfig: Applying CVar settings from Section [ShadingQuality@3] File [C:/Users/hunte/Documents/Unreal Projects/FPSGame/Saved/Config/Windows/Scalability.ini]
[2021.02.07-20.49.56:102][  0]LogConfig: Setting CVar [[r.HairStrands.SkyLighting.SampleCount:16]]
[2021.02.07-20.49.56:102][  0]LogConfig: Setting CVar [[r.HairStrands.SkyLighting.JitterIntegration:0]]
[2021.02.07-20.49.56:102][  0]LogConfig: Setting CVar [[r.HairStrands.SkyAO.SampleCount:16]]
[2021.02.07-20.49.56:102][  0]LogConfig: Setting CVar [[r.HairStrands.DeepShadow.SuperSampling:0]]
[2021.02.07-20.49.56:102][  0]LogConfig: Setting CVar [[r.HairStrands.VisibilityPPLL:0]]
[2021.02.07-20.49.56:102][  0]LogConfig: Setting CVar [[r.HairStrands.RasterizationScale:0.5]]
[2021.02.07-20.49.56:102][  0]LogConfig: Setting CVar [[r.HairStrands.VelocityRasterizationScale:1]]
[2021.02.07-20.49.56:102][  0]LogConfig: Applying CVar settings from Section [Startup] File [../../../Engine/Config/ConsoleVariables.ini]
[2021.02.07-20.49.56:103][  0]LogConfig: Setting CVar [[net.UseAdaptiveNetUpdateFrequency:0]]
[2021.02.07-20.49.56:103][  0]LogConfig: Setting CVar [[p.chaos.AllowCreatePhysxBodies:1]]
[2021.02.07-20.49.56:103][  0]LogConfig: Setting CVar [[fx.SkipVectorVMBackendOptimizations:1]]
[2021.02.07-20.49.56:103][  0]LogConfig: Applying CVar settings from Section [ConsoleVariables] File [C:/Users/hunte/Documents/Unreal Projects/FPSGame/Saved/Config/Windows/Engine.ini]
[2021.02.07-20.49.56:103][  0]LogInit: Computer: REDRIFT
[2021.02.07-20.49.56:103][  0]LogInit: User: hunte
[2021.02.07-20.49.56:103][  0]LogInit: CPU Page size=4096, Cores=6
[2021.02.07-20.49.56:103][  0]LogInit: High frequency timer resolution =10.000000 MHz
[2021.02.07-20.49.56:103][  0]LogMemory: Memory total: Physical=31.9GB (32GB approx)
[2021.02.07-20.49.56:103][  0]LogMemory: Platform Memory Stats for Windows
[2021.02.07-20.49.56:103][  0]LogMemory: Process Physical Memory: 120.64 MB used, 120.65 MB peak
[2021.02.07-20.49.56:103][  0]LogMemory: Process Virtual Memory: 98.48 MB used, 98.48 MB peak
[2021.02.07-20.49.56:103][  0]LogMemory: Physical Memory: 7046.32 MB used,  25669.82 MB free, 32716.14 MB total
[2021.02.07-20.49.56:103][  0]LogMemory: Virtual Memory: 5227.94 MB used,  134212496.00 MB free, 134217728.00 MB total
[2021.02.07-20.49.56:107][  0]LogWindows: WindowsPlatformFeatures enabled
[2021.02.07-20.49.56:199][  0]LogInit: Physics initialised using underlying interface: PhysX
[2021.02.07-20.49.56:201][  0]LogInit: Using OS detected language (en-US).
[2021.02.07-20.49.56:201][  0]LogInit: Using OS detected locale (en-US).
[2021.02.07-20.49.56:213][  0]LogTextLocalizationManager: No specific localization for 'en-US' exists, so the 'en' localization will be used.
[2021.02.07-20.49.56:399][  0]LogInit: Setting process to per monitor DPI aware
[2021.02.07-20.49.56:442][  0]LogSlate: New Slate User Created.  User Index 0, Is Virtual User: 0
[2021.02.07-20.49.56:442][  0]LogSlate: Slate User Registered.  User Index 0, Is Virtual User: 0
[2021.02.07-20.49.56:685][  0]LogHMD: Failed to initialize OpenVR with code 126
[2021.02.07-20.49.56:685][  0]LogD3D11RHI: D3D11 min allowed feature level: 11_0
[2021.02.07-20.49.56:685][  0]LogD3D11RHI: D3D11 max allowed feature level: 11_0
[2021.02.07-20.49.56:685][  0]LogD3D11RHI: D3D11 adapters:
[2021.02.07-20.49.56:795][  0]LogD3D11RHI:    0. 'NVIDIA GeForce RTX 2080' (Feature Level 11_0)
[2021.02.07-20.49.56:795][  0]LogD3D11RHI:       8010/0/16358 MB DedicatedVideo/DedicatedSystem/SharedSystem, Outputs:3, VendorId:0x10de
[2021.02.07-20.49.56:796][  0]LogD3D11RHI:    1. 'Microsoft Basic Render Driver' (Feature Level 11_0)
[2021.02.07-20.49.56:796][  0]LogD3D11RHI:       0/0/16358 MB DedicatedVideo/DedicatedSystem/SharedSystem, Outputs:0, VendorId:0x1414
[2021.02.07-20.49.56:796][  0]LogD3D11RHI: Chosen D3D11 Adapter: 0
[2021.02.07-20.49.56:801][  0]LogD3D11RHI: Creating new Direct3DDevice
[2021.02.07-20.49.56:801][  0]LogD3D11RHI:     GPU DeviceId: 0x1e82 (for the marketing name, search the web for "GPU Device Id")
[2021.02.07-20.49.56:801][  0]LogWindows: EnumDisplayDevices:
[2021.02.07-20.49.56:801][  0]LogWindows:    0. 'NVIDIA GeForce RTX 2080' (P:0 D:1)
[2021.02.07-20.49.56:802][  0]LogWindows:    1. 'NVIDIA GeForce RTX 2080' (P:0 D:1)
[2021.02.07-20.49.56:802][  0]LogWindows:    2. 'NVIDIA GeForce RTX 2080' (P:0 D:0)
[2021.02.07-20.49.56:802][  0]LogWindows:    3. 'NVIDIA GeForce RTX 2080' (P:1 D:1)
[2021.02.07-20.49.56:802][  0]LogWindows: DebugString: FoundDriverCount:4 
[2021.02.07-20.49.56:802][  0]LogD3D11RHI:     Adapter Name: NVIDIA GeForce RTX 2080
[2021.02.07-20.49.56:802][  0]LogD3D11RHI:   Driver Version: 461.40 (internal:27.21.14.6140, unified:461.40)
[2021.02.07-20.49.56:802][  0]LogD3D11RHI:      Driver Date: 1-22-2021
[2021.02.07-20.49.56:802][  0]LogRHI: Texture pool is 5607 MB (70% of 8010 MB)
[2021.02.07-20.49.56:870][  0]LogD3D11RHI: RHI has support for 64 bit atomics
[2021.02.07-20.49.56:871][  0]LogD3D11RHI: Async texture creation enabled
[2021.02.07-20.49.56:871][  0]LogD3D11RHI: Array index from any shader is supported
[2021.02.07-20.49.56:905][  0]LogD3D11RHI: GPU Timing Frequency: 1000.000000 (Debug: 2 1)
[2021.02.07-20.49.57:117][  0]LogTargetPlatformManager: Display: Loaded TargetPlatform 'AllDesktop'
[2021.02.07-20.49.57:137][  0]LogTargetPlatformManager: Display: Loaded TargetPlatform 'Android'
[2021.02.07-20.49.57:137][  0]LogTargetPlatformManager: Display: Loaded TargetPlatform 'Android_ASTC'
[2021.02.07-20.49.57:137][  0]LogTargetPlatformManager: Display: Loaded TargetPlatform 'Android_DXT'
[2021.02.07-20.49.57:137][  0]LogTargetPlatformManager: Display: Loaded TargetPlatform 'Android_ETC2'
[2021.02.07-20.49.57:137][  0]LogTargetPlatformManager: Display: Loaded TargetPlatform 'AndroidClient'
[2021.02.07-20.49.57:137][  0]LogTargetPlatformManager: Display: Loaded TargetPlatform 'Android_ASTCClient'
[2021.02.07-20.49.57:137][  0]LogTargetPlatformManager: Display: Loaded TargetPlatform 'Android_DXTClient'
[2021.02.07-20.49.57:137][  0]LogTargetPlatformManager: Display: Loaded TargetPlatform 'Android_ETC2Client'
[2021.02.07-20.49.57:137][  0]LogTargetPlatformManager: Display: Loaded TargetPlatform 'Android_Multi'
[2021.02.07-20.49.57:137][  0]LogTargetPlatformManager: Display: Loaded TargetPlatform 'Android_MultiClient'
[2021.02.07-20.49.57:161][  0]LogTargetPlatformManager: Display: Loaded TargetPlatform 'IOSClient'
[2021.02.07-20.49.57:161][  0]LogTargetPlatformManager: Display: Loaded TargetPlatform 'IOS'
[2021.02.07-20.49.57:171][  0]LogTargetPlatformManager: Display: Loaded TargetPlatform 'Linux'
[2021.02.07-20.49.57:180][  0]LogTargetPlatformManager: Display: Loaded TargetPlatform 'LinuxNoEditor'
[2021.02.07-20.49.57:189][  0]LogTargetPlatformManager: Display: Loaded TargetPlatform 'LinuxClient'
[2021.02.07-20.49.57:198][  0]LogTargetPlatformManager: Display: Loaded TargetPlatform 'LinuxServer'
[2021.02.07-20.49.57:206][  0]LogTargetPlatformManager: Display: Loaded TargetPlatform 'LinuxAArch64NoEditor'
[2021.02.07-20.49.57:215][  0]LogTargetPlatformManager: Display: Loaded TargetPlatform 'LinuxAArch64Client'
[2021.02.07-20.49.57:224][  0]LogTargetPlatformManager: Display: Loaded TargetPlatform 'LinuxAArch64Server'
[2021.02.07-20.49.57:250][  0]LogTargetPlatformManager: Display: Loaded TargetPlatform 'Lumin'
[2021.02.07-20.49.57:250][  0]LogTargetPlatformManager: Display: Loaded TargetPlatform 'LuminClient'
[2021.02.07-20.49.57:266][  0]LogTargetPlatformManager: Display: Loaded TargetPlatform 'TVOSClient'
[2021.02.07-20.49.57:266][  0]LogTargetPlatformManager: Display: Loaded TargetPlatform 'TVOS'
[2021.02.07-20.49.57:276][  0]LogTargetPlatformManager: Display: Loaded TargetPlatform 'WindowsNoEditor'
[2021.02.07-20.49.57:286][  0]LogTargetPlatformManager: Display: Loaded TargetPlatform 'Windows'
[2021.02.07-20.49.57:296][  0]LogTargetPlatformManager: Display: Loaded TargetPlatform 'WindowsClient'
[2021.02.07-20.49.57:305][  0]LogTargetPlatformManager: Display: Loaded TargetPlatform 'WindowsServer'
[2021.02.07-20.49.57:305][  0]LogTargetPlatformManager: Display: Building Assets For Windows
[2021.02.07-20.49.57:315][  0]LogAudioDebug: Display: Lib vorbis DLL was dynamically loaded.
[2021.02.07-20.49.57:399][  0]LogShaderCompilers: Guid format shader working directory is -18 characters bigger than the processId version (../../../../../../Users/hunte/Documents/Unreal Projects/FPSGame/Intermediate/Shaders/WorkingDirectory/12976/).
[2021.02.07-20.49.57:399][  0]LogShaderCompilers: Cleaned the shader compiler working directory 'C:/Users/hunte/AppData/Local/Temp/UnrealShaderWorkingDir/627B9EF94FFFE8E059FC7EB4A3B83FE1/'.
[2021.02.07-20.49.57:400][  0]LogXGEController: Cleaning working directory: C:/Users/hunte/AppData/Local/Temp/UnrealXGEWorkingDir/
[2021.02.07-20.49.57:400][  0]LogXGEController: Cannot use XGE Controller as Incredibuild is not installed on this machine.
[2021.02.07-20.49.57:400][  0]LogShaderCompilers: Cannot use XGE Shader Compiler as Incredibuild is not installed on this machine.
[2021.02.07-20.49.57:400][  0]LogShaderCompilers: Display: Using Local Shader Compiler.
[2021.02.07-20.49.58:187][  0]LogDerivedDataCache: Display: Max Cache Size: 512 MB
[2021.02.07-20.49.58:245][  0]LogDerivedDataCache: Loaded boot cache 0.06s 79MB C:/Users/hunte/AppData/Local/UnrealEngine/4.25/DerivedDataCache/Boot.ddc.
[2021.02.07-20.49.58:245][  0]LogDerivedDataCache: Display: Loaded Boot cache: C:/Users/hunte/AppData/Local/UnrealEngine/4.25/DerivedDataCache/Boot.ddc
[2021.02.07-20.49.58:245][  0]LogDerivedDataCache: FDerivedDataBackendGraph:  Pak pak cache file ../../../../../../Users/hunte/Documents/Unreal Projects/FPSGame/DerivedDataCache/DDC.ddp not found, will not use a pak cache.
[2021.02.07-20.49.58:245][  0]LogDerivedDataCache: Unable to find inner node Pak for hierarchical cache Hierarchy.
[2021.02.07-20.49.58:245][  0]LogDerivedDataCache: FDerivedDataBackendGraph:  CompressedPak pak cache file ../../../../../../Users/hunte/Documents/Unreal Projects/FPSGame/DerivedDataCache/Compressed.ddp not found, will not use a pak cache.
[2021.02.07-20.49.58:245][  0]LogDerivedDataCache: Unable to find inner node CompressedPak for hierarchical cache Hierarchy.
[2021.02.07-20.49.58:256][  0]LogDerivedDataCache: Display: Pak cache opened for reading ../../../Engine/DerivedDataCache/Compressed.ddp.
[2021.02.07-20.49.58:256][  0]LogDerivedDataCache: FDerivedDataBackendGraph:  EnterprisePak pak cache file ../../../Enterprise/DerivedDataCache/Compressed.ddp not found, will not use a pak cache.
[2021.02.07-20.49.58:256][  0]LogDerivedDataCache: Unable to find inner node EnterprisePak for hierarchical cache Hierarchy.
[2021.02.07-20.49.58:257][  0]LogDerivedDataCache: Using Local data cache path C:/Users/hunte/AppData/Local/UnrealEngine/Common/DerivedDataCache: Writable
[2021.02.07-20.49.58:257][  0]LogDerivedDataCache: Shared data cache path not found in *engine.ini, will not use an Shared cache.
[2021.02.07-20.49.58:258][  0]LogDerivedDataCache: Unable to find inner node Shared for hierarchical cache Hierarchy.
[2021.02.07-20.49.58:303][  0]LogSlate: Using FreeType 2.10.0
[2021.02.07-20.49.58:305][  0]LogSlate: SlateFontServices - WITH_FREETYPE: 1, WITH_HARFBUZZ: 1
[2021.02.07-20.49.58:331][  0]LogAssetRegistry: FAssetRegistry took 0.0034 seconds to start up
[2021.02.07-20.49.58:594][  0]LogInit: Selected Device Profile: [Windows]
[2021.02.07-20.49.58:732][  0]LogMeshReduction: Using QuadricMeshReduction for automatic static mesh reduction
[2021.02.07-20.49.58:733][  0]LogMeshReduction: Using SimplygonMeshReduction for automatic skeletal mesh reduction
[2021.02.07-20.49.58:733][  0]LogMeshReduction: Using ProxyLODMeshReduction for automatic mesh merging
[2021.02.07-20.49.58:733][  0]LogMeshReduction: No distributed automatic mesh merging module available
[2021.02.07-20.49.58:733][  0]LogMeshMerging: No distributed automatic mesh merging module available
[2021.02.07-20.49.58:767][  0]LogNetVersion: FPSGame 1.0.0, NetCL: 13144385, EngineNetVer: 14, GameNetVer: 0 (Checksum: 1304077534)
[2021.02.07-20.49.59:269][  0]LogAISub: UAISubsystem::UAISubsystem AISubsystem (0000026EB31BC340), frame # 0
[2021.02.07-20.49.59:269][  0]LogAISub: UAISubsystem::UAISubsystem AIPerceptionSystem (0000026EB30FBB00), frame # 0
[2021.02.07-20.49.59:273][  0]LogAISub: UAISubsystem::UAISubsystem EnvQueryManager (0000026EB3155E00), frame # 0
[2021.02.07-20.49.59:314][  0]LogPackageLocalizationCache: Processed 19 localized package path(s) for 1 prioritized culture(s) in 0.025788 seconds
[2021.02.07-20.49.59:319][  0]LogUObjectArray: 15917 objects as part of root set at end of initial load.
[2021.02.07-20.49.59:319][  0]LogUObjectAllocator: 3965568 out of 0 bytes used by permanent object pool.
[2021.02.07-20.49.59:319][  0]LogUObjectArray: CloseDisregardForGC: 0/0 objects in disregard for GC pool
[2021.02.07-20.49.59:843][  0]LogTcpMessaging: Initializing TcpMessaging bridge
[2021.02.07-20.49.59:849][  0]LogUdpMessaging: Initializing bridge on interface 0.0.0.0:0 to multicast group 230.0.0.1:6666.
[2021.02.07-20.50.00:110][  0]SourceControl: Source control is disabled
[2021.02.07-20.50.00:110][  0]SourceControl: Source control is disabled
[2021.02.07-20.50.00:117][  0]SourceControl: Source control is disabled
[2021.02.07-20.50.00:123][  0]SourceControl: Source control is disabled
[2021.02.07-20.50.00:131][  0]SourceControl: Source control is disabled
[2021.02.07-20.50.00:439][  0]LogAndroidPermission: UAndroidPermissionCallbackProxy::GetInstance
[2021.02.07-20.50.00:457][  0]LogAudioCaptureCore: Display: No Audio Capture implementations found. Audio input will be silent.
[2021.02.07-20.50.00:457][  0]LogAudioCaptureCore: Display: No Audio Capture implementations found. Audio input will be silent.
[2021.02.07-20.50.00:512][  0]LogOcInput: OculusInput pre-init called
[2021.02.07-20.50.00:525][  0]LogWindows: Failed to load 'OVRPlugin.dll' (GetLastError=126)
[2021.02.07-20.50.00:525][  0]LogWindows: File 'OVRPlugin.dll' does not exist
[2021.02.07-20.50.00:614][  0]LogEngine: Initializing Engine...
[2021.02.07-20.50.00:645][  0]LogHMD: Failed to initialize OpenVR with code 108
[2021.02.07-20.50.00:645][  0]LogMagicLeap: Warning: VR disabled because ZI is not enabled.  To enable, in the editor, Edit -> Project Settings -> Plugins -> Magic Leap Plugin -> Enable Zero Iteration
[2021.02.07-20.50.00:647][  0]LogStats: UGameplayTagsManager::InitializeManager -  0.001 s
[2021.02.07-20.50.00:749][  0]LogInit: Initializing FReadOnlyCVARCache
[2021.02.07-20.50.00:772][  0]LogAIModule: Creating AISystem for world Untitled
[2021.02.07-20.50.00:773][  0]LogAISub: UAISubsystem::UAISubsystem EnvQueryManager (0000026EB8D98800), frame # 0
[2021.02.07-20.50.00:773][  0]LogAISub: UAISubsystem::UAISubsystem AIPerceptionSystem (0000026EB8D82980), frame # 0
[2021.02.07-20.50.00:780][  0]LogAudioMixer: Display: Audio Mixer Platform Settings:
[2021.02.07-20.50.00:780][  0]LogAudioMixer: Display: 	Sample Rate:						  48000
[2021.02.07-20.50.00:780][  0]LogAudioMixer: Display: 	Callback Buffer Frame Size Requested: 1024
[2021.02.07-20.50.00:780][  0]LogAudioMixer: Display: 	Callback Buffer Frame Size To Use:	  1024
[2021.02.07-20.50.00:780][  0]LogAudioMixer: Display: 	Number of buffers to queue:			  2
[2021.02.07-20.50.00:780][  0]LogAudioMixer: Display: 	Max Channels (voices):				  32
[2021.02.07-20.50.00:780][  0]LogAudioMixer: Display: 	Number of Async Source Workers:		  0
[2021.02.07-20.50.00:780][  0]LogAudio: Display: AudioDevice MaxSources: 32
[2021.02.07-20.50.00:781][  0]LogAudio: Display: Using built-in audio occlusion.
[2021.02.07-20.50.00:781][  0]LogAudioMixer: Display: Initializing audio mixer.
[2021.02.07-20.50.00:798][  0]LogAudioMixer: Display: 0: FrontLeft
[2021.02.07-20.50.00:798][  0]LogAudioMixer: Display: 1: FrontRight
[2021.02.07-20.50.00:834][  0]LogAudioMixer: Display: Using Audio Device Speakers (Realtek(R) Audio)
[2021.02.07-20.50.00:835][  0]LogAudioMixer: Display: Initializing Sound Submixes...
[2021.02.07-20.50.00:838][  0]LogAudioMixer: Display: Creating Master Submix 'MasterSubmixDefault'
[2021.02.07-20.50.00:838][  0]LogAudioMixer: Display: Creating Master Submix 'MasterReverbSubmixDefault'
[2021.02.07-20.50.00:839][  0]LogAudioMixer: Display: Creating Master Submix 'MasterEQSubmixDefault'
[2021.02.07-20.50.00:839][  0]LogInit: FAudioDevice initialized.
[2021.02.07-20.50.00:840][  0]LogNetVersion: Set ProjectVersion to 1.0.0.0. Version Checksum will be recalculated on next use.
[2021.02.07-20.50.00:879][  0]LogDerivedDataCache: Saved boot cache 0.04s 79MB C:/Users/hunte/AppData/Local/UnrealEngine/4.25/DerivedDataCache/Boot.ddc.
[2021.02.07-20.50.00:879][  0]LogInit: Texture streaming: Enabled
[2021.02.07-20.50.00:895][  0]LogEngineSessionManager: EngineSessionManager initialized
[2021.02.07-20.50.00:896][  0]LogEngineSessionManager: EngineSessionManager sent abnormal shutdown report. Type=AbnormalShutdown, SessionId={DE847059-41C2-4916-1327-728BC2AC147D}
[2021.02.07-20.50.00:896][  0]LogEditorSessionSummary: Verbose: Initializing EditorSessionSummaryWriter for editor session tracking
[2021.02.07-20.50.00:897][  0]LogEditorSessionSummary: EditorSessionSummaryWriter initialized
[2021.02.07-20.50.00:938][  0]LogInit: Transaction tracking system initialized
[2021.02.07-20.50.00:970][  0]BlueprintLog: New page: Editor Load
[2021.02.07-20.50.01:081][  0]LocalizationService: Localization service is disabled
[2021.02.07-20.50.01:275][  0]LogCook: Display: Max memory allowance for cook 16384mb min free memory 0mb
[2021.02.07-20.50.01:275][  0]LogCook: Display: Mobile HDR setting 1
[2021.02.07-20.50.01:365][  0]LogFileCache: Scanning file cache for directory 'C:/Users/hunte/Documents/Unreal Projects/FPSGame/Content/' took 0.00s
[2021.02.07-20.50.01:589][  0]SourceControl: Source control is disabled
[2021.02.07-20.50.01:727][  0]LogSlate: Took 0.000423 seconds to synchronously load lazily loaded font '../../../Engine/Content/Slate/Fonts/Roboto-Regular.ttf' (155K)
[2021.02.07-20.50.09:208][  0]LogSlate: Window 'Restore Packages' being destroyed
[2021.02.07-20.50.09:208][  0]LogWindowsTextInputMethodSystem: Display: IME system now deactivated.
[2021.02.07-20.50.09:216][  0]LogWindowsTextInputMethodSystem: Display: IME system now deactivated.
[2021.02.07-20.50.09:216][  0]LogUnrealEdMisc: Loading editor; pre map load, took 35.340
[2021.02.07-20.50.09:217][  0]Cmd: MAP LOAD FILE="../../../../../../Users/hunte/Documents/Unreal Projects/FPSGame/Content/FirstPersonCPP/Maps/FirstPersonExampleMap.umap" TEMPLATE=0 SHOWPROGRESS=1 FEATURELEVEL=3
[2021.02.07-20.50.09:219][  0]LightingResults: New page: Lighting Build
[2021.02.07-20.50.09:222][  0]LogWorld: UWorld::CleanupWorld for Untitled, bSessionEnded=true, bCleanupResources=true
[2021.02.07-20.50.09:223][  0]LogSlate: InvalidateAllWidgets triggered.  All widgets were invalidated
[2021.02.07-20.50.09:223][  0]MapCheck: New page: Map Check
[2021.02.07-20.50.09:223][  0]LightingResults: New page: Lighting Build
[2021.02.07-20.50.09:237][  0]LogAISub: UAISubsystem::~UAISubsystem EnvQueryManager (0000026EB8D98800), frame # 0
[2021.02.07-20.50.09:237][  0]LogAISub: UAISubsystem::~UAISubsystem AIPerceptionSystem (0000026EB8D82980), frame # 0
[2021.02.07-20.50.09:238][  0]LogUObjectHash: Compacting FUObjectHashTables data took   0.95ms
[2021.02.07-20.50.09:481][  0]LogAIModule: Creating AISystem for world FirstPersonExampleMap
[2021.02.07-20.50.09:481][  0]LogAISub: UAISubsystem::UAISubsystem EnvQueryManager (0000026EACBFFE00), frame # 0
[2021.02.07-20.50.09:481][  0]LogAISub: UAISubsystem::UAISubsystem AIPerceptionSystem (0000026EB9026840), frame # 0
[2021.02.07-20.50.09:555][  0]LogEditorServer: Finished looking for orphan Actors (0.000 secs)
[2021.02.07-20.50.09:571][  0]LogUObjectHash: Compacting FUObjectHashTables data took   0.85ms
[2021.02.07-20.50.09:571][  0]Cmd: MAP CHECKDEP NOCLEARLOG
[2021.02.07-20.50.09:571][  0]MapCheck: Map check complete: 0 Error(s), 0 Warning(s), took 0.289ms to complete.
[2021.02.07-20.50.09:571][  0]LogFileHelpers: Loading map 'FirstPersonExampleMap' took 0.354
[2021.02.07-20.50.09:587][  0]LogUnrealEdMisc: Total Editor Startup Time, took 35.710
[2021.02.07-20.50.09:682][  0]LogSlate: Updating window title bar state: overlay mode, drag disabled, window buttons hidden, title bar hidden
[2021.02.07-20.50.09:688][  0]LogSlate: Updating window title bar state: overlay mode, drag disabled, window buttons hidden, title bar hidden
[2021.02.07-20.50.09:693][  0]LogSlate: Updating window title bar state: overlay mode, drag disabled, window buttons hidden, title bar hidden
[2021.02.07-20.50.09:698][  0]LogSlate: Updating window title bar state: overlay mode, drag disabled, window buttons hidden, title bar hidden
[2021.02.07-20.50.09:709][  0]LogCollectionManager: Loaded 0 collections in 0.002066 seconds
[2021.02.07-20.50.09:733][  0]LogFileCache: Scanning file cache for directory 'C:/Users/hunte/Documents/Unreal Projects/FPSGame/Saved/Collections/' took 0.00s
[2021.02.07-20.50.09:733][  0]LogFileCache: Scanning file cache for directory 'C:/Users/hunte/Documents/Unreal Projects/FPSGame/Content/Developers/hunte/Collections/' took 0.00s
[2021.02.07-20.50.09:733][  0]LogFileCache: Scanning file cache for directory 'C:/Users/hunte/Documents/Unreal Projects/FPSGame/Content/Collections/' took 0.00s
[2021.02.07-20.50.09:733][  0]LogContentBrowser: Native class hierarchy populated in 0.0094 seconds. Added 3433 classes and 823 folders.
[2021.02.07-20.50.09:739][  0]LogContentBrowser: Native class hierarchy updated for 'WidgetCarousel' in 0.0003 seconds. Added 0 classes and 0 folders.
[2021.02.07-20.50.09:818][  0]LogContentBrowser: Native class hierarchy updated for 'AddContentDialog' in 0.0004 seconds. Added 0 classes and 0 folders.
[2021.02.07-20.50.09:847][  0]LogContentBrowser: Native class hierarchy updated for 'SceneOutliner' in 0.0003 seconds. Added 2 classes and 0 folders.
[2021.02.07-20.50.09:887][  0]LogSlate: Took 0.000697 seconds to synchronously load lazily loaded font '../../../Engine/Content/Slate/Fonts/Roboto-Bold.ttf' (160K)
[2021.02.07-20.50.09:953][  0]LogRenderer: Reallocating scene render targets to support 1272x592 Format 10 NumSamples 1 (Frame:1).
[2021.02.07-20.50.10:089][  0]LogContentBrowser: Native class hierarchy updated for 'HierarchicalLODOutliner' in 0.0004 seconds. Added 0 classes and 0 folders.
[2021.02.07-20.50.10:089][  0]LogLoad: (Engine Initialization) Total time: 36.21 seconds
[2021.02.07-20.50.10:089][  0]LogLoad: (Engine Initialization) Total Blueprint compile time: 0.00 seconds
[2021.02.07-20.50.10:127][  0]LogAssetRegistry: Asset discovery search completed in 11.7968 seconds
[2021.02.07-20.50.10:130][  0]LogCollectionManager: Fixed up redirectors for 0 collections in 0.000002 seconds (updated 0 objects)
[2021.02.07-20.50.10:137][  0]LogContentStreaming: Texture pool size now 1000 MB
[2021.02.07-20.50.11:122][107]LogSlate: Took 0.000847 seconds to synchronously load lazily loaded font '../../../Engine/Content/Slate/Fonts/Roboto-Light.ttf' (167K)
[2021.02.07-20.50.14:755][246]LogAssetEditorSubsystem: Opening Asset editor for Blueprint /Game/FirstPerson/Character/FPSCharacter.FPSCharacter
[2021.02.07-20.50.14:972][246]LogContentBrowser: Native class hierarchy updated for 'BlueprintGraph' in 0.0005 seconds. Added 125 classes and 0 folders.
[2021.02.07-20.50.15:671][246]LogAssetEditorSubsystem: Opening Asset editor for Blueprint /Game/FirstPerson/Blueprints/Interactables/Spike.Spike
[2021.02.07-20.50.15:953][246]LogSlate: Took 0.000372 seconds to synchronously load lazily loaded font '../../../Engine/Content/Editor/Slate/Fonts/FontAwesome.ttf' (139K)
[2021.02.07-20.50.15:955][246]LogSlate: Took 0.000523 seconds to synchronously load lazily loaded font '../../../Engine/Content/Slate/Fonts/Roboto-BoldCondensed.ttf' (158K)
[2021.02.07-20.50.15:999][247]LogSlate: Took 0.000570 seconds to synchronously load lazily loaded font '../../../Engine/Content/Slate/Fonts/Roboto-Italic.ttf' (157K)
[2021.02.07-20.50.20:860][398]LogTemp: Repeating last play command: New Editor Window (PIE)
[2021.02.07-20.50.20:873][398]LogPlayLevel: PlayLevel: No blueprints needed recompiling
[2021.02.07-20.50.20:875][398]PIE: New page: PIE session: FirstPersonExampleMap (Feb 7, 2021, 4:50:20 AM)
[2021.02.07-20.50.20:876][398]LogOnline: OSS: Creating online subsystem instance for: NULL
[2021.02.07-20.50.20:877][398]LogOnline: OSS: TryLoadSubsystemAndSetDefault: Loaded subsystem for module [NULL]
[2021.02.07-20.50.20:877][398]LogPlayLevel: Creating play world package: /Game/FirstPersonCPP/Maps/UEDPIE_0_FirstPersonExampleMap
[2021.02.07-20.50.20:894][398]LogPlayLevel: PIE: StaticDuplicateObject took: (0.016862s)
[2021.02.07-20.50.20:895][398]LogAIModule: Creating AISystem for world FirstPersonExampleMap
[2021.02.07-20.50.20:895][398]LogAISub: UAISubsystem::UAISubsystem EnvQueryManager (0000026F08B7BE00), frame # 398
[2021.02.07-20.50.20:895][398]LogAISub: UAISubsystem::UAISubsystem AIPerceptionSystem (0000026F08B8DA80), frame # 398
[2021.02.07-20.50.20:895][398]LogPlayLevel: PIE: World Init took: (0.001012s)
[2021.02.07-20.50.20:895][398]LogPlayLevel: PIE: Created PIE world by copying editor world from /Game/FirstPersonCPP/Maps/FirstPersonExampleMap.FirstPersonExampleMap to /Game/FirstPersonCPP/Maps/UEDPIE_0_FirstPersonExampleMap.FirstPersonExampleMap (0.018014s)
[2021.02.07-20.50.20:916][398]LogUObjectHash: Compacting FUObjectHashTables data took   1.78ms
[2021.02.07-20.50.20:917][398]LogAudioMixer: Display: Audio Mixer Platform Settings:
[2021.02.07-20.50.20:917][398]LogAudioMixer: Display: 	Sample Rate:						  48000
[2021.02.07-20.50.20:917][398]LogAudioMixer: Display: 	Callback Buffer Frame Size Requested: 1024
[2021.02.07-20.50.20:917][398]LogAudioMixer: Display: 	Callback Buffer Frame Size To Use:	  1024
[2021.02.07-20.50.20:917][398]LogAudioMixer: Display: 	Number of buffers to queue:			  2
[2021.02.07-20.50.20:917][398]LogAudioMixer: Display: 	Max Channels (voices):				  32
[2021.02.07-20.50.20:917][398]LogAudioMixer: Display: 	Number of Async Source Workers:		  0
[2021.02.07-20.50.20:917][398]LogAudio: Display: AudioDevice MaxSources: 32
[2021.02.07-20.50.20:918][398]LogAudio: Display: Using built-in audio occlusion.
[2021.02.07-20.50.20:918][398]LogAudioMixer: Display: Initializing audio mixer.
[2021.02.07-20.50.20:922][398]LogAudioMixer: Display: 0: FrontLeft
[2021.02.07-20.50.20:922][398]LogAudioMixer: Display: 1: FrontRight
[2021.02.07-20.50.20:939][398]LogAudioMixer: Display: Using Audio Device Speakers (Realtek(R) Audio)
[2021.02.07-20.50.20:939][398]LogAudioMixer: Display: Initializing Sound Submixes...
[2021.02.07-20.50.20:939][398]LogAudioMixer: Display: Creating Master Submix 'MasterSubmixDefault'
[2021.02.07-20.50.20:939][398]LogAudioMixer: Display: Creating Master Submix 'MasterReverbSubmixDefault'
[2021.02.07-20.50.20:940][398]LogAudioMixer: Display: Creating Master Submix 'MasterEQSubmixDefault'
[2021.02.07-20.50.20:949][398]LogInit: FAudioDevice initialized.
[2021.02.07-20.50.20:972][398]LogSlate: Updating window title bar state: overlay mode, drag disabled, window buttons hidden, title bar hidden
[2021.02.07-20.50.20:972][398]LogLoad: Game class is 'FPSGameGameMode'
[2021.02.07-20.50.20:976][398]LogWorld: Bringing World /Game/FirstPersonCPP/Maps/UEDPIE_0_FirstPersonExampleMap.FirstPersonExampleMap up for play (max tick rate 0) at 2021.02.07-12.50.20
[2021.02.07-20.50.20:979][398]LogWorld: Bringing up level for play took: 0.005523
[2021.02.07-20.50.20:979][398]LogOnline: OSS: Creating online subsystem instance for: :Context_3
[2021.02.07-20.50.20:984][398]LogContentBrowser: Native class hierarchy updated for 'MovieSceneCapture' in 0.0003 seconds. Added 20 classes and 0 folders.
[2021.02.07-20.50.20:989][398]PIE: Server logged in
[2021.02.07-20.50.20:990][398]PIE: Play in editor total start time 0.117 seconds.
[2021.02.07-20.50.21:022][398]LogSlate: Took 0.000648 seconds to synchronously load lazily loaded font '../../../Engine/Content/Slate/Fonts/DroidSansMono.ttf' (77K)
[2021.02.07-20.50.21:102][398]LogRenderer: Reallocating scene render targets to support 1280x720 Format 10 NumSamples 1 (Frame:1).
[2021.02.07-20.50.28:230][882]LogSlate: Updating window title bar state: overlay mode, drag disabled, window buttons hidden, title bar hidden
[2021.02.07-20.50.28:230][882]LogWorld: BeginTearingDown for /Game/FirstPersonCPP/Maps/UEDPIE_0_FirstPersonExampleMap
[2021.02.07-20.50.28:230][882]LogSlate: Window 'FPSGame Preview [NetMode: Standalone] (64-bit/Windows) ' being destroyed
[2021.02.07-20.50.28:235][882]LogWorld: UWorld::CleanupWorld for FirstPersonExampleMap, bSessionEnded=true, bCleanupResources=true
[2021.02.07-20.50.28:236][882]LogSlate: InvalidateAllWidgets triggered.  All widgets were invalidated
[2021.02.07-20.50.28:241][882]LogPlayLevel: Display: Shutting down PIE online subsystems
[2021.02.07-20.50.28:244][882]LogSlate: InvalidateAllWidgets triggered.  All widgets were invalidated
[2021.02.07-20.50.28:287][882]LogAISub: UAISubsystem::~UAISubsystem EnvQueryManager (0000026F08B7BE00), frame # 882
[2021.02.07-20.50.28:287][882]LogAISub: UAISubsystem::~UAISubsystem AIPerceptionSystem (0000026F08B8DA80), frame # 882
[2021.02.07-20.50.28:297][882]LogUObjectHash: Compacting FUObjectHashTables data took   3.10ms
[2021.02.07-20.50.28:317][883]LogPlayLevel: Display: Destroying online subsystem :Context_3
[2021.02.07-20.50.29:971][ 70]LogTemp: Repeating last play command: New Editor Window (PIE)
[2021.02.07-20.50.29:982][ 70]LogPlayLevel: PlayLevel: No blueprints needed recompiling
[2021.02.07-20.50.29:982][ 70]PIE: New page: PIE session: FirstPersonExampleMap (Feb 7, 2021, 4:50:29 AM)
[2021.02.07-20.50.29:983][ 70]LogPlayLevel: Creating play world package: /Game/FirstPersonCPP/Maps/UEDPIE_0_FirstPersonExampleMap
[2021.02.07-20.50.29:997][ 70]LogPlayLevel: PIE: StaticDuplicateObject took: (0.014044s)
[2021.02.07-20.50.29:997][ 70]LogAIModule: Creating AISystem for world FirstPersonExampleMap
[2021.02.07-20.50.29:997][ 70]LogAISub: UAISubsystem::UAISubsystem EnvQueryManager (0000026EE22C9600), frame # 1070
[2021.02.07-20.50.29:997][ 70]LogAISub: UAISubsystem::UAISubsystem AIPerceptionSystem (0000026EE9F6E5C0), frame # 1070
[2021.02.07-20.50.29:998][ 70]LogPlayLevel: PIE: World Init took: (0.000975s)
[2021.02.07-20.50.29:998][ 70]LogPlayLevel: PIE: Created PIE world by copying editor world from /Game/FirstPersonCPP/Maps/FirstPersonExampleMap.FirstPersonExampleMap to /Game/FirstPersonCPP/Maps/UEDPIE_0_FirstPersonExampleMap.FirstPersonExampleMap (0.015120s)
[2021.02.07-20.50.30:020][ 70]LogUObjectHash: Compacting FUObjectHashTables data took   2.61ms
[2021.02.07-20.50.30:020][ 70]LogAudioMixer: Display: Audio Mixer Platform Settings:
[2021.02.07-20.50.30:021][ 70]LogAudioMixer: Display: 	Sample Rate:						  48000
[2021.02.07-20.50.30:021][ 70]LogAudioMixer: Display: 	Callback Buffer Frame Size Requested: 1024
[2021.02.07-20.50.30:021][ 70]LogAudioMixer: Display: 	Callback Buffer Frame Size To Use:	  1024
[2021.02.07-20.50.30:021][ 70]LogAudioMixer: Display: 	Number of buffers to queue:			  2
[2021.02.07-20.50.30:021][ 70]LogAudioMixer: Display: 	Max Channels (voices):				  32
[2021.02.07-20.50.30:021][ 70]LogAudioMixer: Display: 	Number of Async Source Workers:		  0
[2021.02.07-20.50.30:021][ 70]LogAudio: Display: AudioDevice MaxSources: 32
[2021.02.07-20.50.30:021][ 70]LogAudio: Display: Using built-in audio occlusion.
[2021.02.07-20.50.30:021][ 70]LogAudioMixer: Display: Initializing audio mixer.
[2021.02.07-20.50.30:025][ 70]LogAudioMixer: Display: 0: FrontLeft
[2021.02.07-20.50.30:025][ 70]LogAudioMixer: Display: 1: FrontRight
[2021.02.07-20.50.30:042][ 70]LogAudioMixer: Display: Using Audio Device Speakers (Realtek(R) Audio)
[2021.02.07-20.50.30:042][ 70]LogAudioMixer: Display: Initializing Sound Submixes...
[2021.02.07-20.50.30:042][ 70]LogAudioMixer: Display: Creating Master Submix 'MasterSubmixDefault'
[2021.02.07-20.50.30:042][ 70]LogAudioMixer: Display: Creating Master Submix 'MasterReverbSubmixDefault'
[2021.02.07-20.50.30:043][ 70]LogAudioMixer: Display: Creating Master Submix 'MasterEQSubmixDefault'
[2021.02.07-20.50.30:052][ 70]LogInit: FAudioDevice initialized.
[2021.02.07-20.50.30:088][ 70]LogSlate: Updating window title bar state: overlay mode, drag disabled, window buttons hidden, title bar hidden
[2021.02.07-20.50.30:088][ 70]LogLoad: Game class is 'FPSGameGameMode'
[2021.02.07-20.50.30:092][ 70]LogWorld: Bringing World /Game/FirstPersonCPP/Maps/UEDPIE_0_FirstPersonExampleMap.FirstPersonExampleMap up for play (max tick rate 0) at 2021.02.07-12.50.30
[2021.02.07-20.50.30:092][ 70]LogWorld: Bringing up level for play took: 0.003837
[2021.02.07-20.50.30:092][ 70]LogOnline: OSS: Creating online subsystem instance for: :Context_4
[2021.02.07-20.50.30:097][ 70]PIE: Server logged in
[2021.02.07-20.50.30:098][ 70]PIE: Play in editor total start time 0.116 seconds.
[2021.02.07-20.50.41:280][396]LogTemp: Warning: Damage taken! 
[2021.02.07-20.50.41:280][396]LogTemp: Warning: justDamaged = true! 
[2021.02.07-20.50.41:280][396]LogTemp: Warning: Healing Player 
