Log file open, 02/05/21 17:54:09
LogInit: Display: Running engine for game: FPSGame
LogPlatformFile: Not using cached read wrapper
LogTaskGraph: Started task graph with 5 named threads and 35 total threads with 3 sets of task threads.
LogStats: Stats thread started at 0.537513
LogD3D11RHI: Loaded GFSDK_Aftermath_Lib.x64.dll
LogICUInternationalization: ICU TimeZone Detection - Raw Offset: -8:00, Platform Override: ''
LogPluginManager: Mounting plugin Paper2D
LogPluginManager: Mounting plugin AISupport
LogPluginManager: Mounting plugin LightPropagationVolume
LogPluginManager: Mounting plugin CameraShakePreviewer
LogPluginManager: Mounting plugin ActorLayerUtilities
LogPluginManager: Mounting plugin AnimationSharing
LogPluginManager: Mounting plugin CLionSourceCodeAccess
LogPluginManager: Mounting plugin CodeLiteSourceCodeAccess
LogPluginManager: Mounting plugin GitSourceControl
LogPluginManager: Mounting plugin KDevelopSourceCodeAccess
LogPluginManager: Mounting plugin NullSourceCodeAccess
LogPluginManager: Mounting plugin PerforceSourceControl
LogPluginManager: Mounting plugin PlasticSourceControl
LogPluginManager: Mounting plugin RiderSourceCodeAccess
LogPluginManager: Mounting plugin SubversionSourceControl
LogPluginManager: Mounting plugin UObjectPlugin
LogPluginManager: Mounting plugin VisualStudioCodeSourceCodeAccess
LogPluginManager: Mounting plugin VisualStudioSourceCodeAccess
LogPluginManager: Mounting plugin XCodeSourceCodeAccess
LogPluginManager: Mounting plugin AssetManagerEditor
LogPluginManager: Mounting plugin CryptoKeys
LogPluginManager: Mounting plugin CurveEditorTools
LogPluginManager: Mounting plugin DataValidation
LogPluginManager: Mounting plugin EditorScriptingUtilities
LogPluginManager: Mounting plugin FacialAnimation
LogPluginManager: Mounting plugin GameplayTagsEditor
LogPluginManager: Mounting plugin GeometryMode
LogPluginManager: Mounting plugin MacGraphicsSwitching
LogPluginManager: Mounting plugin MaterialAnalyzer
LogPluginManager: Mounting plugin MobileLauncherProfileWizard
LogPluginManager: Mounting plugin PluginBrowser
LogPluginManager: Mounting plugin SpeedTreeImporter
LogPluginManager: Mounting plugin DatasmithContent
LogPluginManager: Mounting plugin VariantManagerContent
LogPluginManager: Mounting plugin AlembicImporter
LogPluginManager: Mounting plugin AutomationUtils
LogPluginManager: Mounting plugin BackChannel
LogPluginManager: Mounting plugin ChaosCloth
LogPluginManager: Mounting plugin ChaosClothEditor
LogPluginManager: Mounting plugin ChaosEditor
LogPluginManager: Mounting plugin ChaosNiagara
LogPluginManager: Mounting plugin ChaosSolverPlugin
LogPluginManager: Mounting plugin CharacterAI
LogPluginManager: Mounting plugin GeometryCache
LogPluginManager: Mounting plugin GeometryCollectionPlugin
LogPluginManager: Mounting plugin GeometryProcessing
LogPluginManager: Mounting plugin PlanarCut
LogPluginManager: Mounting plugin PlatformCrypto
LogPluginManager: Mounting plugin ProxyLODPlugin
LogPluginManager: Mounting plugin SkeletalReduction
LogPluginManager: Mounting plugin Niagara
LogPluginManager: Mounting plugin MagicLeap
LogPluginManager: Mounting plugin MagicLeapLightEstimation
LogPluginManager: Mounting plugin MagicLeapMedia
LogPluginManager: Mounting plugin MagicLeapPassableWorld
LogPluginManager: Mounting plugin MLSDK
LogPluginManager: Mounting plugin AndroidMedia
LogPluginManager: Mounting plugin AvfMedia
LogPluginManager: Mounting plugin ImgMedia
LogPluginManager: Mounting plugin MediaCompositing
LogPluginManager: Mounting plugin MediaPlayerEditor
LogPluginManager: Mounting plugin WebMMedia
LogPluginManager: Mounting plugin WmfMedia
LogPluginManager: Mounting plugin MeshPainting
LogPluginManager: Mounting plugin TcpMessaging
LogPluginManager: Mounting plugin UdpMessaging
LogPluginManager: Mounting plugin ActorSequence
LogPluginManager: Mounting plugin LevelSequenceEditor
LogPluginManager: Mounting plugin MatineeToLevelSequence
LogPluginManager: Mounting plugin MovieRenderPipeline
LogPluginManager: Mounting plugin TemplateSequence
LogPluginManager: Mounting plugin NetcodeUnitTest
LogPluginManager: Mounting plugin NUTUnrealEngine4
LogPluginManager: Mounting plugin OnlineSubsystemGooglePlay
LogPluginManager: Mounting plugin OnlineSubsystemIOS
LogPluginManager: Mounting plugin OnlineSubsystem
LogPluginManager: Mounting plugin OnlineSubsystemNull
LogPluginManager: Mounting plugin OnlineSubsystemUtils
LogPluginManager: Mounting plugin LauncherChunkInstaller
LogPluginManager: Mounting plugin AndroidDeviceProfileSelector
LogPluginManager: Mounting plugin AndroidMoviePlayer
LogPluginManager: Mounting plugin AndroidPermission
LogPluginManager: Mounting plugin AppleImageUtils
LogPluginManager: Mounting plugin AppleMoviePlayer
LogPluginManager: Mounting plugin ArchVisCharacter
LogPluginManager: Mounting plugin AssetTags
LogPluginManager: Mounting plugin AudioCapture
LogPluginManager: Mounting plugin CableComponent
LogPluginManager: Mounting plugin CustomMeshComponent
LogPluginManager: Mounting plugin EditableMesh
LogPluginManager: Mounting plugin ExampleDeviceProfileSelector
LogPluginManager: Mounting plugin GoogleCloudMessaging
LogPluginManager: Mounting plugin GooglePAD
LogPluginManager: Mounting plugin IOSDeviceProfileSelector
LogPluginManager: Mounting plugin LinuxDeviceProfileSelector
LogPluginManager: Mounting plugin LocationServicesBPLibrary
LogPluginManager: Mounting plugin MobilePatchingUtils
LogPluginManager: Mounting plugin OculusVR
LogPluginManager: Mounting plugin PhysXVehicles
LogPluginManager: Mounting plugin PostSplashScreen
LogPluginManager: Mounting plugin ProceduralMeshComponent
LogPluginManager: Mounting plugin RuntimePhysXCooking
LogPluginManager: Mounting plugin SignificanceManager
LogPluginManager: Mounting plugin SoundFields
LogPluginManager: Mounting plugin SteamVR
LogPluginManager: Mounting plugin Synthesis
LogPluginManager: Mounting plugin WebMMoviePlayer
LogPluginManager: Mounting plugin WindowsMoviePlayer
LogPluginManager: Mounting plugin ScreenshotTools
LogInit: Using libcurl 7.55.1-DEV
LogInit:  - built for x86_64-pc-win32
LogInit:  - supports SSL with OpenSSL/1.1.1
LogInit:  - supports HTTP deflate (compression) using libz 1.2.8
LogInit:  - other features:
LogInit:      CURL_VERSION_SSL
LogInit:      CURL_VERSION_LIBZ
LogInit:      CURL_VERSION_IPV6
LogInit:      CURL_VERSION_ASYNCHDNS
LogInit:      CURL_VERSION_LARGEFILE
LogInit:      CURL_VERSION_IDN
LogInit:  CurlRequestOptions (configurable via config and command line):
LogInit:  - bVerifyPeer = true  - Libcurl will verify peer certificate
LogInit:  - bUseHttpProxy = false  - Libcurl will NOT use HTTP proxy
LogInit:  - bDontReuseConnections = false  - Libcurl will reuse connections
LogInit:  - MaxHostConnections = 16  - Libcurl will limit the number of connections to a host
LogInit:  - LocalHostAddr = Default
LogInit:  - BufferSize = 65536
LogOnline: OSS: Creating online subsystem instance for: NULL
LogInit: WinSock: version 1.1 (2.2), MaxSocks=32767, MaxUdp=65467
LogOnline: OSS: TryLoadSubsystemAndSetDefault: Loaded subsystem for module [NULL]
LogInit: Build: ++UE4+Release-4.25-CL-14469661
LogInit: Engine Version: 4.25.4-14469661+++UE4+Release-4.25
LogInit: Compatible Engine Version: 4.25.0-13144385+++UE4+Release-4.25
LogInit: Net CL: 13144385
LogInit: OS: Windows 10 (Release 2004) (), CPU: AMD Ryzen 5 3600 6-Core Processor              , GPU: NVIDIA GeForce RTX 2080
LogInit: Compiled (64-bit): Oct 11 2020 08:10:49
LogInit: Compiled with Visual C++: 19.24.28315.00
LogInit: Build Configuration: Development
LogInit: Branch Name: ++UE4+Release-4.25
LogInit: Command Line: 
LogInit: Base Directory: C:/Program Files/Epic Games/UE_4.25/Engine/Binaries/Win64/
LogInit: Allocator: TBB
LogInit: Installed Engine Build: 1
LogDevObjectVersion: Number of dev versions registered: 26
LogDevObjectVersion:   Dev-Blueprints (B0D832E4-1F89-4F0D-ACCF-7EB736FD4AA2): 10
LogDevObjectVersion:   Dev-Build (E1C64328-A22C-4D53-A36C-8E866417BD8C): 0
LogDevObjectVersion:   Dev-Core (375EC13C-06E4-48FB-B500-84F0262A717E): 4
LogDevObjectVersion:   Dev-Editor (E4B068ED-F494-42E9-A231-DA0B2E46BB41): 38
LogDevObjectVersion:   Dev-Framework (CFFC743F-43B0-4480-9391-14DF171D2073): 37
LogDevObjectVersion:   Dev-Mobile (B02B49B5-BB20-44E9-A304-32B752E40360): 2
LogDevObjectVersion:   Dev-Networking (A4E4105C-59A1-49B5-A7C5-40C4547EDFEE): 0
LogDevObjectVersion:   Dev-Online (39C831C9-5AE6-47DC-9A44-9C173E1C8E7C): 0
LogDevObjectVersion:   Dev-Physics (78F01B33-EBEA-4F98-B9B4-84EACCB95AA2): 4
LogDevObjectVersion:   Dev-Platform (6631380F-2D4D-43E0-8009-CF276956A95A): 0
LogDevObjectVersion:   Dev-Rendering (12F88B9F-8875-4AFC-A67C-D90C383ABD29): 43
LogDevObjectVersion:   Dev-Sequencer (7B5AE74C-D270-4C10-A958-57980B212A5A): 12
LogDevObjectVersion:   Dev-VR (D7296918-1DD6-4BDD-9DE2-64A83CC13884): 3
LogDevObjectVersion:   Dev-LoadTimes (C2A15278-BFE7-4AFE-6C17-90FF531DF755): 1
LogDevObjectVersion:   Private-Geometry (6EACA3D4-40EC-4CC1-B786-8BED09428FC5): 3
LogDevObjectVersion:   Dev-AnimPhys (29E575DD-E0A3-4627-9D10-D276232CDCEA): 17
LogDevObjectVersion:   Dev-Anim (AF43A65D-7FD3-4947-9873-3E8ED9C1BB05): 7
LogDevObjectVersion:   Dev-ReflectionCapture (6B266CEC-1EC7-4B8F-A30B-E4D90942FC07): 1
LogDevObjectVersion:   Dev-Automation (0DF73D61-A23F-47EA-B727-89E90C41499A): 1
LogDevObjectVersion:   FortniteMain (601D1886-AC64-4F84-AA16-D3DE0DEAC7D6): 31
LogDevObjectVersion:   Dev-Enterprise (9DFFBCD6-494F-0158-E221-12823C92A888): 10
LogDevObjectVersion:   Dev-Niagara (F2AED0AC-9AFE-416F-8664-AA7FFA26D6FC): 1
LogDevObjectVersion:   Dev-Destruction (174F1F0B-B4C6-45A5-B13F-2EE8D0FB917D): 10
LogDevObjectVersion:   Dev-Physics-Ext (35F94A83-E258-406C-A318-09F59610247C): 37
LogDevObjectVersion:   Dev-PhysicsMaterial-Chaos (B68FC16E-8B1B-42E2-B453-215C058844FE): 1
LogDevObjectVersion:   Dev-CineCamera (B2E18506-4273-CFC2-A54E-F4BB758BBA07): 1
LogInit: Presizing for max 25165824 objects, including 0 objects not considered by GC, pre-allocating 0 bytes for permanent pool.
LogConfig: Applying CVar settings from Section [/Script/Engine.StreamingSettings] File [C:/Users/hunte/Documents/Unreal Projects/FPSGame/Saved/Config/Windows/Engine.ini]
LogConfig: Setting CVar [[s.MinBulkDataSizeForAsyncLoading:131072]]
LogConfig: Setting CVar [[s.AsyncLoadingThreadEnabled:0]]
LogConfig: Setting CVar [[s.EventDrivenLoaderEnabled:1]]
LogConfig: Setting CVar [[s.WarnIfTimeLimitExceeded:0]]
LogConfig: Setting CVar [[s.TimeLimitExceededMultiplier:1.5]]
LogConfig: Setting CVar [[s.TimeLimitExceededMinTime:0.005]]
LogConfig: Setting CVar [[s.UseBackgroundLevelStreaming:1]]
LogConfig: Setting CVar [[s.PriorityAsyncLoadingExtraTime:15.0]]
LogConfig: Setting CVar [[s.LevelStreamingActorsUpdateTimeLimit:5.0]]
LogConfig: Setting CVar [[s.PriorityLevelStreamingActorsUpdateExtraTime:5.0]]
LogConfig: Setting CVar [[s.LevelStreamingComponentsRegistrationGranularity:10]]
LogConfig: Setting CVar [[s.UnregisterComponentsTimeLimit:1.0]]
LogConfig: Setting CVar [[s.LevelStreamingComponentsUnregistrationGranularity:5]]
LogConfig: Setting CVar [[s.FlushStreamingOnExit:1]]
LogInit: Object subsystem initialized
LogConfig: Setting CVar [[con.DebugEarlyDefault:1]]
LogConfig: Setting CVar [[r.setres:1280x720]]
[2021.02.06-01.54.09:952][  0]LogConfig: Setting CVar [[r.VSync:0]]
[2021.02.06-01.54.09:952][  0]LogConfig: Setting CVar [[r.RHICmdBypass:0]]
[2021.02.06-01.54.09:953][  0]LogConfig: Applying CVar settings from Section [/Script/Engine.RendererSettings] File [C:/Users/hunte/Documents/Unreal Projects/FPSGame/Saved/Config/Windows/Engine.ini]
[2021.02.06-01.54.09:953][  0]LogConfig: Setting CVar [[r.GPUCrashDebugging:0]]
[2021.02.06-01.54.09:953][  0]LogConfig: Applying CVar settings from Section [/Script/Engine.RendererOverrideSettings] File [C:/Users/hunte/Documents/Unreal Projects/FPSGame/Saved/Config/Windows/Engine.ini]
[2021.02.06-01.54.09:953][  0]LogConfig: Applying CVar settings from Section [/Script/Engine.StreamingSettings] File [C:/Users/hunte/Documents/Unreal Projects/FPSGame/Saved/Config/Windows/Engine.ini]
[2021.02.06-01.54.09:953][  0]LogConfig: Setting CVar [[s.MinBulkDataSizeForAsyncLoading:131072]]
[2021.02.06-01.54.09:953][  0]LogConfig: Setting CVar [[s.AsyncLoadingThreadEnabled:0]]
[2021.02.06-01.54.09:953][  0]LogConfig: Setting CVar [[s.EventDrivenLoaderEnabled:1]]
[2021.02.06-01.54.09:953][  0]LogConfig: Setting CVar [[s.WarnIfTimeLimitExceeded:0]]
[2021.02.06-01.54.09:953][  0]LogConfig: Setting CVar [[s.TimeLimitExceededMultiplier:1.5]]
[2021.02.06-01.54.09:953][  0]LogConfig: Setting CVar [[s.TimeLimitExceededMinTime:0.005]]
[2021.02.06-01.54.09:953][  0]LogConfig: Setting CVar [[s.UseBackgroundLevelStreaming:1]]
[2021.02.06-01.54.09:953][  0]LogConfig: Setting CVar [[s.PriorityAsyncLoadingExtraTime:15.0]]
[2021.02.06-01.54.09:953][  0]LogConfig: Setting CVar [[s.LevelStreamingActorsUpdateTimeLimit:5.0]]
[2021.02.06-01.54.09:953][  0]LogConfig: Setting CVar [[s.PriorityLevelStreamingActorsUpdateExtraTime:5.0]]
[2021.02.06-01.54.09:953][  0]LogConfig: Setting CVar [[s.LevelStreamingComponentsRegistrationGranularity:10]]
[2021.02.06-01.54.09:953][  0]LogConfig: Setting CVar [[s.UnregisterComponentsTimeLimit:1.0]]
[2021.02.06-01.54.09:953][  0]LogConfig: Setting CVar [[s.LevelStreamingComponentsUnregistrationGranularity:5]]
[2021.02.06-01.54.09:953][  0]LogConfig: Setting CVar [[s.FlushStreamingOnExit:1]]
[2021.02.06-01.54.09:953][  0]LogConfig: Applying CVar settings from Section [/Script/Engine.GarbageCollectionSettings] File [C:/Users/hunte/Documents/Unreal Projects/FPSGame/Saved/Config/Windows/Engine.ini]
[2021.02.06-01.54.09:953][  0]LogConfig: Setting CVar [[gc.MaxObjectsNotConsideredByGC:1]]
[2021.02.06-01.54.09:953][  0]LogConfig: Setting CVar [[gc.SizeOfPermanentObjectPool:0]]
[2021.02.06-01.54.09:953][  0]LogConfig: Setting CVar [[gc.FlushStreamingOnGC:0]]
[2021.02.06-01.54.09:953][  0]LogConfig: Setting CVar [[gc.NumRetriesBeforeForcingGC:10]]
[2021.02.06-01.54.09:953][  0]LogConfig: Setting CVar [[gc.AllowParallelGC:1]]
[2021.02.06-01.54.09:953][  0]LogConfig: Setting CVar [[gc.TimeBetweenPurgingPendingKillObjects:61.1]]
[2021.02.06-01.54.09:953][  0]LogConfig: Setting CVar [[gc.MaxObjectsInEditor:25165824]]
[2021.02.06-01.54.09:953][  0]LogConfig: Setting CVar [[gc.IncrementalBeginDestroyEnabled:1]]
[2021.02.06-01.54.09:953][  0]LogConfig: Setting CVar [[gc.CreateGCClusters:1]]
[2021.02.06-01.54.09:953][  0]LogConfig: Setting CVar [[gc.MinGCClusterSize:5]]
[2021.02.06-01.54.09:953][  0]LogConfig: Setting CVar [[gc.ActorClusteringEnabled:0]]
[2021.02.06-01.54.09:953][  0]LogConfig: Setting CVar [[gc.BlueprintClusteringEnabled:0]]
[2021.02.06-01.54.09:953][  0]LogConfig: Setting CVar [[gc.UseDisregardForGCOnDedicatedServers:0]]
[2021.02.06-01.54.09:953][  0]LogConfig: Applying CVar settings from Section [/Script/Engine.NetworkSettings] File [C:/Users/hunte/Documents/Unreal Projects/FPSGame/Saved/Config/Windows/Engine.ini]
[2021.02.06-01.54.09:953][  0]LogConfig: Applying CVar settings from Section [/Script/UnrealEd.CookerSettings] File [C:/Users/hunte/Documents/Unreal Projects/FPSGame/Saved/Config/Windows/Engine.ini]
[2021.02.06-01.54.09:966][  0]LogConfig: Applying CVar settings from Section [ViewDistanceQuality@3] File [C:/Users/hunte/Documents/Unreal Projects/FPSGame/Saved/Config/Windows/Scalability.ini]
[2021.02.06-01.54.09:966][  0]LogConfig: Setting CVar [[r.SkeletalMeshLODBias:0]]
[2021.02.06-01.54.09:966][  0]LogConfig: Setting CVar [[r.ViewDistanceScale:1.0]]
[2021.02.06-01.54.09:966][  0]LogConfig: Applying CVar settings from Section [AntiAliasingQuality@3] File [C:/Users/hunte/Documents/Unreal Projects/FPSGame/Saved/Config/Windows/Scalability.ini]
[2021.02.06-01.54.09:966][  0]LogConfig: Setting CVar [[r.PostProcessAAQuality:4]]
[2021.02.06-01.54.09:966][  0]LogConfig: Applying CVar settings from Section [ShadowQuality@3] File [C:/Users/hunte/Documents/Unreal Projects/FPSGame/Saved/Config/Windows/Scalability.ini]
[2021.02.06-01.54.09:966][  0]LogConfig: Setting CVar [[r.LightFunctionQuality:1]]
[2021.02.06-01.54.09:966][  0]LogConfig: Setting CVar [[r.ShadowQuality:5]]
[2021.02.06-01.54.09:966][  0]LogConfig: Setting CVar [[r.Shadow.CSM.MaxCascades:10]]
[2021.02.06-01.54.09:966][  0]LogConfig: Setting CVar [[r.Shadow.MaxResolution:2048]]
[2021.02.06-01.54.09:966][  0]LogConfig: Setting CVar [[r.Shadow.MaxCSMResolution:2048]]
[2021.02.06-01.54.09:966][  0]LogConfig: Setting CVar [[r.Shadow.RadiusThreshold:0.01]]
[2021.02.06-01.54.09:966][  0]LogConfig: Setting CVar [[r.Shadow.DistanceScale:1.0]]
[2021.02.06-01.54.09:966][  0]LogConfig: Setting CVar [[r.Shadow.CSM.TransitionScale:1.0]]
[2021.02.06-01.54.09:966][  0]LogConfig: Setting CVar [[r.Shadow.PreShadowResolutionFactor:1.0]]
[2021.02.06-01.54.09:966][  0]LogConfig: Setting CVar [[r.DistanceFieldShadowing:1]]
[2021.02.06-01.54.09:966][  0]LogConfig: Setting CVar [[r.DistanceFieldAO:1]]
[2021.02.06-01.54.09:966][  0]LogConfig: Setting CVar [[r.AOQuality:2]]
[2021.02.06-01.54.09:966][  0]LogConfig: Setting CVar [[r.VolumetricFog:1]]
[2021.02.06-01.54.09:966][  0]LogConfig: Setting CVar [[r.VolumetricFog.GridPixelSize:8]]
[2021.02.06-01.54.09:966][  0]LogConfig: Setting CVar [[r.VolumetricFog.GridSizeZ:128]]
[2021.02.06-01.54.09:966][  0]LogConfig: Setting CVar [[r.VolumetricFog.HistoryMissSupersampleCount:4]]
[2021.02.06-01.54.09:966][  0]LogConfig: Setting CVar [[r.LightMaxDrawDistanceScale:1]]
[2021.02.06-01.54.09:966][  0]LogConfig: Setting CVar [[r.CapsuleShadows:1]]
[2021.02.06-01.54.09:966][  0]LogConfig: Applying CVar settings from Section [PostProcessQuality@3] File [C:/Users/hunte/Documents/Unreal Projects/FPSGame/Saved/Config/Windows/Scalability.ini]
[2021.02.06-01.54.09:966][  0]LogConfig: Setting CVar [[r.MotionBlurQuality:4]]
[2021.02.06-01.54.09:966][  0]LogConfig: Setting CVar [[r.AmbientOcclusionMipLevelFactor:0.4]]
[2021.02.06-01.54.09:966][  0]LogConfig: Setting CVar [[r.AmbientOcclusionMaxQuality:100]]
[2021.02.06-01.54.09:966][  0]LogConfig: Setting CVar [[r.AmbientOcclusionLevels:-1]]
[2021.02.06-01.54.09:966][  0]LogConfig: Setting CVar [[r.AmbientOcclusionRadiusScale:1.0]]
[2021.02.06-01.54.09:966][  0]LogConfig: Setting CVar [[r.DepthOfFieldQuality:2]]
[2021.02.06-01.54.09:966][  0]LogConfig: Setting CVar [[r.RenderTargetPoolMin:400]]
[2021.02.06-01.54.09:966][  0]LogConfig: Setting CVar [[r.LensFlareQuality:2]]
[2021.02.06-01.54.09:966][  0]LogConfig: Setting CVar [[r.SceneColorFringeQuality:1]]
[2021.02.06-01.54.09:966][  0]LogConfig: Setting CVar [[r.EyeAdaptationQuality:2]]
[2021.02.06-01.54.09:966][  0]LogConfig: Setting CVar [[r.BloomQuality:5]]
[2021.02.06-01.54.09:966][  0]LogConfig: Setting CVar [[r.FastBlurThreshold:100]]
[2021.02.06-01.54.09:966][  0]LogConfig: Setting CVar [[r.Upscale.Quality:3]]
[2021.02.06-01.54.09:966][  0]LogConfig: Setting CVar [[r.Tonemapper.GrainQuantization:1]]
[2021.02.06-01.54.09:966][  0]LogConfig: Setting CVar [[r.LightShaftQuality:1]]
[2021.02.06-01.54.09:966][  0]LogConfig: Setting CVar [[r.Filter.SizeScale:1]]
[2021.02.06-01.54.09:966][  0]LogConfig: Setting CVar [[r.Tonemapper.Quality:5]]
[2021.02.06-01.54.09:966][  0]LogConfig: Setting CVar [[r.DOF.Gather.AccumulatorQuality:1        ; higher gathering accumulator quality]]
[2021.02.06-01.54.09:966][  0]LogConfig: Setting CVar [[r.DOF.Gather.PostfilterMethod:1          ; Median3x3 postfilering method]]
[2021.02.06-01.54.09:966][  0]LogConfig: Setting CVar [[r.DOF.Gather.EnableBokehSettings:0       ; no bokeh simulation when gathering]]
[2021.02.06-01.54.09:966][  0]LogConfig: Setting CVar [[r.DOF.Gather.RingCount:4                 ; medium number of samples when gathering]]
[2021.02.06-01.54.09:966][  0]LogConfig: Setting CVar [[r.DOF.Scatter.ForegroundCompositing:1    ; additive foreground scattering]]
[2021.02.06-01.54.09:966][  0]LogConfig: Setting CVar [[r.DOF.Scatter.BackgroundCompositing:2    ; additive background scattering]]
[2021.02.06-01.54.09:966][  0]LogConfig: Setting CVar [[r.DOF.Scatter.EnableBokehSettings:1      ; bokeh simulation when scattering]]
[2021.02.06-01.54.09:966][  0]LogConfig: Setting CVar [[r.DOF.Scatter.MaxSpriteRatio:0.1         ; only a maximum of 10% of scattered bokeh]]
[2021.02.06-01.54.09:966][  0]LogConfig: Setting CVar [[r.DOF.Recombine.Quality:1                ; cheap slight out of focus]]
[2021.02.06-01.54.09:966][  0]LogConfig: Setting CVar [[r.DOF.Recombine.EnableBokehSettings:0    ; no bokeh simulation on slight out of focus]]
[2021.02.06-01.54.09:966][  0]LogConfig: Setting CVar [[r.DOF.TemporalAAQuality:1                ; more stable temporal accumulation]]
[2021.02.06-01.54.09:966][  0]LogConfig: Setting CVar [[r.DOF.Kernel.MaxForegroundRadius:0.025]]
[2021.02.06-01.54.09:966][  0]LogConfig: Setting CVar [[r.DOF.Kernel.MaxBackgroundRadius:0.025]]
[2021.02.06-01.54.09:966][  0]LogConfig: Applying CVar settings from Section [TextureQuality@3] File [C:/Users/hunte/Documents/Unreal Projects/FPSGame/Saved/Config/Windows/Scalability.ini]
[2021.02.06-01.54.09:966][  0]LogConfig: Setting CVar [[r.Streaming.MipBias:0]]
[2021.02.06-01.54.09:966][  0]LogConfig: Setting CVar [[r.Streaming.AmortizeCPUToGPUCopy:0]]
[2021.02.06-01.54.09:966][  0]LogConfig: Setting CVar [[r.Streaming.MaxNumTexturesToStreamPerFrame:0]]
[2021.02.06-01.54.09:966][  0]LogConfig: Setting CVar [[r.Streaming.Boost:1]]
[2021.02.06-01.54.09:966][  0]LogConfig: Setting CVar [[r.MaxAnisotropy:8]]
[2021.02.06-01.54.09:966][  0]LogConfig: Setting CVar [[r.VT.MaxAnisotropy:8]]
[2021.02.06-01.54.09:966][  0]LogConfig: Setting CVar [[r.Streaming.LimitPoolSizeToVRAM:0]]
[2021.02.06-01.54.09:966][  0]LogConfig: Setting CVar [[r.Streaming.PoolSize:1000]]
[2021.02.06-01.54.09:966][  0]LogConfig: Setting CVar [[r.Streaming.MaxEffectiveScreenSize:0]]
[2021.02.06-01.54.09:966][  0]LogConfig: Applying CVar settings from Section [EffectsQuality@3] File [C:/Users/hunte/Documents/Unreal Projects/FPSGame/Saved/Config/Windows/Scalability.ini]
[2021.02.06-01.54.09:966][  0]LogConfig: Setting CVar [[r.TranslucencyLightingVolumeDim:64]]
[2021.02.06-01.54.09:966][  0]LogConfig: Setting CVar [[r.RefractionQuality:2]]
[2021.02.06-01.54.09:966][  0]LogConfig: Setting CVar [[r.SSR.Quality:3]]
[2021.02.06-01.54.09:966][  0]LogConfig: Setting CVar [[r.SSR.HalfResSceneColor:0]]
[2021.02.06-01.54.09:966][  0]LogConfig: Setting CVar [[r.SceneColorFormat:4]]
[2021.02.06-01.54.09:966][  0]LogConfig: Setting CVar [[r.DetailMode:2]]
[2021.02.06-01.54.09:966][  0]LogConfig: Setting CVar [[r.TranslucencyVolumeBlur:1]]
[2021.02.06-01.54.09:966][  0]LogConfig: Setting CVar [[r.MaterialQualityLevel:1 ; High quality]]
[2021.02.06-01.54.09:966][  0]LogConfig: Setting CVar [[r.SSS.Scale:1]]
[2021.02.06-01.54.09:966][  0]LogConfig: Setting CVar [[r.SSS.SampleSet:2]]
[2021.02.06-01.54.09:966][  0]LogConfig: Setting CVar [[r.SSS.Quality:1]]
[2021.02.06-01.54.09:967][  0]LogConfig: Setting CVar [[r.SSS.HalfRes:0]]
[2021.02.06-01.54.09:967][  0]LogConfig: Setting CVar [[r.SSGI.Quality:3]]
[2021.02.06-01.54.09:967][  0]LogConfig: Setting CVar [[r.EmitterSpawnRateScale:1.0]]
[2021.02.06-01.54.09:967][  0]LogConfig: Setting CVar [[r.ParticleLightQuality:2]]
[2021.02.06-01.54.09:967][  0]LogConfig: Setting CVar [[r.SkyAtmosphere.AerialPerspectiveLUT.FastApplyOnOpaque:1 ; Always have FastSkyLUT 1 in this case to avoid wrong sky]]
[2021.02.06-01.54.09:967][  0]LogConfig: Setting CVar [[r.SkyAtmosphere.AerialPerspectiveLUT.SampleCountPerSlice:1]]
[2021.02.06-01.54.09:967][  0]LogConfig: Setting CVar [[r.SkyAtmosphere.AerialPerspectiveLUT.DepthResolution:16.0]]
[2021.02.06-01.54.09:967][  0]LogConfig: Setting CVar [[r.SkyAtmosphere.FastSkyLUT:1]]
[2021.02.06-01.54.09:967][  0]LogConfig: Setting CVar [[r.SkyAtmosphere.FastSkyLUT.SampleCountMin:4.0]]
[2021.02.06-01.54.09:967][  0]LogConfig: Setting CVar [[r.SkyAtmosphere.FastSkyLUT.SampleCountMax:32.0]]
[2021.02.06-01.54.09:967][  0]LogConfig: Setting CVar [[r.SkyAtmosphere.SampleCountMin:4.0]]
[2021.02.06-01.54.09:967][  0]LogConfig: Setting CVar [[r.SkyAtmosphere.SampleCountMax:32.0]]
[2021.02.06-01.54.09:967][  0]LogConfig: Setting CVar [[r.SkyAtmosphere.TransmittanceLUT.UseSmallFormat:0]]
[2021.02.06-01.54.09:967][  0]LogConfig: Setting CVar [[r.SkyAtmosphere.TransmittanceLUT.SampleCount:10.0]]
[2021.02.06-01.54.09:967][  0]LogConfig: Setting CVar [[r.SkyAtmosphere.MultiScatteringLUT.SampleCount:15.0]]
[2021.02.06-01.54.09:967][  0]LogConfig: Applying CVar settings from Section [FoliageQuality@3] File [C:/Users/hunte/Documents/Unreal Projects/FPSGame/Saved/Config/Windows/Scalability.ini]
[2021.02.06-01.54.09:967][  0]LogConfig: Setting CVar [[foliage.DensityScale:1.0]]
[2021.02.06-01.54.09:967][  0]LogConfig: Setting CVar [[grass.DensityScale:1.0]]
[2021.02.06-01.54.09:967][  0]LogConfig: Applying CVar settings from Section [ShadingQuality@3] File [C:/Users/hunte/Documents/Unreal Projects/FPSGame/Saved/Config/Windows/Scalability.ini]
[2021.02.06-01.54.09:967][  0]LogConfig: Setting CVar [[r.HairStrands.SkyLighting.SampleCount:16]]
[2021.02.06-01.54.09:967][  0]LogConfig: Setting CVar [[r.HairStrands.SkyLighting.JitterIntegration:0]]
[2021.02.06-01.54.09:967][  0]LogConfig: Setting CVar [[r.HairStrands.SkyAO.SampleCount:16]]
[2021.02.06-01.54.09:967][  0]LogConfig: Setting CVar [[r.HairStrands.DeepShadow.SuperSampling:0]]
[2021.02.06-01.54.09:967][  0]LogConfig: Setting CVar [[r.HairStrands.VisibilityPPLL:0]]
[2021.02.06-01.54.09:967][  0]LogConfig: Setting CVar [[r.HairStrands.RasterizationScale:0.5]]
[2021.02.06-01.54.09:967][  0]LogConfig: Setting CVar [[r.HairStrands.VelocityRasterizationScale:1]]
[2021.02.06-01.54.09:967][  0]LogInit: Selected Device Profile: [Windows]
[2021.02.06-01.54.09:967][  0]LogInit: Applying CVar settings loaded from the selected device profile: [Windows]
[2021.02.06-01.54.09:968][  0]LogHAL: Display: Platform has ~ 32 GB [34305359872 / 34359738368 / 32], which maps to Largest [LargestMinGB=32, LargerMinGB=12, DefaultMinGB=8, SmallerMinGB=6, SmallestMinGB=0)
[2021.02.06-01.54.09:968][  0]LogInit: Going up to parent DeviceProfile []
[2021.02.06-01.54.09:968][  0]LogConfig: Applying CVar settings from Section [ViewDistanceQuality@3] File [C:/Users/hunte/Documents/Unreal Projects/FPSGame/Saved/Config/Windows/Scalability.ini]
[2021.02.06-01.54.09:968][  0]LogConfig: Setting CVar [[r.SkeletalMeshLODBias:0]]
[2021.02.06-01.54.09:968][  0]LogConfig: Setting CVar [[r.ViewDistanceScale:1.0]]
[2021.02.06-01.54.09:968][  0]LogConfig: Applying CVar settings from Section [AntiAliasingQuality@3] File [C:/Users/hunte/Documents/Unreal Projects/FPSGame/Saved/Config/Windows/Scalability.ini]
[2021.02.06-01.54.09:968][  0]LogConfig: Setting CVar [[r.PostProcessAAQuality:4]]
[2021.02.06-01.54.09:968][  0]LogConfig: Applying CVar settings from Section [ShadowQuality@3] File [C:/Users/hunte/Documents/Unreal Projects/FPSGame/Saved/Config/Windows/Scalability.ini]
[2021.02.06-01.54.09:968][  0]LogConfig: Setting CVar [[r.LightFunctionQuality:1]]
[2021.02.06-01.54.09:968][  0]LogConfig: Setting CVar [[r.ShadowQuality:5]]
[2021.02.06-01.54.09:968][  0]LogConfig: Setting CVar [[r.Shadow.CSM.MaxCascades:10]]
[2021.02.06-01.54.09:968][  0]LogConfig: Setting CVar [[r.Shadow.MaxResolution:2048]]
[2021.02.06-01.54.09:968][  0]LogConfig: Setting CVar [[r.Shadow.MaxCSMResolution:2048]]
[2021.02.06-01.54.09:968][  0]LogConfig: Setting CVar [[r.Shadow.RadiusThreshold:0.01]]
[2021.02.06-01.54.09:968][  0]LogConfig: Setting CVar [[r.Shadow.DistanceScale:1.0]]
[2021.02.06-01.54.09:968][  0]LogConfig: Setting CVar [[r.Shadow.CSM.TransitionScale:1.0]]
[2021.02.06-01.54.09:968][  0]LogConfig: Setting CVar [[r.Shadow.PreShadowResolutionFactor:1.0]]
[2021.02.06-01.54.09:968][  0]LogConfig: Setting CVar [[r.DistanceFieldShadowing:1]]
[2021.02.06-01.54.09:968][  0]LogConfig: Setting CVar [[r.DistanceFieldAO:1]]
[2021.02.06-01.54.09:968][  0]LogConfig: Setting CVar [[r.AOQuality:2]]
[2021.02.06-01.54.09:968][  0]LogConfig: Setting CVar [[r.VolumetricFog:1]]
[2021.02.06-01.54.09:968][  0]LogConfig: Setting CVar [[r.VolumetricFog.GridPixelSize:8]]
[2021.02.06-01.54.09:968][  0]LogConfig: Setting CVar [[r.VolumetricFog.GridSizeZ:128]]
[2021.02.06-01.54.09:968][  0]LogConfig: Setting CVar [[r.VolumetricFog.HistoryMissSupersampleCount:4]]
[2021.02.06-01.54.09:968][  0]LogConfig: Setting CVar [[r.LightMaxDrawDistanceScale:1]]
[2021.02.06-01.54.09:968][  0]LogConfig: Setting CVar [[r.CapsuleShadows:1]]
[2021.02.06-01.54.09:968][  0]LogConfig: Applying CVar settings from Section [PostProcessQuality@3] File [C:/Users/hunte/Documents/Unreal Projects/FPSGame/Saved/Config/Windows/Scalability.ini]
[2021.02.06-01.54.09:968][  0]LogConfig: Setting CVar [[r.MotionBlurQuality:4]]
[2021.02.06-01.54.09:968][  0]LogConfig: Setting CVar [[r.AmbientOcclusionMipLevelFactor:0.4]]
[2021.02.06-01.54.09:968][  0]LogConfig: Setting CVar [[r.AmbientOcclusionMaxQuality:100]]
[2021.02.06-01.54.09:968][  0]LogConfig: Setting CVar [[r.AmbientOcclusionLevels:-1]]
[2021.02.06-01.54.09:968][  0]LogConfig: Setting CVar [[r.AmbientOcclusionRadiusScale:1.0]]
[2021.02.06-01.54.09:968][  0]LogConfig: Setting CVar [[r.DepthOfFieldQuality:2]]
[2021.02.06-01.54.09:968][  0]LogConfig: Setting CVar [[r.RenderTargetPoolMin:400]]
[2021.02.06-01.54.09:968][  0]LogConfig: Setting CVar [[r.LensFlareQuality:2]]
[2021.02.06-01.54.09:968][  0]LogConfig: Setting CVar [[r.SceneColorFringeQuality:1]]
[2021.02.06-01.54.09:968][  0]LogConfig: Setting CVar [[r.EyeAdaptationQuality:2]]
[2021.02.06-01.54.09:968][  0]LogConfig: Setting CVar [[r.BloomQuality:5]]
[2021.02.06-01.54.09:968][  0]LogConfig: Setting CVar [[r.FastBlurThreshold:100]]
[2021.02.06-01.54.09:968][  0]LogConfig: Setting CVar [[r.Upscale.Quality:3]]
[2021.02.06-01.54.09:968][  0]LogConfig: Setting CVar [[r.Tonemapper.GrainQuantization:1]]
[2021.02.06-01.54.09:968][  0]LogConfig: Setting CVar [[r.LightShaftQuality:1]]
[2021.02.06-01.54.09:968][  0]LogConfig: Setting CVar [[r.Filter.SizeScale:1]]
[2021.02.06-01.54.09:968][  0]LogConfig: Setting CVar [[r.Tonemapper.Quality:5]]
[2021.02.06-01.54.09:968][  0]LogConfig: Setting CVar [[r.DOF.Gather.AccumulatorQuality:1        ; higher gathering accumulator quality]]
[2021.02.06-01.54.09:968][  0]LogConfig: Setting CVar [[r.DOF.Gather.PostfilterMethod:1          ; Median3x3 postfilering method]]
[2021.02.06-01.54.09:968][  0]LogConfig: Setting CVar [[r.DOF.Gather.EnableBokehSettings:0       ; no bokeh simulation when gathering]]
[2021.02.06-01.54.09:968][  0]LogConfig: Setting CVar [[r.DOF.Gather.RingCount:4                 ; medium number of samples when gathering]]
[2021.02.06-01.54.09:969][  0]LogConfig: Setting CVar [[r.DOF.Scatter.ForegroundCompositing:1    ; additive foreground scattering]]
[2021.02.06-01.54.09:969][  0]LogConfig: Setting CVar [[r.DOF.Scatter.BackgroundCompositing:2    ; additive background scattering]]
[2021.02.06-01.54.09:969][  0]LogConfig: Setting CVar [[r.DOF.Scatter.EnableBokehSettings:1      ; bokeh simulation when scattering]]
[2021.02.06-01.54.09:969][  0]LogConfig: Setting CVar [[r.DOF.Scatter.MaxSpriteRatio:0.1         ; only a maximum of 10% of scattered bokeh]]
[2021.02.06-01.54.09:969][  0]LogConfig: Setting CVar [[r.DOF.Recombine.Quality:1                ; cheap slight out of focus]]
[2021.02.06-01.54.09:969][  0]LogConfig: Setting CVar [[r.DOF.Recombine.EnableBokehSettings:0    ; no bokeh simulation on slight out of focus]]
[2021.02.06-01.54.09:969][  0]LogConfig: Setting CVar [[r.DOF.TemporalAAQuality:1                ; more stable temporal accumulation]]
[2021.02.06-01.54.09:969][  0]LogConfig: Setting CVar [[r.DOF.Kernel.MaxForegroundRadius:0.025]]
[2021.02.06-01.54.09:969][  0]LogConfig: Setting CVar [[r.DOF.Kernel.MaxBackgroundRadius:0.025]]
[2021.02.06-01.54.09:969][  0]LogConfig: Applying CVar settings from Section [TextureQuality@3] File [C:/Users/hunte/Documents/Unreal Projects/FPSGame/Saved/Config/Windows/Scalability.ini]
[2021.02.06-01.54.09:969][  0]LogConfig: Setting CVar [[r.Streaming.MipBias:0]]
[2021.02.06-01.54.09:969][  0]LogConfig: Setting CVar [[r.Streaming.AmortizeCPUToGPUCopy:0]]
[2021.02.06-01.54.09:969][  0]LogConfig: Setting CVar [[r.Streaming.MaxNumTexturesToStreamPerFrame:0]]
[2021.02.06-01.54.09:969][  0]LogConfig: Setting CVar [[r.Streaming.Boost:1]]
[2021.02.06-01.54.09:969][  0]LogConfig: Setting CVar [[r.MaxAnisotropy:8]]
[2021.02.06-01.54.09:969][  0]LogConfig: Setting CVar [[r.VT.MaxAnisotropy:8]]
[2021.02.06-01.54.09:969][  0]LogConfig: Setting CVar [[r.Streaming.LimitPoolSizeToVRAM:0]]
[2021.02.06-01.54.09:969][  0]LogConfig: Setting CVar [[r.Streaming.PoolSize:1000]]
[2021.02.06-01.54.09:969][  0]LogConfig: Setting CVar [[r.Streaming.MaxEffectiveScreenSize:0]]
[2021.02.06-01.54.09:969][  0]LogConfig: Applying CVar settings from Section [EffectsQuality@3] File [C:/Users/hunte/Documents/Unreal Projects/FPSGame/Saved/Config/Windows/Scalability.ini]
[2021.02.06-01.54.09:969][  0]LogConfig: Setting CVar [[r.TranslucencyLightingVolumeDim:64]]
[2021.02.06-01.54.09:969][  0]LogConfig: Setting CVar [[r.RefractionQuality:2]]
[2021.02.06-01.54.09:969][  0]LogConfig: Setting CVar [[r.SSR.Quality:3]]
[2021.02.06-01.54.09:969][  0]LogConfig: Setting CVar [[r.SSR.HalfResSceneColor:0]]
[2021.02.06-01.54.09:969][  0]LogConfig: Setting CVar [[r.SceneColorFormat:4]]
[2021.02.06-01.54.09:969][  0]LogConfig: Setting CVar [[r.DetailMode:2]]
[2021.02.06-01.54.09:969][  0]LogConfig: Setting CVar [[r.TranslucencyVolumeBlur:1]]
[2021.02.06-01.54.09:969][  0]LogConfig: Setting CVar [[r.MaterialQualityLevel:1 ; High quality]]
[2021.02.06-01.54.09:969][  0]LogConfig: Setting CVar [[r.SSS.Scale:1]]
[2021.02.06-01.54.09:969][  0]LogConfig: Setting CVar [[r.SSS.SampleSet:2]]
[2021.02.06-01.54.09:969][  0]LogConfig: Setting CVar [[r.SSS.Quality:1]]
[2021.02.06-01.54.09:969][  0]LogConfig: Setting CVar [[r.SSS.HalfRes:0]]
[2021.02.06-01.54.09:969][  0]LogConfig: Setting CVar [[r.SSGI.Quality:3]]
[2021.02.06-01.54.09:969][  0]LogConfig: Setting CVar [[r.EmitterSpawnRateScale:1.0]]
[2021.02.06-01.54.09:969][  0]LogConfig: Setting CVar [[r.ParticleLightQuality:2]]
[2021.02.06-01.54.09:969][  0]LogConfig: Setting CVar [[r.SkyAtmosphere.AerialPerspectiveLUT.FastApplyOnOpaque:1 ; Always have FastSkyLUT 1 in this case to avoid wrong sky]]
[2021.02.06-01.54.09:969][  0]LogConfig: Setting CVar [[r.SkyAtmosphere.AerialPerspectiveLUT.SampleCountPerSlice:1]]
[2021.02.06-01.54.09:969][  0]LogConfig: Setting CVar [[r.SkyAtmosphere.AerialPerspectiveLUT.DepthResolution:16.0]]
[2021.02.06-01.54.09:969][  0]LogConfig: Setting CVar [[r.SkyAtmosphere.FastSkyLUT:1]]
[2021.02.06-01.54.09:969][  0]LogConfig: Setting CVar [[r.SkyAtmosphere.FastSkyLUT.SampleCountMin:4.0]]
[2021.02.06-01.54.09:969][  0]LogConfig: Setting CVar [[r.SkyAtmosphere.FastSkyLUT.SampleCountMax:32.0]]
[2021.02.06-01.54.09:969][  0]LogConfig: Setting CVar [[r.SkyAtmosphere.SampleCountMin:4.0]]
[2021.02.06-01.54.09:969][  0]LogConfig: Setting CVar [[r.SkyAtmosphere.SampleCountMax:32.0]]
[2021.02.06-01.54.09:969][  0]LogConfig: Setting CVar [[r.SkyAtmosphere.TransmittanceLUT.UseSmallFormat:0]]
[2021.02.06-01.54.09:969][  0]LogConfig: Setting CVar [[r.SkyAtmosphere.TransmittanceLUT.SampleCount:10.0]]
[2021.02.06-01.54.09:969][  0]LogConfig: Setting CVar [[r.SkyAtmosphere.MultiScatteringLUT.SampleCount:15.0]]
[2021.02.06-01.54.09:969][  0]LogConfig: Applying CVar settings from Section [FoliageQuality@3] File [C:/Users/hunte/Documents/Unreal Projects/FPSGame/Saved/Config/Windows/Scalability.ini]
[2021.02.06-01.54.09:969][  0]LogConfig: Setting CVar [[foliage.DensityScale:1.0]]
[2021.02.06-01.54.09:969][  0]LogConfig: Setting CVar [[grass.DensityScale:1.0]]
[2021.02.06-01.54.09:969][  0]LogConfig: Applying CVar settings from Section [ShadingQuality@3] File [C:/Users/hunte/Documents/Unreal Projects/FPSGame/Saved/Config/Windows/Scalability.ini]
[2021.02.06-01.54.09:969][  0]LogConfig: Setting CVar [[r.HairStrands.SkyLighting.SampleCount:16]]
[2021.02.06-01.54.09:969][  0]LogConfig: Setting CVar [[r.HairStrands.SkyLighting.JitterIntegration:0]]
[2021.02.06-01.54.09:969][  0]LogConfig: Setting CVar [[r.HairStrands.SkyAO.SampleCount:16]]
[2021.02.06-01.54.09:969][  0]LogConfig: Setting CVar [[r.HairStrands.DeepShadow.SuperSampling:0]]
[2021.02.06-01.54.09:969][  0]LogConfig: Setting CVar [[r.HairStrands.VisibilityPPLL:0]]
[2021.02.06-01.54.09:969][  0]LogConfig: Setting CVar [[r.HairStrands.RasterizationScale:0.5]]
[2021.02.06-01.54.09:969][  0]LogConfig: Setting CVar [[r.HairStrands.VelocityRasterizationScale:1]]
[2021.02.06-01.54.09:969][  0]LogConfig: Applying CVar settings from Section [Startup] File [../../../Engine/Config/ConsoleVariables.ini]
[2021.02.06-01.54.09:969][  0]LogConfig: Setting CVar [[net.UseAdaptiveNetUpdateFrequency:0]]
[2021.02.06-01.54.09:970][  0]LogConfig: Setting CVar [[p.chaos.AllowCreatePhysxBodies:1]]
[2021.02.06-01.54.09:970][  0]LogConfig: Setting CVar [[fx.SkipVectorVMBackendOptimizations:1]]
[2021.02.06-01.54.09:970][  0]LogConfig: Applying CVar settings from Section [ConsoleVariables] File [C:/Users/hunte/Documents/Unreal Projects/FPSGame/Saved/Config/Windows/Engine.ini]
[2021.02.06-01.54.09:970][  0]LogInit: Computer: REDRIFT
[2021.02.06-01.54.09:970][  0]LogInit: User: hunte
[2021.02.06-01.54.09:970][  0]LogInit: CPU Page size=4096, Cores=6
[2021.02.06-01.54.09:970][  0]LogInit: High frequency timer resolution =10.000000 MHz
[2021.02.06-01.54.09:970][  0]LogMemory: Memory total: Physical=31.9GB (32GB approx)
[2021.02.06-01.54.09:970][  0]LogMemory: Platform Memory Stats for Windows
[2021.02.06-01.54.09:970][  0]LogMemory: Process Physical Memory: 120.27 MB used, 120.27 MB peak
[2021.02.06-01.54.09:970][  0]LogMemory: Process Virtual Memory: 98.20 MB used, 98.20 MB peak
[2021.02.06-01.54.09:970][  0]LogMemory: Physical Memory: 5463.87 MB used,  27252.27 MB free, 32716.14 MB total
[2021.02.06-01.54.09:970][  0]LogMemory: Virtual Memory: 5168.13 MB used,  134212560.00 MB free, 134217728.00 MB total
[2021.02.06-01.54.09:974][  0]LogWindows: WindowsPlatformFeatures enabled
[2021.02.06-01.54.10:070][  0]LogInit: Physics initialised using underlying interface: PhysX
[2021.02.06-01.54.10:072][  0]LogInit: Using OS detected language (en-US).
[2021.02.06-01.54.10:072][  0]LogInit: Using OS detected locale (en-US).
[2021.02.06-01.54.10:084][  0]LogTextLocalizationManager: No specific localization for 'en-US' exists, so the 'en' localization will be used.
[2021.02.06-01.54.10:276][  0]LogInit: Setting process to per monitor DPI aware
[2021.02.06-01.54.10:321][  0]LogSlate: New Slate User Created.  User Index 0, Is Virtual User: 0
[2021.02.06-01.54.10:321][  0]LogSlate: Slate User Registered.  User Index 0, Is Virtual User: 0
[2021.02.06-01.54.10:568][  0]LogHMD: Failed to initialize OpenVR with code 126
[2021.02.06-01.54.10:568][  0]LogD3D11RHI: D3D11 min allowed feature level: 11_0
[2021.02.06-01.54.10:568][  0]LogD3D11RHI: D3D11 max allowed feature level: 11_0
[2021.02.06-01.54.10:568][  0]LogD3D11RHI: D3D11 adapters:
[2021.02.06-01.54.10:637][  0]LogD3D11RHI:    0. 'NVIDIA GeForce RTX 2080' (Feature Level 11_0)
[2021.02.06-01.54.10:637][  0]LogD3D11RHI:       8010/0/16358 MB DedicatedVideo/DedicatedSystem/SharedSystem, Outputs:3, VendorId:0x10de
[2021.02.06-01.54.10:641][  0]LogD3D11RHI:    1. 'Microsoft Basic Render Driver' (Feature Level 11_0)
[2021.02.06-01.54.10:641][  0]LogD3D11RHI:       0/0/16358 MB DedicatedVideo/DedicatedSystem/SharedSystem, Outputs:0, VendorId:0x1414
[2021.02.06-01.54.10:641][  0]LogD3D11RHI: Chosen D3D11 Adapter: 0
[2021.02.06-01.54.10:646][  0]LogD3D11RHI: Creating new Direct3DDevice
[2021.02.06-01.54.10:646][  0]LogD3D11RHI:     GPU DeviceId: 0x1e82 (for the marketing name, search the web for "GPU Device Id")
[2021.02.06-01.54.10:646][  0]LogWindows: EnumDisplayDevices:
[2021.02.06-01.54.10:646][  0]LogWindows:    0. 'NVIDIA GeForce RTX 2080' (P:0 D:1)
[2021.02.06-01.54.10:646][  0]LogWindows:    1. 'NVIDIA GeForce RTX 2080' (P:0 D:1)
[2021.02.06-01.54.10:646][  0]LogWindows:    2. 'NVIDIA GeForce RTX 2080' (P:0 D:0)
[2021.02.06-01.54.10:646][  0]LogWindows:    3. 'NVIDIA GeForce RTX 2080' (P:1 D:1)
[2021.02.06-01.54.10:647][  0]LogWindows: DebugString: FoundDriverCount:4 
[2021.02.06-01.54.10:647][  0]LogD3D11RHI:     Adapter Name: NVIDIA GeForce RTX 2080
[2021.02.06-01.54.10:647][  0]LogD3D11RHI:   Driver Version: 456.71 (internal:27.21.14.5671, unified:456.71)
[2021.02.06-01.54.10:647][  0]LogD3D11RHI:      Driver Date: 9-30-2020
[2021.02.06-01.54.10:647][  0]LogRHI: Texture pool is 5607 MB (70% of 8010 MB)
[2021.02.06-01.54.10:694][  0]LogD3D11RHI: RHI has support for 64 bit atomics
[2021.02.06-01.54.10:695][  0]LogD3D11RHI: Async texture creation enabled
[2021.02.06-01.54.10:695][  0]LogD3D11RHI: Array index from any shader is supported
[2021.02.06-01.54.10:727][  0]LogD3D11RHI: GPU Timing Frequency: 1000.000000 (Debug: 2 1)
[2021.02.06-01.54.10:985][  0]LogTargetPlatformManager: Display: Loaded TargetPlatform 'AllDesktop'
[2021.02.06-01.54.11:006][  0]LogTargetPlatformManager: Display: Loaded TargetPlatform 'Android'
[2021.02.06-01.54.11:006][  0]LogTargetPlatformManager: Display: Loaded TargetPlatform 'Android_ASTC'
[2021.02.06-01.54.11:006][  0]LogTargetPlatformManager: Display: Loaded TargetPlatform 'Android_DXT'
[2021.02.06-01.54.11:006][  0]LogTargetPlatformManager: Display: Loaded TargetPlatform 'Android_ETC2'
[2021.02.06-01.54.11:006][  0]LogTargetPlatformManager: Display: Loaded TargetPlatform 'AndroidClient'
[2021.02.06-01.54.11:006][  0]LogTargetPlatformManager: Display: Loaded TargetPlatform 'Android_ASTCClient'
[2021.02.06-01.54.11:006][  0]LogTargetPlatformManager: Display: Loaded TargetPlatform 'Android_DXTClient'
[2021.02.06-01.54.11:006][  0]LogTargetPlatformManager: Display: Loaded TargetPlatform 'Android_ETC2Client'
[2021.02.06-01.54.11:006][  0]LogTargetPlatformManager: Display: Loaded TargetPlatform 'Android_Multi'
[2021.02.06-01.54.11:006][  0]LogTargetPlatformManager: Display: Loaded TargetPlatform 'Android_MultiClient'
[2021.02.06-01.54.11:030][  0]LogTargetPlatformManager: Display: Loaded TargetPlatform 'IOSClient'
[2021.02.06-01.54.11:030][  0]LogTargetPlatformManager: Display: Loaded TargetPlatform 'IOS'
[2021.02.06-01.54.11:040][  0]LogTargetPlatformManager: Display: Loaded TargetPlatform 'Linux'
[2021.02.06-01.54.11:049][  0]LogTargetPlatformManager: Display: Loaded TargetPlatform 'LinuxNoEditor'
[2021.02.06-01.54.11:059][  0]LogTargetPlatformManager: Display: Loaded TargetPlatform 'LinuxClient'
[2021.02.06-01.54.11:068][  0]LogTargetPlatformManager: Display: Loaded TargetPlatform 'LinuxServer'
[2021.02.06-01.54.11:078][  0]LogTargetPlatformManager: Display: Loaded TargetPlatform 'LinuxAArch64NoEditor'
[2021.02.06-01.54.11:086][  0]LogTargetPlatformManager: Display: Loaded TargetPlatform 'LinuxAArch64Client'
[2021.02.06-01.54.11:095][  0]LogTargetPlatformManager: Display: Loaded TargetPlatform 'LinuxAArch64Server'
[2021.02.06-01.54.11:120][  0]LogTargetPlatformManager: Display: Loaded TargetPlatform 'Lumin'
[2021.02.06-01.54.11:120][  0]LogTargetPlatformManager: Display: Loaded TargetPlatform 'LuminClient'
[2021.02.06-01.54.11:134][  0]LogTargetPlatformManager: Display: Loaded TargetPlatform 'TVOSClient'
[2021.02.06-01.54.11:134][  0]LogTargetPlatformManager: Display: Loaded TargetPlatform 'TVOS'
[2021.02.06-01.54.11:143][  0]LogTargetPlatformManager: Display: Loaded TargetPlatform 'WindowsNoEditor'
[2021.02.06-01.54.11:153][  0]LogTargetPlatformManager: Display: Loaded TargetPlatform 'Windows'
[2021.02.06-01.54.11:162][  0]LogTargetPlatformManager: Display: Loaded TargetPlatform 'WindowsClient'
[2021.02.06-01.54.11:171][  0]LogTargetPlatformManager: Display: Loaded TargetPlatform 'WindowsServer'
[2021.02.06-01.54.11:171][  0]LogTargetPlatformManager: Display: Building Assets For Windows
[2021.02.06-01.54.11:193][  0]LogAudioDebug: Display: Lib vorbis DLL was dynamically loaded.
[2021.02.06-01.54.11:277][  0]LogShaderCompilers: Guid format shader working directory is -17 characters bigger than the processId version (../../../../../../Users/hunte/Documents/Unreal Projects/FPSGame/Intermediate/Shaders/WorkingDirectory/8100/).
[2021.02.06-01.54.11:277][  0]LogShaderCompilers: Cleaned the shader compiler working directory 'C:/Users/hunte/AppData/Local/Temp/UnrealShaderWorkingDir/52E9379348C3C1C0024F929916664ABC/'.
[2021.02.06-01.54.11:279][  0]LogXGEController: Cleaning working directory: C:/Users/hunte/AppData/Local/Temp/UnrealXGEWorkingDir/
[2021.02.06-01.54.11:279][  0]LogXGEController: Cannot use XGE Controller as Incredibuild is not installed on this machine.
[2021.02.06-01.54.11:279][  0]LogShaderCompilers: Cannot use XGE Shader Compiler as Incredibuild is not installed on this machine.
[2021.02.06-01.54.11:279][  0]LogShaderCompilers: Display: Using Local Shader Compiler.
[2021.02.06-01.54.12:077][  0]LogDerivedDataCache: Display: Max Cache Size: 512 MB
[2021.02.06-01.54.12:135][  0]LogDerivedDataCache: Loaded boot cache 0.06s 79MB C:/Users/hunte/AppData/Local/UnrealEngine/4.25/DerivedDataCache/Boot.ddc.
[2021.02.06-01.54.12:135][  0]LogDerivedDataCache: Display: Loaded Boot cache: C:/Users/hunte/AppData/Local/UnrealEngine/4.25/DerivedDataCache/Boot.ddc
[2021.02.06-01.54.12:135][  0]LogDerivedDataCache: FDerivedDataBackendGraph:  Pak pak cache file ../../../../../../Users/hunte/Documents/Unreal Projects/FPSGame/DerivedDataCache/DDC.ddp not found, will not use a pak cache.
[2021.02.06-01.54.12:135][  0]LogDerivedDataCache: Unable to find inner node Pak for hierarchical cache Hierarchy.
[2021.02.06-01.54.12:135][  0]LogDerivedDataCache: FDerivedDataBackendGraph:  CompressedPak pak cache file ../../../../../../Users/hunte/Documents/Unreal Projects/FPSGame/DerivedDataCache/Compressed.ddp not found, will not use a pak cache.
[2021.02.06-01.54.12:135][  0]LogDerivedDataCache: Unable to find inner node CompressedPak for hierarchical cache Hierarchy.
[2021.02.06-01.54.12:146][  0]LogDerivedDataCache: Display: Pak cache opened for reading ../../../Engine/DerivedDataCache/Compressed.ddp.
[2021.02.06-01.54.12:146][  0]LogDerivedDataCache: FDerivedDataBackendGraph:  EnterprisePak pak cache file ../../../Enterprise/DerivedDataCache/Compressed.ddp not found, will not use a pak cache.
[2021.02.06-01.54.12:146][  0]LogDerivedDataCache: Unable to find inner node EnterprisePak for hierarchical cache Hierarchy.
[2021.02.06-01.54.12:148][  0]LogDerivedDataCache: Using Local data cache path C:/Users/hunte/AppData/Local/UnrealEngine/Common/DerivedDataCache: Writable
[2021.02.06-01.54.12:148][  0]LogDerivedDataCache: Shared data cache path not found in *engine.ini, will not use an Shared cache.
[2021.02.06-01.54.12:148][  0]LogDerivedDataCache: Unable to find inner node Shared for hierarchical cache Hierarchy.
[2021.02.06-01.54.12:194][  0]LogSlate: Using FreeType 2.10.0
[2021.02.06-01.54.12:196][  0]LogSlate: SlateFontServices - WITH_FREETYPE: 1, WITH_HARFBUZZ: 1
[2021.02.06-01.54.12:221][  0]LogAssetRegistry: FAssetRegistry took 0.0032 seconds to start up
[2021.02.06-01.54.12:477][  0]LogInit: Selected Device Profile: [Windows]
[2021.02.06-01.54.12:621][  0]LogMeshReduction: Using QuadricMeshReduction for automatic static mesh reduction
[2021.02.06-01.54.12:621][  0]LogMeshReduction: Using SimplygonMeshReduction for automatic skeletal mesh reduction
[2021.02.06-01.54.12:621][  0]LogMeshReduction: Using ProxyLODMeshReduction for automatic mesh merging
[2021.02.06-01.54.12:621][  0]LogMeshReduction: No distributed automatic mesh merging module available
[2021.02.06-01.54.12:621][  0]LogMeshMerging: No distributed automatic mesh merging module available
[2021.02.06-01.54.12:656][  0]LogNetVersion: FPSGame 1.0.0, NetCL: 13144385, EngineNetVer: 14, GameNetVer: 0 (Checksum: 1304077534)
[2021.02.06-01.54.13:155][  0]LogAISub: UAISubsystem::UAISubsystem AISubsystem (000001DC05E9C340), frame # 0
[2021.02.06-01.54.13:155][  0]LogAISub: UAISubsystem::UAISubsystem AIPerceptionSystem (000001DC05DDBB00), frame # 0
[2021.02.06-01.54.13:158][  0]LogAISub: UAISubsystem::UAISubsystem EnvQueryManager (000001DC05E39E00), frame # 0
[2021.02.06-01.54.13:205][  0]LogPackageLocalizationCache: Processed 19 localized package path(s) for 1 prioritized culture(s) in 0.030846 seconds
[2021.02.06-01.54.13:210][  0]LogUObjectArray: 15917 objects as part of root set at end of initial load.
[2021.02.06-01.54.13:210][  0]LogUObjectAllocator: 3965568 out of 0 bytes used by permanent object pool.
[2021.02.06-01.54.13:210][  0]LogUObjectArray: CloseDisregardForGC: 0/0 objects in disregard for GC pool
[2021.02.06-01.54.13:748][  0]LogTcpMessaging: Initializing TcpMessaging bridge
[2021.02.06-01.54.13:755][  0]LogUdpMessaging: Initializing bridge on interface 0.0.0.0:0 to multicast group 230.0.0.1:6666.
[2021.02.06-01.54.14:012][  0]SourceControl: Source control is disabled
[2021.02.06-01.54.14:012][  0]SourceControl: Source control is disabled
[2021.02.06-01.54.14:020][  0]SourceControl: Source control is disabled
[2021.02.06-01.54.14:025][  0]SourceControl: Source control is disabled
[2021.02.06-01.54.14:034][  0]SourceControl: Source control is disabled
[2021.02.06-01.54.14:358][  0]LogAndroidPermission: UAndroidPermissionCallbackProxy::GetInstance
[2021.02.06-01.54.14:378][  0]LogAudioCaptureCore: Display: No Audio Capture implementations found. Audio input will be silent.
[2021.02.06-01.54.14:378][  0]LogAudioCaptureCore: Display: No Audio Capture implementations found. Audio input will be silent.
[2021.02.06-01.54.14:433][  0]LogOcInput: OculusInput pre-init called
[2021.02.06-01.54.14:446][  0]LogWindows: Failed to load 'OVRPlugin.dll' (GetLastError=126)
[2021.02.06-01.54.14:446][  0]LogWindows: File 'OVRPlugin.dll' does not exist
[2021.02.06-01.54.14:535][  0]LogEngine: Initializing Engine...
[2021.02.06-01.54.14:581][  0]LogHMD: Failed to initialize OpenVR with code 108
[2021.02.06-01.54.14:581][  0]LogMagicLeap: Warning: VR disabled because ZI is not enabled.  To enable, in the editor, Edit -> Project Settings -> Plugins -> Magic Leap Plugin -> Enable Zero Iteration
[2021.02.06-01.54.14:583][  0]LogStats: UGameplayTagsManager::InitializeManager -  0.001 s
[2021.02.06-01.54.14:683][  0]LogInit: Initializing FReadOnlyCVARCache
[2021.02.06-01.54.14:706][  0]LogAIModule: Creating AISystem for world Untitled
[2021.02.06-01.54.14:706][  0]LogAISub: UAISubsystem::UAISubsystem EnvQueryManager (000001DC0B9F5A00), frame # 0
[2021.02.06-01.54.14:706][  0]LogAISub: UAISubsystem::UAISubsystem AIPerceptionSystem (000001DC0BA1E340), frame # 0
[2021.02.06-01.54.14:714][  0]LogAudioMixer: Display: Audio Mixer Platform Settings:
[2021.02.06-01.54.14:714][  0]LogAudioMixer: Display: 	Sample Rate:						  48000
[2021.02.06-01.54.14:714][  0]LogAudioMixer: Display: 	Callback Buffer Frame Size Requested: 1024
[2021.02.06-01.54.14:714][  0]LogAudioMixer: Display: 	Callback Buffer Frame Size To Use:	  1024
[2021.02.06-01.54.14:714][  0]LogAudioMixer: Display: 	Number of buffers to queue:			  2
[2021.02.06-01.54.14:714][  0]LogAudioMixer: Display: 	Max Channels (voices):				  32
[2021.02.06-01.54.14:714][  0]LogAudioMixer: Display: 	Number of Async Source Workers:		  0
[2021.02.06-01.54.14:714][  0]LogAudio: Display: AudioDevice MaxSources: 32
[2021.02.06-01.54.14:715][  0]LogAudio: Display: Using built-in audio occlusion.
[2021.02.06-01.54.14:715][  0]LogAudioMixer: Display: Initializing audio mixer.
[2021.02.06-01.54.14:731][  0]LogAudioMixer: Display: 0: FrontLeft
[2021.02.06-01.54.14:731][  0]LogAudioMixer: Display: 1: FrontRight
[2021.02.06-01.54.14:802][  0]LogAudioMixer: Display: Using Audio Device Speakers (Realtek(R) Audio)
[2021.02.06-01.54.14:804][  0]LogAudioMixer: Display: Initializing Sound Submixes...
[2021.02.06-01.54.14:806][  0]LogAudioMixer: Display: Creating Master Submix 'MasterSubmixDefault'
[2021.02.06-01.54.14:806][  0]LogAudioMixer: Display: Creating Master Submix 'MasterReverbSubmixDefault'
[2021.02.06-01.54.14:808][  0]LogAudioMixer: Display: Creating Master Submix 'MasterEQSubmixDefault'
[2021.02.06-01.54.14:808][  0]LogInit: FAudioDevice initialized.
[2021.02.06-01.54.14:809][  0]LogNetVersion: Set ProjectVersion to 1.0.0.0. Version Checksum will be recalculated on next use.
[2021.02.06-01.54.14:848][  0]LogDerivedDataCache: Saved boot cache 0.04s 79MB C:/Users/hunte/AppData/Local/UnrealEngine/4.25/DerivedDataCache/Boot.ddc.
[2021.02.06-01.54.14:848][  0]LogInit: Texture streaming: Enabled
[2021.02.06-01.54.14:867][  0]LogEngineSessionManager: EngineSessionManager initialized
[2021.02.06-01.54.14:867][  0]LogEditorSessionSummary: Verbose: Initializing EditorSessionSummaryWriter for editor session tracking
[2021.02.06-01.54.14:868][  0]LogEditorSessionSummary: EditorSessionSummaryWriter initialized
[2021.02.06-01.54.14:910][  0]LogInit: Transaction tracking system initialized
[2021.02.06-01.54.14:942][  0]BlueprintLog: New page: Editor Load
[2021.02.06-01.54.15:059][  0]LocalizationService: Localization service is disabled
[2021.02.06-01.54.15:251][  0]LogCook: Display: Max memory allowance for cook 16384mb min free memory 0mb
[2021.02.06-01.54.15:252][  0]LogCook: Display: Mobile HDR setting 1
[2021.02.06-01.54.15:411][  0]LogFileCache: Scanning file cache for directory 'C:/Users/hunte/Documents/Unreal Projects/FPSGame/Content/' took 0.00s
[2021.02.06-01.54.15:578][  0]SourceControl: Source control is disabled
[2021.02.06-01.54.15:578][  0]LogUnrealEdMisc: Loading editor; pre map load, took 8.994
[2021.02.06-01.54.15:579][  0]Cmd: MAP LOAD FILE="../../../../../../Users/hunte/Documents/Unreal Projects/FPSGame/Content/FirstPersonCPP/Maps/FirstPersonExampleMap.umap" TEMPLATE=0 SHOWPROGRESS=1 FEATURELEVEL=3
[2021.02.06-01.54.15:579][  0]LightingResults: New page: Lighting Build
[2021.02.06-01.54.15:583][  0]LogWorld: UWorld::CleanupWorld for Untitled, bSessionEnded=true, bCleanupResources=true
[2021.02.06-01.54.15:583][  0]LogSlate: InvalidateAllWidgets triggered.  All widgets were invalidated
[2021.02.06-01.54.15:583][  0]MapCheck: New page: Map Check
[2021.02.06-01.54.15:583][  0]LightingResults: New page: Lighting Build
[2021.02.06-01.54.15:595][  0]LogAISub: UAISubsystem::~UAISubsystem EnvQueryManager (000001DC0B9F5A00), frame # 0
[2021.02.06-01.54.15:595][  0]LogAISub: UAISubsystem::~UAISubsystem AIPerceptionSystem (000001DC0BA1E340), frame # 0
[2021.02.06-01.54.15:596][  0]LogUObjectHash: Compacting FUObjectHashTables data took   0.70ms
[2021.02.06-01.54.15:826][  0]LogAIModule: Creating AISystem for world FirstPersonExampleMap
[2021.02.06-01.54.15:827][  0]LogAISub: UAISubsystem::UAISubsystem EnvQueryManager (000001DC147DD000), frame # 0
[2021.02.06-01.54.15:827][  0]LogAISub: UAISubsystem::UAISubsystem AIPerceptionSystem (000001DC0BDA2FC0), frame # 0
[2021.02.06-01.54.15:892][  0]LogEditorServer: Finished looking for orphan Actors (0.000 secs)
[2021.02.06-01.54.15:906][  0]LogUObjectHash: Compacting FUObjectHashTables data took   0.82ms
[2021.02.06-01.54.15:906][  0]Cmd: MAP CHECKDEP NOCLEARLOG
[2021.02.06-01.54.15:906][  0]MapCheck: Map check complete: 0 Error(s), 0 Warning(s), took 0.257ms to complete.
[2021.02.06-01.54.15:906][  0]LogFileHelpers: Loading map 'FirstPersonExampleMap' took 0.328
[2021.02.06-01.54.15:921][  0]LogUnrealEdMisc: Total Editor Startup Time, took 9.337
[2021.02.06-01.54.16:069][  0]LogSlate: Updating window title bar state: overlay mode, drag disabled, window buttons hidden, title bar hidden
[2021.02.06-01.54.16:075][  0]LogSlate: Updating window title bar state: overlay mode, drag disabled, window buttons hidden, title bar hidden
[2021.02.06-01.54.16:081][  0]LogSlate: Updating window title bar state: overlay mode, drag disabled, window buttons hidden, title bar hidden
[2021.02.06-01.54.16:086][  0]LogSlate: Updating window title bar state: overlay mode, drag disabled, window buttons hidden, title bar hidden
[2021.02.06-01.54.16:098][  0]LogCollectionManager: Loaded 0 collections in 0.002046 seconds
[2021.02.06-01.54.16:122][  0]LogFileCache: Scanning file cache for directory 'C:/Users/hunte/Documents/Unreal Projects/FPSGame/Saved/Collections/' took 0.00s
[2021.02.06-01.54.16:122][  0]LogFileCache: Scanning file cache for directory 'C:/Users/hunte/Documents/Unreal Projects/FPSGame/Content/Developers/hunte/Collections/' took 0.00s
[2021.02.06-01.54.16:122][  0]LogFileCache: Scanning file cache for directory 'C:/Users/hunte/Documents/Unreal Projects/FPSGame/Content/Collections/' took 0.00s
[2021.02.06-01.54.16:122][  0]LogContentBrowser: Native class hierarchy populated in 0.0097 seconds. Added 3433 classes and 823 folders.
[2021.02.06-01.54.16:128][  0]LogContentBrowser: Native class hierarchy updated for 'WidgetCarousel' in 0.0003 seconds. Added 0 classes and 0 folders.
[2021.02.06-01.54.16:204][  0]LogContentBrowser: Native class hierarchy updated for 'AddContentDialog' in 0.0003 seconds. Added 0 classes and 0 folders.
[2021.02.06-01.54.16:233][  0]LogContentBrowser: Native class hierarchy updated for 'SceneOutliner' in 0.0003 seconds. Added 2 classes and 0 folders.
[2021.02.06-01.54.16:266][  0]LogSlate: Took 0.000449 seconds to synchronously load lazily loaded font '../../../Engine/Content/Slate/Fonts/Roboto-Regular.ttf' (155K)
[2021.02.06-01.54.16:268][  0]LogSlate: Took 0.000609 seconds to synchronously load lazily loaded font '../../../Engine/Content/Slate/Fonts/Roboto-Bold.ttf' (160K)
[2021.02.06-01.54.16:272][  0]LogSlate: Took 0.000353 seconds to synchronously load lazily loaded font '../../../Engine/Content/Editor/Slate/Fonts/FontAwesome.ttf' (139K)
[2021.02.06-01.54.16:355][  0]LogRenderer: Reallocating scene render targets to support 1272x592 Format 10 NumSamples 1 (Frame:1).
[2021.02.06-01.54.16:745][  0]LogContentBrowser: Native class hierarchy updated for 'HierarchicalLODOutliner' in 0.0004 seconds. Added 0 classes and 0 folders.
[2021.02.06-01.54.16:745][  0]LogLoad: (Engine Initialization) Total time: 10.16 seconds
[2021.02.06-01.54.16:745][  0]LogLoad: (Engine Initialization) Total Blueprint compile time: 0.00 seconds
[2021.02.06-01.54.16:778][  0]LogAssetRegistry: Asset discovery search completed in 4.5577 seconds
[2021.02.06-01.54.16:781][  0]LogCollectionManager: Fixed up redirectors for 0 collections in 0.000001 seconds (updated 0 objects)
[2021.02.06-01.54.16:783][  0]LogContentStreaming: Texture pool size now 1000 MB
[2021.02.06-01.54.16:807][  0]LogSlate: Took 0.000604 seconds to synchronously load lazily loaded font '../../../Engine/Content/Slate/Fonts/Roboto-Light.ttf' (167K)
[2021.02.06-01.54.18:231][ 28]LogSlate: Took 0.000162 seconds to synchronously load lazily loaded font '../../../Engine/Content/Slate/Fonts/Roboto-Light.ttf' (167K)
[2021.02.06-01.54.26:673][203]LogRenderer: Reallocating scene render targets to support 1272x620 Format 10 NumSamples 1 (Frame:182).
[2021.02.06-01.54.51:168][722]LogAssetEditorSubsystem: Opening Asset editor for WidgetBlueprint /Game/FirstPerson/Blueprints/HUD.HUD
[2021.02.06-01.54.51:359][722]LogContentBrowser: Native class hierarchy updated for 'BlueprintGraph' in 0.0006 seconds. Added 125 classes and 0 folders.
[2021.02.06-01.54.52:101][722]LogAssetEditorSubsystem: Opening Asset editor for Blueprint /Game/FirstPerson/Blueprints/Interactables/Checkpoint.Checkpoint
[2021.02.06-01.54.52:401][722]LogAssetEditorSubsystem: Opening Asset editor for Blueprint /Game/FirstPerson/Blueprints/Interactables/SpawnPoint.SpawnPoint
[2021.02.06-01.54.52:945][722]LogSlate: Took 0.000508 seconds to synchronously load lazily loaded font '../../../Engine/Content/Slate/Fonts/Roboto-BoldCondensed.ttf' (158K)
[2021.02.06-02.04.00:632][872]LogAssetEditorSubsystem: Opening Asset editor for Blueprint /Game/FirstPerson/Character/FPSCharacter.FPSCharacter
[2021.02.06-02.04.11:486][  5]LogSlate: Window 'Event Graph' being destroyed
[2021.02.06-02.04.31:695][359]LogEditorTransaction: Undo Add Node
[2021.02.06-02.05.26:929][510]LogHotReload: New module detected: UE4Editor-FPSGame-0039.dll
[2021.02.06-02.05.52:441][586]LogUObjectHash: Compacting FUObjectHashTables data took   3.75ms
[2021.02.06-02.05.52:442][586]LogFileHelpers: Editor autosave (incl. sublevels) for '/Game/FirstPersonCPP/Maps/FirstPersonExampleMap' took 0.049
[2021.02.06-02.05.52:443][586]OBJ SavePackage: Generating thumbnails for [0] asset(s) in package [/Game/FirstPerson/Character/FPSCharacter] ([1] browsable assets)...
[2021.02.06-02.05.52:443][586]OBJ SavePackage: Finished generating thumbnails for package [/Game/FirstPerson/Character/FPSCharacter]
[2021.02.06-02.05.52:454][586]LogSavePackage: Moving '../../../../../../Users/hunte/Documents/Unreal Projects/FPSGame/Saved/FPSCharacter_Auto1913F60FD481D678C0C08D88D4288D887.tmp' to '../../../../../../Users/hunte/Documents/Unreal Projects/FPSGame/Saved/Autosaves/Game/FirstPerson/Character/FPSCharacter_Auto1.uasset'
[2021.02.06-02.05.52:454][586]LogFileHelpers: Auto-saving content packages took 0.012
[2021.02.06-02.06.11:755][644]LogHotReload: New module detected: UE4Editor-FPSGame-0040.dll
[2021.02.06-02.06.12:101][646]LogHotReload: Starting Hot-Reload from IDE
[2021.02.06-02.06.12:132][646]LogClass: Could not find existing class FPSGameCharacter in package /Script/FPSGame for HotReload, assuming new class
[2021.02.06-02.06.12:132][646]LogClass: Function Die is new.
[2021.02.06-02.06.12:132][646]LogClass: Function Respawn is new.
[2021.02.06-02.06.12:132][646]LogClass: Function SetNewSpawnLoc is new.
[2021.02.06-02.06.12:132][646]LogClass: Function TakeDamage is new.
[2021.02.06-02.06.12:150][646]LogHotReload: Re-instancing FPSGameCharacter after hot-reload.
[2021.02.06-02.06.12:334][646]LogContentBrowser: Native class hierarchy updated for 'FPSGame' in 0.0003 seconds. Added 6 classes and 2 folders.
[2021.02.06-02.06.12:337][646]Display: HotReload successful (2 functions remapped  0 scriptstructs remapped)
[2021.02.06-02.06.12:401][646]LogContentBrowser: Native class hierarchy populated in 0.0083 seconds. Added 3433 classes and 823 folders.
[2021.02.06-02.06.12:404][646]Display: HotReload took  0.3s.
[2021.02.06-02.06.16:869][662]Candidate modules for hot reload:
[2021.02.06-02.06.16:869][662]  FPSGame
[2021.02.06-02.06.16:869][662]Launching UnrealBuildTool... [C:/Program Files/Epic Games/UE_4.25/Engine/Binaries/DotNET/UnrealBuildTool.exe  -ModuleWithSuffix=FPSGame,8692 FPSGameEditor Win64 Development -Project="C:/Users/hunte/Documents/Unreal Projects/FPSGame/FPSGame.uproject" "C:/Users/hunte/Documents/Unreal Projects/FPSGame/FPSGame.uproject"  -IgnoreJunk]
[2021.02.06-02.06.16:871][662]Warning: Starting HotReload took  0.0s.
[2021.02.06-02.06.17:939][744]CompilerResultsLog: New page: Compilation - Feb 5, 2021, 10:06:17 AM
[2021.02.06-02.06.17:939][744]CompilerResultsLog: Building FPSGameEditor...
[2021.02.06-02.06.17:939][744]CompilerResultsLog: Using Visual Studio 2019 14.27.29110 toolchain (C:\Program Files (x86)\Microsoft Visual Studio\2019\Community\VC\Tools\MSVC\14.27.29110) and Windows 10.0.18362.0 SDK (C:\Program Files (x86)\Windows Kits\10).
[2021.02.06-02.06.17:939][744]CompilerResultsLog: Building 3 actions with 12 processes...
[2021.02.06-02.06.17:939][744]CompilerResultsLog:   [1/3] UE4Editor-FPSGame-8692.lib
[2021.02.06-02.06.17:939][744]CompilerResultsLog:      Creating library C:\Users\hunte\Documents\Unreal Projects\FPSGame\Intermediate\Build\Win64\UE4Editor\Development\FPSGame\UE4Editor-FPSGame-8692.lib and object C:\Users\hunte\Documents\Unreal Projects\FPSGame\Intermediate\Build\Win64\UE4Editor\Development\FPSGame\UE4Editor-FPSGame-8692.exp
[2021.02.06-02.06.17:939][744]CompilerResultsLog:   [2/3] UE4Editor-FPSGame-8692.dll
[2021.02.06-02.06.17:939][744]CompilerResultsLog:      Creating library C:\Users\hunte\Documents\Unreal Projects\FPSGame\Intermediate\Build\Win64\UE4Editor\Development\FPSGame\UE4Editor-FPSGame-8692.suppressed.lib and object C:\Users\hunte\Documents\Unreal Projects\FPSGame\Intermediate\Build\Win64\UE4Editor\Development\FPSGame\UE4Editor-FPSGame-8692.suppressed.exp
[2021.02.06-02.06.17:939][744]CompilerResultsLog:   [3/3] FPSGameEditor.target
[2021.02.06-02.06.17:939][744]CompilerResultsLog: Total time in Parallel executor: 0.52 seconds
[2021.02.06-02.06.17:939][744]CompilerResultsLog: Total execution time: 1.00 seconds
[2021.02.06-02.06.17:939][744]LogMainFrame: MainFrame: Module compiling took 1.073 seconds
[2021.02.06-02.06.17:965][744]LogContentBrowser: Native class hierarchy updated for 'FPSGame' in 0.0003 seconds. Added 6 classes and 2 folders.
[2021.02.06-02.06.17:970][744]Display: HotReload successful (6 functions remapped  0 scriptstructs remapped)
[2021.02.06-02.06.18:036][744]LogContentBrowser: Native class hierarchy populated in 0.0081 seconds. Added 3433 classes and 823 folders.
[2021.02.06-02.06.18:037][744]Display: HotReload took  1.2s.
[2021.02.06-02.08.13:013][776]LogHotReload: New module detected: UE4Editor-FPSGame-0042.dll
[2021.02.06-02.08.13:359][778]LogHotReload: Starting Hot-Reload from IDE
[2021.02.06-02.08.13:395][778]LogClass: Could not find existing class FPSGameCharacter in package /Script/FPSGame for HotReload, assuming new class
[2021.02.06-02.08.13:395][778]LogClass: Function Die is new.
[2021.02.06-02.08.13:395][778]LogClass: Function Respawn is new.
[2021.02.06-02.08.13:395][778]LogClass: Function SetNewSpawnLoc is new.
[2021.02.06-02.08.13:395][778]LogClass: Function TakeDamage is new.
[2021.02.06-02.08.13:416][778]LogHotReload: Re-instancing FPSGameCharacter after hot-reload.
[2021.02.06-02.08.13:598][778]LogContentBrowser: Native class hierarchy updated for 'FPSGame' in 0.0004 seconds. Added 6 classes and 2 folders.
[2021.02.06-02.08.13:604][778]Display: HotReload successful (2 functions remapped  0 scriptstructs remapped)
[2021.02.06-02.08.13:687][778]LogContentBrowser: Native class hierarchy populated in 0.0082 seconds. Added 3433 classes and 823 folders.
[2021.02.06-02.08.13:690][778]Display: HotReload took  0.3s.
[2021.02.06-02.08.15:102][782]Candidate modules for hot reload:
[2021.02.06-02.08.15:102][782]  FPSGame
[2021.02.06-02.08.15:102][782]Launching UnrealBuildTool... [C:/Program Files/Epic Games/UE_4.25/Engine/Binaries/DotNET/UnrealBuildTool.exe  -ModuleWithSuffix=FPSGame,9676 FPSGameEditor Win64 Development -Project="C:/Users/hunte/Documents/Unreal Projects/FPSGame/FPSGame.uproject" "C:/Users/hunte/Documents/Unreal Projects/FPSGame/FPSGame.uproject"  -IgnoreJunk]
[2021.02.06-02.08.15:104][782]Warning: Starting HotReload took  0.0s.
[2021.02.06-02.08.16:190][893]CompilerResultsLog: New page: Compilation - Feb 5, 2021, 10:08:16 AM
[2021.02.06-02.08.16:190][893]CompilerResultsLog: Building FPSGameEditor...
[2021.02.06-02.08.16:190][893]CompilerResultsLog: Using Visual Studio 2019 14.27.29110 toolchain (C:\Program Files (x86)\Microsoft Visual Studio\2019\Community\VC\Tools\MSVC\14.27.29110) and Windows 10.0.18362.0 SDK (C:\Program Files (x86)\Windows Kits\10).
[2021.02.06-02.08.16:190][893]CompilerResultsLog: Building 3 actions with 12 processes...
[2021.02.06-02.08.16:190][893]CompilerResultsLog:   [1/3] UE4Editor-FPSGame-9676.lib
[2021.02.06-02.08.16:190][893]CompilerResultsLog:      Creating library C:\Users\hunte\Documents\Unreal Projects\FPSGame\Intermediate\Build\Win64\UE4Editor\Development\FPSGame\UE4Editor-FPSGame-9676.lib and object C:\Users\hunte\Documents\Unreal Projects\FPSGame\Intermediate\Build\Win64\UE4Editor\Development\FPSGame\UE4Editor-FPSGame-9676.exp
[2021.02.06-02.08.16:190][893]CompilerResultsLog:   [2/3] UE4Editor-FPSGame-9676.dll
[2021.02.06-02.08.16:190][893]CompilerResultsLog:      Creating library C:\Users\hunte\Documents\Unreal Projects\FPSGame\Intermediate\Build\Win64\UE4Editor\Development\FPSGame\UE4Editor-FPSGame-9676.suppressed.lib and object C:\Users\hunte\Documents\Unreal Projects\FPSGame\Intermediate\Build\Win64\UE4Editor\Development\FPSGame\UE4Editor-FPSGame-9676.suppressed.exp
[2021.02.06-02.08.16:190][893]CompilerResultsLog:   [3/3] FPSGameEditor.target
[2021.02.06-02.08.16:190][893]CompilerResultsLog: Total time in Parallel executor: 0.54 seconds
[2021.02.06-02.08.16:190][893]CompilerResultsLog: Total execution time: 1.03 seconds
[2021.02.06-02.08.16:190][893]LogMainFrame: MainFrame: Module compiling took 1.091 seconds
[2021.02.06-02.08.16:202][893]LogOutputDevice: Warning: 

Script Stack (0 frames):

[2021.02.06-02.08.16:202][893]LogWindows: Windows GetLastError: The operation completed successfully. (0)
[2021.02.06-02.08.22:358][893]LogWindows: Error: === Critical error: ===
[2021.02.06-02.08.22:358][893]LogWindows: Error: 
[2021.02.06-02.08.22:358][893]LogWindows: Error: Fatal error: [File:D:/Build/++UE4/Sync/Engine/Source/Runtime/CoreUObject/Private/UObject/UObjectGlobals.cpp] [Line: 2335] 
[2021.02.06-02.08.22:358][893]LogWindows: Error: Objects have the same fully qualified name but different paths.
[2021.02.06-02.08.22:358][893]LogWindows: Error: 	New Object: FPSGameCharacter /Engine/Transient.Default__FPSGameCharacter
[2021.02.06-02.08.22:358][893]LogWindows: Error: 	Existing Object: HOTRELOADED_FPSGameCharacter_1 /Engine/Transient.Default__FPSGameCharacter
[2021.02.06-02.08.22:358][893]LogWindows: Error: 
[2021.02.06-02.08.22:358][893]LogWindows: Error: 
[2021.02.06-02.08.22:358][893]LogWindows: Error: [Callstack] 0x00007ffa4df83e49 KERNELBASE.dll!UnknownFunction []
[2021.02.06-02.08.22:358][893]LogWindows: Error: [Callstack] 0x00007ff9e61eec66 UE4Editor-Core.dll!ReportAssert() [D:\Build\++UE4\Sync\Engine\Source\Runtime\Core\Private\Windows\WindowsPlatformCrashContext.cpp:1541]
[2021.02.06-02.08.22:358][893]LogWindows: Error: [Callstack] 0x00007ff9e61f2048 UE4Editor-Core.dll!FWindowsErrorOutputDevice::Serialize() [D:\Build\++UE4\Sync\Engine\Source\Runtime\Core\Private\Windows\WindowsErrorOutputDevice.cpp:78]
[2021.02.06-02.08.22:358][893]LogWindows: Error: [Callstack] 0x00007ff9e5f7e52d UE4Editor-Core.dll!FOutputDevice::LogfImpl() [D:\Build\++UE4\Sync\Engine\Source\Runtime\Core\Private\Misc\OutputDevice.cpp:61]
[2021.02.06-02.08.22:358][893]LogWindows: Error: [Callstack] 0x00007ff9faf9dfca UE4Editor-CoreUObject.dll!StaticAllocateObject() [D:\Build\++UE4\Sync\Engine\Source\Runtime\CoreUObject\Private\UObject\UObjectGlobals.cpp:2330]
[2021.02.06-02.08.22:358][893]LogWindows: Error: [Callstack] 0x00007ffa15ba9ffc UE4Editor-FPSGame-9676.dll!InternalVTableHelperCtorCaller<AFPSGameCharacter>() [C:\Program Files\Epic Games\UE_4.25\Engine\Source\Runtime\CoreUObject\Public\UObject\Class.h:3273]
[2021.02.06-02.08.22:358][893]LogWindows: Error: [Callstack] 0x00007ff9fad0f34b UE4Editor-CoreUObject.dll!UClass::HotReloadPrivateStaticClass() [D:\Build\++UE4\Sync\Engine\Source\Runtime\CoreUObject\Private\UObject\Class.cpp:5006]
[2021.02.06-02.08.22:358][893]LogWindows: Error: [Callstack] 0x00007ff9fad0c13d UE4Editor-CoreUObject.dll!GetPrivateStaticClassBody() [D:\Build\++UE4\Sync\Engine\Source\Runtime\CoreUObject\Private\UObject\Class.cpp:5390]
[2021.02.06-02.08.22:358][893]LogWindows: Error: [Callstack] 0x00007ffa15ba9cfb UE4Editor-FPSGame-9676.dll!AFPSGameCharacter::StaticClass() [C:\Users\hunte\Documents\Unreal Projects\FPSGame\Source\FPSGame\FPSGameCharacter.h:12]
[2021.02.06-02.08.22:358][893]LogWindows: Error: [Callstack] 0x00007ffa15ba9f4f UE4Editor-FPSGame-9676.dll!TClassCompiledInDefer<AFPSGameCharacter>::Register() [C:\Program Files\Epic Games\UE_4.25\Engine\Source\Runtime\CoreUObject\Public\UObject\UObjectBase.h:288]
[2021.02.06-02.08.22:359][893]LogWindows: Error: [Callstack] 0x00007ff9fafa64a3 UE4Editor-CoreUObject.dll!UClassRegisterAllCompiledInClasses() [D:\Build\++UE4\Sync\Engine\Source\Runtime\CoreUObject\Private\UObject\UObjectBase.cpp:755]
[2021.02.06-02.08.22:359][893]LogWindows: Error: [Callstack] 0x00007ff9faf85b6e UE4Editor-CoreUObject.dll!ProcessNewlyLoadedUObjects() [D:\Build\++UE4\Sync\Engine\Source\Runtime\CoreUObject\Private\UObject\UObjectBase.cpp:939]
[2021.02.06-02.08.22:359][893]LogWindows: Error: [Callstack] 0x00007ff9faea4465 UE4Editor-CoreUObject.dll!TBaseStaticDelegateInstance<void __cdecl(FName,bool)>::ExecuteIfSafe() [D:\Build\++UE4\Sync\Engine\Source\Runtime\Core\Public\Delegates\DelegateInstancesImpl.h:859]
[2021.02.06-02.08.22:359][893]LogWindows: Error: [Callstack] 0x00007ff9e5fb986a UE4Editor-Core.dll!TBaseMulticastDelegate<void,FName,bool>::Broadcast() [D:\Build\++UE4\Sync\Engine\Source\Runtime\Core\Public\Delegates\DelegateSignatureImpl.inl:1013]
[2021.02.06-02.08.22:359][893]LogWindows: Error: [Callstack] 0x00007ff9e5fd99f0 UE4Editor-Core.dll!FModuleManager::LoadModuleWithFailureReason() [D:\Build\++UE4\Sync\Engine\Source\Runtime\Core\Private\Modules\ModuleManager.cpp:500]
[2021.02.06-02.08.22:359][893]LogWindows: Error: [Callstack] 0x00007ff9e5fd8b08 UE4Editor-Core.dll!FModuleManager::LoadModule() [D:\Build\++UE4\Sync\Engine\Source\Runtime\Core\Private\Modules\ModuleManager.cpp:334]
[2021.02.06-02.08.22:359][893]LogWindows: Error: [Callstack] 0x00007ff9c069b9b2 UE4Editor-HotReload.dll!FHotReloadModule::DoHotReloadInternal() [D:\Build\++UE4\Sync\Engine\Source\Developer\HotReload\Private\HotReload.cpp:799]
[2021.02.06-02.08.22:359][893]LogWindows: Error: [Callstack] 0x00007ff9c0699617 UE4Editor-HotReload.dll!UE4Function_Private::TFunctionRefCaller<<lambda_d85446a946c3f6776c68ebfeb93e5785>,void __cdecl(TMap<FName,FString,FDefaultSetAllocator,TDefaultMapHashableKeyFuncs<FName,FString,0> > const &,bool,enum ECompilationResult::Type)>::Call() [D:\Build\++UE4\Sync\Engine\Source\Runtime\Core\Public\Templates\Function.h:549]
[2021.02.06-02.08.22:359][893]LogWindows: Error: [Callstack] 0x00007ff9c069a1ad UE4Editor-HotReload.dll!FHotReloadModule::CheckForFinishedModuleDLLCompile() [D:\Build\++UE4\Sync\Engine\Source\Developer\HotReload\Private\HotReload.cpp:1865]
[2021.02.06-02.08.22:359][893]LogWindows: Error: [Callstack] 0x00007ff9c06ac057 UE4Editor-HotReload.dll!FHotReloadModule::Tick() [D:\Build\++UE4\Sync\Engine\Source\Developer\HotReload\Private\HotReload.cpp:1427]
[2021.02.06-02.08.22:359][893]LogWindows: Error: [Callstack] 0x00007ff9e5d3d0a9 UE4Editor-Core.dll!FTicker::Tick() [D:\Build\++UE4\Sync\Engine\Source\Runtime\Core\Private\Containers\Ticker.cpp:95]
[2021.02.06-02.08.22:359][893]LogWindows: Error: [Callstack] 0x00007ff71cb5a213 UE4Editor.exe!FEngineLoop::Tick() [D:\Build\++UE4\Sync\Engine\Source\Runtime\Launch\Private\LaunchEngineLoop.cpp:5051]
[2021.02.06-02.08.22:359][893]LogWindows: Error: [Callstack] 0x00007ff71cb6ba7c UE4Editor.exe!GuardedMain() [D:\Build\++UE4\Sync\Engine\Source\Runtime\Launch\Private\Launch.cpp:169]
[2021.02.06-02.08.22:359][893]LogWindows: Error: [Callstack] 0x00007ff71cb6bb5a UE4Editor.exe!GuardedMainWrapper() [D:\Build\++UE4\Sync\Engine\Source\Runtime\Launch\Private\Windows\LaunchWindows.cpp:137]
[2021.02.06-02.08.22:359][893]LogWindows: Error: [Callstack] 0x00007ff71cb7e31d UE4Editor.exe!WinMain() [D:\Build\++UE4\Sync\Engine\Source\Runtime\Launch\Private\Windows\LaunchWindows.cpp:268]
[2021.02.06-02.08.22:359][893]LogWindows: Error: [Callstack] 0x00007ff71cb8145a UE4Editor.exe!__scrt_common_main_seh() [d:\agent\_work\5\s\src\vctools\crt\vcstartup\src\startup\exe_common.inl:288]
[2021.02.06-02.08.22:359][893]LogWindows: Error: [Callstack] 0x00007ffa4f1d6fd4 KERNEL32.DLL!UnknownFunction []
[2021.02.06-02.08.22:359][893]LogWindows: Error: [Callstack] 0x00007ffa5063cec1 ntdll.dll!UnknownFunction []
[2021.02.06-02.08.22:359][893]LogWindows: Error: 
[2021.02.06-02.08.22:374][893]LogExit: Executing StaticShutdownAfterError
[2021.02.06-02.08.22:380][893]LogWindows: FPlatformMisc::RequestExit(1)
[2021.02.06-02.08.22:380][893]LogCore: Engine exit requested (reason: Win RequestExit)
[2021.02.06-02.08.22:389][893]Log file closed, 02/05/21 18:08:22
